{"session":"555f37192190","build":"183.4886.37","bucket":"-1","time":1572866383044,"group":{"id":"system.os.name","version":"9"},"event":{"data":{"created":1572866383045},"id":"Mac.OS.X"}}
{"session":"555f37192190","build":"183.4886.37","bucket":"-1","time":1572866383044,"group":{"id":"system.os.version","version":"9"},"event":{"data":{"created":1572866383055},"id":"10.13.6"}}
{"session":"555f37192190","build":"183.4886.37","bucket":"-1","time":1572866383044,"group":{"id":"system.jvm.vendor","version":"9"},"event":{"data":{"created":1572866383063},"id":"JetBrains_s.r.o"}}
{"session":"555f37192190","build":"183.4886.37","bucket":"-1","time":1572866383044,"group":{"id":"system.jvm.version","version":"9"},"event":{"data":{"created":1572866383063},"id":"1.8"}}
{"session":"555f37192190","build":"183.4886.37","bucket":"-1","time":1572866383048,"group":{"id":"settings","version":"9"},"event":{"data":{"created":1572866383064,"name":"activeMruEditorOnClose","value":false},"id":"UISettings"}}
{"session":"555f37192190","build":"183.4886.37","bucket":"-1","time":1572866383049,"group":{"id":"settings","version":"9"},"event":{"data":{"created":1572866383064,"name":"activeRightEditorOnClose","value":false},"id":"UISettings"}}
{"session":"555f37192190","build":"183.4886.37","bucket":"-1","time":1572866383049,"group":{"id":"settings","version":"9"},"event":{"data":{"created":1572866383065,"name":"allowMergeButtons","value":true},"id":"UISettings"}}
{"session":"555f37192190","build":"183.4886.37","bucket":"-1","time":1572866383049,"group":{"id":"settings","version":"9"},"event":{"data":{"created":1572866383065,"name":"alwaysShowWindowsButton","value":false},"id":"UISettings"}}
{"session":"555f37192190","build":"183.4886.37","bucket":"-1","time":1572866383049,"group":{"id":"settings","version":"9"},"event":{"data":{"created":1572866383066,"name":"animateWindows","value":true},"id":"UISettings"}}
{"session":"555f37192190","build":"183.4886.37","bucket":"-1","time":1572866383049,"group":{"id":"settings","version":"9"},"event":{"data":{"created":1572866383066,"name":"closeNonModifiedFilesFirst","value":false},"id":"UISettings"}}
{"session":"555f37192190","build":"183.4886.37","bucket":"-1","time":1572866383049,"group":{"id":"settings","version":"9"},"event":{"data":{"created":1572866383067,"name":"closeTabButtonOnTheRight","value":true},"id":"UISettings"}}
{"session":"555f37192190","build":"183.4886.37","bucket":"-1","time":1572866383049,"group":{"id":"settings","version":"9"},"event":{"data":{"created":1572866383067,"name":"cycleScrolling","value":true},"id":"UISettings"}}
{"session":"555f37192190","build":"183.4886.37","bucket":"-1","time":1572866383049,"group":{"id":"settings","version":"9"},"event":{"data":{"created":1572866383068,"name":"defaultAutoScrollToSource","value":false},"id":"UISettings"}}
{"session":"555f37192190","build":"183.4886.37","bucket":"-1","time":1572866383049,"group":{"id":"settings","version":"9"},"event":{"data":{"created":1572866383068,"name":"disableMnemonics","value":true},"id":"UISettings"}}
{"session":"555f37192190","build":"183.4886.37","bucket":"-1","time":1572866383049,"group":{"id":"settings","version":"9"},"event":{"data":{"created":1572866383069,"name":"disableMnemonicsInControls","value":false},"id":"UISettings"}}
{"session":"555f37192190","build":"183.4886.37","bucket":"-1","time":1572866383049,"group":{"id":"settings","version":"9"},"event":{"data":{"created":1572866383069,"name":"dndWithPressedAltOnly","value":false},"id":"UISettings"}}
{"session":"555f37192190","build":"183.4886.37","bucket":"-1","time":1572866383049,"group":{"id":"settings","version":"9"},"event":{"data":{"created":1572866383070,"name":"enableAlphaMode","value":false},"id":"UISettings"}}
{"session":"555f37192190","build":"183.4886.37","bucket":"-1","time":1572866383049,"group":{"id":"settings","version":"9"},"event":{"data":{"created":1572866383070,"name":"hideKnownExtensionInTabs","value":false},"id":"UISettings"}}
{"session":"555f37192190","build":"183.4886.37","bucket":"-1","time":1572866383049,"group":{"id":"settings","version":"9"},"event":{"data":{"created":1572866383071,"name":"hideNavigationOnFocusLoss","value":true},"id":"UISettings"}}
{"session":"555f37192190","build":"183.4886.37","bucket":"-1","time":1572866383049,"group":{"id":"settings","version":"9"},"event":{"data":{"created":1572866383071,"name":"hideTabsIfNeed","value":true},"id":"UISettings"}}
{"session":"555f37192190","build":"183.4886.37","bucket":"-1","time":1572866383049,"group":{"id":"settings","version":"9"},"event":{"data":{"created":1572866383072,"name":"hideToolStripes","value":false},"id":"UISettings"}}
{"session":"555f37192190","build":"183.4886.37","bucket":"-1","time":1572866383049,"group":{"id":"settings","version":"9"},"event":{"data":{"created":1572866383072,"name":"leftHorizontalSplit","value":false},"id":"UISettings"}}
{"session":"555f37192190","build":"183.4886.37","bucket":"-1","time":1572866383049,"group":{"id":"settings","version":"9"},"event":{"data":{"created":1572866383073,"name":"markModifiedTabsWithAsterisk","value":false},"id":"UISettings"}}
{"session":"555f37192190","build":"183.4886.37","bucket":"-1","time":1572866383049,"group":{"id":"settings","version":"9"},"event":{"data":{"created":1572866383073,"name":"mergeEqualStackTraces","value":true},"id":"UISettings"}}
{"session":"555f37192190","build":"183.4886.37","bucket":"-1","time":1572866383049,"group":{"id":"settings","version":"9"},"event":{"data":{"created":1572866383073,"name":"moveMouseOnDefaultButton","value":false},"id":"UISettings"}}
{"session":"555f37192190","build":"183.4886.37","bucket":"-1","time":1572866383049,"group":{"id":"settings","version":"9"},"event":{"data":{"created":1572866383074,"name":"navigateToPreview","value":false},"id":"UISettings"}}
{"session":"555f37192190","build":"183.4886.37","bucket":"-1","time":1572866383049,"group":{"id":"settings","version":"9"},"event":{"data":{"created":1572866383074,"name":"overrideConsoleCycleBufferSize","value":false},"id":"UISettings"}}
{"session":"555f37192190","build":"183.4886.37","bucket":"-1","time":1572866383049,"group":{"id":"settings","version":"9"},"event":{"data":{"created":1572866383075,"name":"overrideLafFonts","value":false},"id":"UISettings"}}
{"session":"555f37192190","build":"183.4886.37","bucket":"-1","time":1572866383049,"group":{"id":"settings","version":"9"},"event":{"data":{"created":1572866383075,"name":"pinFindInPath","value":false},"id":"UISettings"}}
{"session":"555f37192190","build":"183.4886.37","bucket":"-1","time":1572866383049,"group":{"id":"settings","version":"9"},"event":{"data":{"created":1572866383075,"name":"presentationMode","value":false},"id":"UISettings"}}
{"session":"555f37192190","build":"183.4886.37","bucket":"-1","time":1572866383049,"group":{"id":"settings","version":"9"},"event":{"data":{"created":1572866383076,"name":"reuseNotModifiedTabs","value":false},"id":"UISettings"}}
{"session":"555f37192190","build":"183.4886.37","bucket":"-1","time":1572866383049,"group":{"id":"settings","version":"9"},"event":{"data":{"created":1572866383076,"name":"rightHorizontalSplit","value":false},"id":"UISettings"}}
{"session":"555f37192190","build":"183.4886.37","bucket":"-1","time":1572866383049,"group":{"id":"settings","version":"9"},"event":{"data":{"created":1572866383076,"name":"scrollTabLayoutInEditor","value":true},"id":"UISettings"}}
{"session":"555f37192190","build":"183.4886.37","bucket":"-1","time":1572866383049,"group":{"id":"settings","version":"9"},"event":{"data":{"created":1572866383077,"name":"showCloseButton","value":true},"id":"UISettings"}}
{"session":"555f37192190","build":"183.4886.37","bucket":"-1","time":1572866383049,"group":{"id":"settings","version":"9"},"event":{"data":{"created":1572866383077,"name":"showDirectoryForNonUniqueFilenames","value":true},"id":"UISettings"}}
{"session":"555f37192190","build":"183.4886.37","bucket":"-1","time":1572866383049,"group":{"id":"settings","version":"9"},"event":{"data":{"created":1572866383077,"name":"showEditorToolTip","value":true},"id":"UISettings"}}
{"session":"555f37192190","build":"183.4886.37","bucket":"-1","time":1572866383049,"group":{"id":"settings","version":"9"},"event":{"data":{"created":1572866383078,"name":"showIconInQuickNavigation","value":true},"id":"UISettings"}}
{"session":"555f37192190","build":"183.4886.37","bucket":"-1","time":1572866383049,"group":{"id":"settings","version":"9"},"event":{"data":{"created":1572866383078,"name":"showIconsInMenus","value":true},"id":"UISettings"}}
{"session":"555f37192190","build":"183.4886.37","bucket":"-1","time":1572866383049,"group":{"id":"settings","version":"9"},"event":{"data":{"created":1572866383078,"name":"showMainToolbar","value":false},"id":"UISettings"}}
{"session":"555f37192190","build":"183.4886.37","bucket":"-1","time":1572866383049,"group":{"id":"settings","version":"9"},"event":{"data":{"created":1572866383079,"name":"showMemoryIndicator","value":false},"id":"UISettings"}}
{"session":"555f37192190","build":"183.4886.37","bucket":"-1","time":1572866383049,"group":{"id":"settings","version":"9"},"event":{"data":{"created":1572866383079,"name":"showNavigationBar","value":true},"id":"UISettings"}}
{"session":"555f37192190","build":"183.4886.37","bucket":"-1","time":1572866383049,"group":{"id":"settings","version":"9"},"event":{"data":{"created":1572866383080,"name":"showStatusBar","value":true},"id":"UISettings"}}
{"session":"555f37192190","build":"183.4886.37","bucket":"-1","time":1572866383049,"group":{"id":"settings","version":"9"},"event":{"data":{"created":1572866383080,"name":"showTabsTooltips","value":true},"id":"UISettings"}}
{"session":"555f37192190","build":"183.4886.37","bucket":"-1","time":1572866383049,"group":{"id":"settings","version":"9"},"event":{"data":{"created":1572866383080,"name":"showToolWindowsNumbers","value":true},"id":"UISettings"}}
{"session":"555f37192190","build":"183.4886.37","bucket":"-1","time":1572866383049,"group":{"id":"settings","version":"9"},"event":{"data":{"created":1572866383080,"name":"smoothScrolling","value":true},"id":"UISettings"}}
{"session":"555f37192190","build":"183.4886.37","bucket":"-1","time":1572866383049,"group":{"id":"settings","version":"9"},"event":{"data":{"created":1572866383081,"name":"sortBookmarks","value":false},"id":"UISettings"}}
{"session":"555f37192190","build":"183.4886.37","bucket":"-1","time":1572866383049,"group":{"id":"settings","version":"9"},"event":{"data":{"created":1572866383081,"name":"sortLookupElementsLexicographically","value":false},"id":"UISettings"}}
{"session":"555f37192190","build":"183.4886.37","bucket":"-1","time":1572866383049,"group":{"id":"settings","version":"9"},"event":{"data":{"created":1572866383081,"name":"useSmallLabelsOnTabs","value":true},"id":"UISettings"}}
{"session":"555f37192190","build":"183.4886.37","bucket":"-1","time":1572866383049,"group":{"id":"settings","version":"9"},"event":{"data":{"created":1572866383082,"name":"wideScreenSupport","value":false},"id":"UISettings"}}
{"session":"555f37192190","build":"183.4886.37","bucket":"-1","time":1572866383631,"group":{"id":"settings","version":"9"},"event":{"data":{"created":1572866383631,"name":"autoSaveIfInactive","value":false},"id":"GeneralSettings"}}
{"session":"555f37192190","build":"183.4886.37","bucket":"-1","time":1572866383631,"group":{"id":"settings","version":"9"},"event":{"data":{"created":1572866383632,"name":"confirmExit","value":true},"id":"GeneralSettings"}}
{"session":"555f37192190","build":"183.4886.37","bucket":"-1","time":1572866383631,"group":{"id":"settings","version":"9"},"event":{"data":{"created":1572866383632,"name":"reopenLastProject","value":true},"id":"GeneralSettings"}}
{"session":"555f37192190","build":"183.4886.37","bucket":"-1","time":1572866383631,"group":{"id":"settings","version":"9"},"event":{"data":{"created":1572866383632,"name":"saveOnFrameDeactivation","value":true},"id":"GeneralSettings"}}
{"session":"555f37192190","build":"183.4886.37","bucket":"-1","time":1572866383631,"group":{"id":"settings","version":"9"},"event":{"data":{"created":1572866383633,"name":"searchInBackground","value":false},"id":"GeneralSettings"}}
{"session":"555f37192190","build":"183.4886.37","bucket":"-1","time":1572866383631,"group":{"id":"settings","version":"9"},"event":{"data":{"default":false,"created":1572866383633,"name":"showTipsOnStartup","value":false},"id":"GeneralSettings"}}
{"session":"555f37192190","build":"183.4886.37","bucket":"-1","time":1572866383631,"group":{"id":"settings","version":"9"},"event":{"data":{"created":1572866383633,"name":"showWelcomeScreen","value":true},"id":"GeneralSettings"}}
{"session":"555f37192190","build":"183.4886.37","bucket":"-1","time":1572866383631,"group":{"id":"settings","version":"9"},"event":{"data":{"created":1572866383633,"name":"supportScreenReaders","value":false},"id":"GeneralSettings"}}
{"session":"555f37192190","build":"183.4886.37","bucket":"-1","time":1572866383631,"group":{"id":"settings","version":"9"},"event":{"data":{"created":1572866383633,"name":"syncOnFrameActivation","value":true},"id":"GeneralSettings"}}
{"session":"555f37192190","build":"183.4886.37","bucket":"-1","time":1572866383631,"group":{"id":"settings","version":"9"},"event":{"data":{"created":1572866383634,"name":"useDefaultBrowser","value":true},"id":"GeneralSettings"}}
{"session":"555f37192190","build":"183.4886.37","bucket":"-1","time":1572866383631,"group":{"id":"settings","version":"9"},"event":{"data":{"created":1572866383634,"name":"useSafeWrite","value":true},"id":"GeneralSettings"}}
{"session":"555f37192190","build":"183.4886.37","bucket":"-1","time":1572866385573,"group":{"id":"ui.dialogs","version":"9"},"event":{"count":1,"data":{"created":1572866385573,"type":"show"},"id":"com.intellij.openapi.progress.util.ProgressDialog$MyDialogWrapper"}}
{"session":"555f37192190","build":"183.4886.37","bucket":"-1","time":1572866386671,"group":{"id":"ui.dialogs","version":"9"},"event":{"count":1,"data":{"code":1,"created":1572866386671,"type":"close"},"id":"com.intellij.openapi.progress.util.ProgressDialog$MyDialogWrapper"}}
{"session":"555f37192190","build":"183.4886.37","bucket":"-1","time":1572866386697,"group":{"id":"statistics.lifecycle.project","version":"9"},"event":{"count":1,"data":{"created":1572866386697,"project":"-787276147"},"id":"project.opened"}}
{"session":"555f37192190","build":"183.4886.37","bucket":"-1","time":1572866386698,"group":{"id":"lifecycle","version":"9"},"event":{"count":1,"data":{"created":1572866386698},"id":"project.opened"}}
{"session":"555f37192190","build":"183.4886.37","bucket":"-1","time":1572866387421,"group":{"id":"ui.dialogs","version":"9"},"event":{"count":1,"data":{"created":1572866387421,"type":"show"},"id":"com.intellij.openapi.progress.util.ProgressDialog$MyDialogWrapper"}}
{"session":"555f37192190","build":"183.4886.37","bucket":"-1","time":1572866388047,"group":{"id":"toolwindow.v2","version":"9"},"event":{"count":1,"data":{"created":1572866388047,"data_1":"Mac"},"id":"Project_by_Activation"}}
{"session":"555f37192190","build":"183.4886.37","bucket":"-1","time":1572866388329,"group":{"id":"statistics.lifecycle.app","version":"9"},"event":{"count":1,"data":{"created":1572866388329},"id":"ide.start"}}
{"session":"555f37192190","build":"183.4886.37","bucket":"-1","time":1572866388329,"group":{"id":"lifecycle","version":"9"},"event":{"count":1,"data":{"created":1572866388330},"id":"app.started"}}
{"session":"555f37192190","build":"183.4886.37","bucket":"-1","time":1572866389154,"group":{"id":"ui.dialogs","version":"9"},"event":{"count":1,"data":{"code":1,"created":1572866389154,"type":"close"},"id":"com.intellij.openapi.progress.util.ProgressDialog$MyDialogWrapper"}}
{"session":"555f37192190","build":"183.4886.37","bucket":"-1","time":1572866389233,"group":{"id":"statistics.lifecycle.project","version":"9"},"event":{"count":1,"data":{"created":1572866389233,"project":"-787276147"},"id":"project.open.time.4"}}
{"session":"555f37192190","build":"183.4886.37","bucket":"-1","time":1572866389233,"group":{"id":"lifecycle","version":"9"},"event":{"count":1,"data":{"created":1572866389233,"time.ms":4122},"id":"project.opening.finished"}}
{"session":"555f37192190","build":"183.4886.37","bucket":"-1","time":1572866390439,"group":{"id":"statistics.lifecycle.project","version":"9"},"event":{"count":1,"data":{"created":1572866390439,"project":"-787276147"},"id":"project.closed"}}
{"session":"555f37192190","build":"183.4886.37","bucket":"-1","time":1572866390763,"group":{"id":"lifecycle","version":"9"},"event":{"count":1,"data":{"created":1572866390763},"id":"project.closed"}}
{"session":"555f37192190","build":"183.4886.37","bucket":"-1","time":1572866392461,"group":{"id":"actions.v2","version":"9"},"event":{"count":1,"data":{"context_menu":false,"created":1572866392461,"data_1":"Mac"},"id":"WelcomeScreen.CreateNewProject"}}
{"session":"555f37192190","build":"183.4886.37","bucket":"-1","time":1572866393217,"group":{"id":"ui.dialogs","version":"9"},"event":{"count":1,"data":{"created":1572866393217,"type":"show"},"id":"com.intellij.ide.projectWizard.NewProjectWizard"}}
{"session":"555f37192190","build":"183.4886.37","bucket":"-1","time":1572866398791,"group":{"id":"ui.dialogs","version":"9"},"event":{"count":1,"data":{"code":0,"created":1572866398791,"type":"close"},"id":"com.intellij.ide.projectWizard.NewProjectWizard"}}
{"session":"555f37192190","build":"183.4886.37","bucket":"-1","time":1572866399531,"group":{"id":"statistics.lifecycle.project","version":"9"},"event":{"count":1,"data":{"created":1572866399531,"project":"1435432335"},"id":"project.opened"}}
{"session":"555f37192190","build":"183.4886.37","bucket":"-1","time":1572866399532,"group":{"id":"lifecycle","version":"9"},"event":{"count":1,"data":{"created":1572866399532},"id":"project.opened"}}
{"session":"555f37192190","build":"183.4886.37","bucket":"-1","time":1572866399891,"group":{"id":"ui.dialogs","version":"9"},"event":{"count":1,"data":{"created":1572866399891,"type":"show"},"id":"com.intellij.openapi.progress.util.ProgressDialog$MyDialogWrapper"}}
{"session":"555f37192190","build":"183.4886.37","bucket":"-1","time":1572866399950,"group":{"id":"ui.dialogs","version":"9"},"event":{"count":1,"data":{"code":1,"created":1572866399950,"type":"close"},"id":"com.intellij.openapi.progress.util.ProgressDialog$MyDialogWrapper"}}
{"session":"555f37192190","build":"183.4886.37","bucket":"-1","time":1572866400483,"group":{"id":"statistics.lifecycle.project","version":"9"},"event":{"count":1,"data":{"created":1572866400484,"project":"1435432335"},"id":"project.open.time.1"}}
{"session":"555f37192190","build":"183.4886.37","bucket":"-1","time":1572866400484,"group":{"id":"lifecycle","version":"9"},"event":{"count":1,"data":{"created":1572866400484,"time.ms":1664},"id":"project.opening.finished"}}
{"session":"555f37192190","build":"183.4886.37","bucket":"-1","time":1572866401104,"group":{"id":"toolwindow.v2","version":"9"},"event":{"count":1,"data":{"created":1572866401104,"data_1":"Mac"},"id":"Project_by_Activation"}}
{"session":"555f37192190","build":"183.4886.37","bucket":"-1","time":1572866410058,"group":{"id":"actions.v2","version":"9"},"event":{"count":1,"data":{"context_menu":true,"created":1572866410058,"place":"ProjectViewPopup","data_1":"Mac"},"id":"OpenModuleSettings"}}
{"session":"555f37192190","build":"183.4886.37","bucket":"-1","time":1572866410400,"group":{"id":"ui.dialogs","version":"9"},"event":{"count":1,"data":{"created":1572866410400,"type":"show"},"id":"com.intellij.openapi.options.newEditor.SettingsDialog"}}
{"session":"555f37192190","build":"183.4886.37","bucket":"-1","time":1572866414843,"group":{"id":"ui.dialogs","version":"9"},"event":{"count":1,"data":{"code":1,"created":1572866414843,"type":"close"},"id":"com.intellij.openapi.options.newEditor.SettingsDialog"}}
{"session":"555f37192190","build":"183.4886.37","bucket":"-1","time":1572866417262,"group":{"id":"statistics.file.types.open","version":"9"},"event":{"count":1,"data":{"created":1572866417262,"project":"1435432335"},"id":"IDEA_MODULE"}}
{"session":"555f37192190","build":"183.4886.37","bucket":"-1","time":1572866440284,"group":{"id":"statistics.file.types.open","version":"9"},"event":{"count":5,"data":{"last":1572866448248,"created":1572866440284,"project":"1435432335"},"id":"XML"}}
{"session":"555f37192190","build":"183.4886.37","bucket":"-1","time":1572866518223,"group":{"id":"statistics.lifecycle.project","version":"9"},"event":{"count":1,"data":{"created":1572866518223,"project":"1435432335"},"id":"project.closed"}}
{"session":"555f37192190","build":"183.4886.37","bucket":"-1","time":1572866518296,"group":{"id":"lifecycle","version":"9"},"event":{"count":1,"data":{"created":1572866518296},"id":"project.closed"}}
{"session":"555f37192190","build":"183.4886.37","bucket":"-1","time":1572866520940,"group":{"id":"actions.v2","version":"9"},"event":{"count":1,"data":{"context_menu":false,"created":1572866520940,"data_1":"Mac"},"id":"WelcomeScreen.CreateNewProject"}}
{"session":"555f37192190","build":"183.4886.37","bucket":"-1","time":1572866521036,"group":{"id":"statistics.lifecycle.app","version":"9"},"event":{"count":1,"data":{"created":1572866521036,"data_2":"mappingFailed:false","data_1":"OOM:false","data_3":"pluginId:unknown"},"id":"ide.error"}}
{"session":"555f37192190","build":"183.4886.37","bucket":"-1","time":1572866521041,"group":{"id":"ui.dialogs","version":"9"},"event":{"count":1,"data":{"created":1572866521041,"type":"show"},"id":"com.intellij.ide.projectWizard.NewProjectWizard"}}
{"session":"555f37192190","build":"183.4886.37","bucket":"-1","time":1572866527544,"group":{"id":"ui.dialogs","version":"9"},"event":{"count":1,"data":{"code":0,"created":1572866527544,"type":"close"},"id":"com.intellij.ide.projectWizard.NewProjectWizard"}}
{"session":"555f37192190","build":"183.4886.37","bucket":"-1","time":1572866527647,"group":{"id":"statistics.lifecycle.project","version":"9"},"event":{"count":1,"data":{"created":1572866527647,"project":"-1969185076"},"id":"project.opened"}}
{"session":"555f37192190","build":"183.4886.37","bucket":"-1","time":1572866527647,"group":{"id":"lifecycle","version":"9"},"event":{"count":1,"data":{"created":1572866527647},"id":"project.opened"}}
{"session":"555f37192190","build":"183.4886.37","bucket":"-1","time":1572866528220,"group":{"id":"statistics.lifecycle.project","version":"9"},"event":{"count":1,"data":{"created":1572866528220,"project":"-1969185076"},"id":"project.open.time.0"}}
{"session":"555f37192190","build":"183.4886.37","bucket":"-1","time":1572866528220,"group":{"id":"lifecycle","version":"9"},"event":{"count":1,"data":{"created":1572866528221,"time.ms":661},"id":"project.opening.finished"}}
{"session":"555f37192190","build":"183.4886.37","bucket":"-1","time":1572866528808,"group":{"id":"toolwindow.v2","version":"9"},"event":{"count":1,"data":{"created":1572866528808,"data_1":"Mac"},"id":"Project_by_Activation"}}
{"session":"555f37192190","build":"183.4886.37","bucket":"-1","time":1572866535276,"group":{"id":"statistics.file.types.open","version":"9"},"event":{"count":1,"data":{"created":1572866535276,"project":"-1969185076"},"id":"IDEA_MODULE"}}
{"session":"555f37192190","build":"183.4886.37","bucket":"-1","time":1572866949671,"group":{"id":"statistics.lifecycle.project","version":"9"},"event":{"count":1,"data":{"created":1572866949671,"project":"-1969185076"},"id":"project.closed"}}
{"session":"555f37192190","build":"183.4886.37","bucket":"-1","time":1572866949719,"group":{"id":"lifecycle","version":"9"},"event":{"count":1,"data":{"created":1572866949719},"id":"project.closed"}}
{"session":"555f37192190","build":"183.4886.37","bucket":"-1","time":1572866951032,"group":{"id":"actions.v2","version":"9"},"event":{"count":1,"data":{"context_menu":false,"created":1572866951032,"data_1":"Mac"},"id":"WelcomeScreen.CreateNewProject"}}
{"session":"555f37192190","build":"183.4886.37","bucket":"-1","time":1572866951098,"group":{"id":"statistics.lifecycle.app","version":"9"},"event":{"count":1,"data":{"created":1572866951098,"data_2":"mappingFailed:false","data_1":"OOM:false","data_3":"pluginId:unknown"},"id":"ide.error"}}
{"session":"555f37192190","build":"183.4886.37","bucket":"-1","time":1572866951100,"group":{"id":"ui.dialogs","version":"9"},"event":{"count":1,"data":{"created":1572866951100,"type":"show"},"id":"com.intellij.ide.projectWizard.NewProjectWizard"}}
{"session":"555f37192190","build":"183.4886.37","bucket":"-1","time":1572866951554,"group":{"id":"ui.dialogs","version":"9"},"event":{"count":1,"data":{"created":1572866951554,"type":"show"},"id":"com.intellij.openapi.progress.util.ProgressDialog$MyDialogWrapper"}}
{"session":"555f37192190","build":"183.4886.37","bucket":"-1","time":1572866951696,"group":{"id":"ui.dialogs","version":"9"},"event":{"count":1,"data":{"code":1,"created":1572866951696,"type":"close"},"id":"com.intellij.openapi.progress.util.ProgressDialog$MyDialogWrapper"}}
{"session":"555f37192190","build":"183.4886.37","bucket":"-1","time":1572866957083,"group":{"id":"ui.dialogs","version":"9"},"event":{"count":1,"data":{"code":0,"created":1572866957084,"type":"close"},"id":"com.intellij.ide.projectWizard.NewProjectWizard"}}
{"session":"555f37192190","build":"183.4886.37","bucket":"-1","time":1572866957175,"group":{"id":"statistics.lifecycle.project","version":"9"},"event":{"count":1,"data":{"created":1572866957175,"project":"-612400636"},"id":"project.opened"}}
{"session":"555f37192190","build":"183.4886.37","bucket":"-1","time":1572866957175,"group":{"id":"lifecycle","version":"9"},"event":{"count":1,"data":{"created":1572866957175},"id":"project.opened"}}
{"session":"555f37192190","build":"183.4886.37","bucket":"-1","time":1572866957757,"group":{"id":"statistics.lifecycle.project","version":"9"},"event":{"count":1,"data":{"created":1572866957757,"project":"-612400636"},"id":"project.open.time.0"}}
{"session":"555f37192190","build":"183.4886.37","bucket":"-1","time":1572866957757,"group":{"id":"lifecycle","version":"9"},"event":{"count":1,"data":{"created":1572866957757,"time.ms":661},"id":"project.opening.finished"}}
{"session":"555f37192190","build":"183.4886.37","bucket":"-1","time":1572866958277,"group":{"id":"toolwindow.v2","version":"9"},"event":{"count":1,"data":{"created":1572866958277,"data_1":"Mac"},"id":"Project_by_Activation"}}
{"session":"555f37192190","build":"183.4886.37","bucket":"-1","time":1572866962154,"group":{"id":"statistics.file.types.open","version":"9"},"event":{"count":1,"data":{"created":1572866962154,"project":"-612400636"},"id":"IDEA_MODULE"}}
{"session":"555f37192190","build":"183.4886.37","bucket":"-1","time":1572867000221,"group":{"id":"statistics.file.types.open","version":"9"},"event":{"count":2,"data":{"last":1572867004144,"created":1572867000221,"project":"-612400636"},"id":"XML"}}
{"session":"555f37192190","build":"183.4886.37","bucket":"-1","time":1572867019040,"group":{"id":"actions.v2","version":"9"},"event":{"count":1,"data":{"context_menu":false,"created":1572867019040,"data_1":"Mac","input_event":"Meta+D"},"id":"EditorDuplicate"}}
{"session":"555f37192190","build":"183.4886.37","bucket":"-1","time":1572867019042,"group":{"id":"statistics.file.types.edit","version":"9"},"event":{"count":1,"data":{"created":1572867019042,"project":"-612400636"},"id":"IDEA_MODULE"}}
{"session":"555f37192190","build":"183.4886.37","bucket":"-1","time":1572867020312,"group":{"id":"statistics.productivity","version":"9"},"event":{"count":1,"data":{"created":1572867020312},"id":"editing.select.word"}}
{"session":"555f37192190","build":"183.4886.37","bucket":"-1","time":1572867023337,"group":{"id":"actions.v2","version":"9"},"event":{"count":1,"data":{"context_menu":false,"created":1572867023337,"data_1":"Mac","input_event":"Meta+S"},"id":"SaveAll"}}
{"session":"555f37192190","build":"183.4886.37","bucket":"-1","time":1572867027003,"group":{"id":"actions.v2","version":"9"},"event":{"count":1,"data":{"context_menu":true,"created":1572867027003,"place":"ProjectViewPopup","data_1":"Mac"},"id":"SynchronizeCurrentFile"}}
{"session":"555f37192190","build":"183.4886.37","bucket":"-1","time":1572867030453,"group":{"id":"actions.v2","version":"9"},"event":{"count":1,"data":{"context_menu":true,"created":1572867030453,"place":"ProjectViewPopup","data_1":"Mac"},"id":"OpenModuleSettings"}}
{"session":"555f37192190","build":"183.4886.37","bucket":"-1","time":1572867030534,"group":{"id":"ui.dialogs","version":"9"},"event":{"count":1,"data":{"created":1572867030534,"type":"show"},"id":"com.intellij.openapi.options.newEditor.SettingsDialog"}}
{"session":"555f37192190","build":"183.4886.37","bucket":"-1","time":1572867032949,"group":{"id":"ui.dialogs","version":"9"},"event":{"count":1,"data":{"code":1,"created":1572867032949,"type":"close"},"id":"com.intellij.openapi.options.newEditor.SettingsDialog"}}
{"session":"555f37192190","build":"183.4886.37","bucket":"-1","time":1572867685891,"group":{"id":"internal.statistics.platform.registry.application","version":"9"},"event":{"data":{"created":1572867685891},"id":"java.completion.argument.hints.internal"}}
{"session":"555f37192190","build":"183.4886.37","bucket":"-1","time":1572867685891,"group":{"id":"internal.statistics.platform.registry.application","version":"9"},"event":{"data":{"created":1572867685892},"id":"inline.browse.button"}}
{"session":"555f37192190","build":"183.4886.37","bucket":"-1","time":1572867685892,"group":{"id":"internal.statistics.ui.fonts","version":"9"},"event":{"data":{"created":1572867685892,"data_1":"Mac"},"id":"IDE.editor.font.size[12]"}}
{"session":"555f37192190","build":"183.4886.37","bucket":"-1","time":1572867685892,"group":{"id":"internal.statistics.ui.fonts","version":"9"},"event":{"data":{"created":1572867685893,"data_1":"Mac"},"id":"IDE.editor.font.name[Menlo]"}}
{"session":"555f37192190","build":"183.4886.37","bucket":"-1","time":1572867685892,"group":{"id":"internal.statistics.ui.fonts","version":"9"},"event":{"data":{"created":1572867685893,"data_1":"Mac"},"id":"Presentation.mode.font.size[24]"}}
{"session":"555f37192190","build":"183.4886.37","bucket":"-1","time":1572867685892,"group":{"id":"internal.statistics.ui.fonts","version":"9"},"event":{"data":{"created":1572867685893,"data_1":"Mac"},"id":"UI.font.size[12]"}}
{"session":"555f37192190","build":"183.4886.37","bucket":"-1","time":1572867685892,"group":{"id":"internal.statistics.ui.fonts","version":"9"},"event":{"data":{"created":1572867685893,"data_1":"Mac"},"id":"UI.font.name[null]"}}
{"session":"555f37192190","build":"183.4886.37","bucket":"-1","time":1572867685902,"group":{"id":"internal.statistics.os.version","version":"9"},"event":{"data":{"created":1572867685902},"id":"Mac_OS_X.10.13.6"}}
{"session":"555f37192190","build":"183.4886.37","bucket":"-1","time":1572867685906,"group":{"id":"internal.statistics.ui.screen.scale","version":"9"},"event":{"data":{"created":1572867685906,"data_1":"Mac"},"id":"Mac_ScaledMode_2.0"}}
{"session":"555f37192190","build":"183.4886.37","bucket":"-1","time":1572867685906,"group":{"id":"internal.statistics.jdk.user","version":"9"},"event":{"data":{"created":1572867685907},"id":"JetBrains_s.r.o.1.8"}}
{"session":"555f37192190","build":"183.4886.37","bucket":"-1","time":1572867685909,"group":{"id":"internal.statistics.ui.hidpi.mode","version":"9"},"event":{"data":{"created":1572867685909,"data_1":"Mac"},"id":"Mac.per_monitor_dpi"}}
{"session":"555f37192190","build":"183.4886.37","bucket":"-1","time":1572867685909,"group":{"id":"internal.statistics.keymaps.name","version":"9"},"event":{"data":{"created":1572867685909,"data_1":"Mac"},"id":"Mac_OS_X"}}
{"session":"555f37192190","build":"183.4886.37","bucket":"-1","time":1572867685917,"group":{"id":"internal.statistics.editor.settings.ide","version":"9"},"event":{"data":{"created":1572867685917},"id":"completionHints"}}
{"session":"555f37192190","build":"183.4886.37","bucket":"-1","time":1572867685920,"group":{"id":"internal.statistics.ui.info.features","version":"9"},"event":{"data":{"created":1572867685921,"data_1":"Mac"},"id":"Tool.Window.buttons.hidden"}}
{"session":"555f37192190","build":"183.4886.37","bucket":"-1","time":1572867685920,"group":{"id":"internal.statistics.ui.info.features","version":"9"},"event":{"data":{"created":1572867685921,"data_1":"Mac"},"id":"Nav.Bar.visible"}}
{"session":"555f37192190","build":"183.4886.37","bucket":"-1","time":1572867685920,"group":{"id":"internal.statistics.ui.info.features","version":"9"},"event":{"data":{"created":1572867685921,"data_1":"Mac"},"id":"Line.Numbers"}}
{"session":"555f37192190","build":"183.4886.37","bucket":"-1","time":1572867685921,"group":{"id":"internal.statistics.ui.info.features","version":"9"},"event":{"data":{"created":1572867685921,"data_1":"Mac","event_data_1":"[30_50]"},"id":"recent.files"}}
{"session":"555f37192190","build":"183.4886.37","bucket":"-1","time":1572867685921,"group":{"id":"internal.statistics.ui.info.features","version":"9"},"event":{"data":{"created":1572867685921,"data_1":"Mac"},"id":"Toolbar.and.NavBar"}}
{"session":"555f37192190","build":"183.4886.37","bucket":"-1","time":1572867685921,"group":{"id":"internal.statistics.ui.info.features","version":"9"},"event":{"data":{"created":1572867685921,"data_1":"Mac"},"id":"Tabs.Top"}}
{"session":"555f37192190","build":"183.4886.37","bucket":"-1","time":1572867685921,"group":{"id":"internal.statistics.ui.info.features","version":"9"},"event":{"data":{"created":1572867685921,"data_1":"Mac"},"id":"Allow.merging.buttons.enabled"}}
{"session":"555f37192190","build":"183.4886.37","bucket":"-1","time":1572867685921,"group":{"id":"internal.statistics.ui.info.features","version":"9"},"event":{"data":{"created":1572867685922,"data_1":"Mac"},"id":"Toolbar.hidden"}}
{"session":"555f37192190","build":"183.4886.37","bucket":"-1","time":1572867685921,"group":{"id":"internal.statistics.ui.info.features","version":"9"},"event":{"data":{"created":1572867685922,"data_1":"Mac"},"id":"Retina"}}
{"session":"555f37192190","build":"183.4886.37","bucket":"-1","time":1572867685921,"group":{"id":"internal.statistics.ui.info.features","version":"9"},"event":{"data":{"created":1572867685922,"data_1":"Mac"},"id":"Recent.Files[30_50]"}}
{"session":"555f37192190","build":"183.4886.37","bucket":"-1","time":1572867685921,"group":{"id":"internal.statistics.ui.info.features","version":"9"},"event":{"data":{"created":1572867685922,"data_1":"Mac"},"id":"Status.bar.visible"}}
{"session":"555f37192190","build":"183.4886.37","bucket":"-1","time":1572867685921,"group":{"id":"internal.statistics.ui.info.features","version":"9"},"event":{"data":{"created":1572867685922,"data_1":"Mac"},"id":"Gutter.Icons"}}
{"session":"555f37192190","build":"183.4886.37","bucket":"-1","time":1572867685921,"group":{"id":"internal.statistics.ui.look.and.feel","version":"9"},"event":{"data":{"created":1572867685922,"data_1":"Mac"},"id":"Mac_OS_X.Light"}}
{"session":"555f37192190","build":"183.4886.37","bucket":"-1","time":1572867685928,"group":{"id":"internal.statistics.vcs.diff","version":"9"},"event":{"data":{"created":1572867685928},"id":"use.soft.wraps.Merge.disabled"}}
{"session":"555f37192190","build":"183.4886.37","bucket":"-1","time":1572867685928,"group":{"id":"internal.statistics.vcs.diff","version":"9"},"event":{"data":{"created":1572867685928},"id":"enable.read.lock.CommitDialog.enabled"}}
{"session":"555f37192190","build":"183.4886.37","bucket":"-1","time":1572867685928,"group":{"id":"internal.statistics.vcs.diff","version":"9"},"event":{"data":{"created":1572867685928},"id":"show.line.numbers.CommitDialog.enabled"}}
{"session":"555f37192190","build":"183.4886.37","bucket":"-1","time":1572867685928,"group":{"id":"internal.statistics.vcs.diff","version":"9"},"event":{"data":{"created":1572867685928},"id":"use.soft.wraps.Default.disabled"}}
{"session":"555f37192190","build":"183.4886.37","bucket":"-1","time":1572867685928,"group":{"id":"internal.statistics.vcs.diff","version":"9"},"event":{"data":{"created":1572867685928},"id":"show.warnings.policy.ChangesView.inspections"}}
{"session":"555f37192190","build":"183.4886.37","bucket":"-1","time":1572867685928,"group":{"id":"internal.statistics.vcs.diff","version":"9"},"event":{"data":{"created":1572867685928},"id":"highlight.policy.CommitDialog.by_word"}}
{"session":"555f37192190","build":"183.4886.37","bucket":"-1","time":1572867685928,"group":{"id":"internal.statistics.vcs.diff","version":"9"},"event":{"data":{"created":1572867685928},"id":"ignore.policy.TestsFiledAssertions.default"}}
{"session":"555f37192190","build":"183.4886.37","bucket":"-1","time":1572867685928,"group":{"id":"internal.statistics.vcs.diff","version":"9"},"event":{"data":{"created":1572867685928},"id":"use.unified.diff.TestsFiledAssertions.disabled"}}
{"session":"555f37192190","build":"183.4886.37","bucket":"-1","time":1572867685928,"group":{"id":"internal.statistics.vcs.diff","version":"9"},"event":{"data":{"created":1572867685928},"id":"show.line.numbers.ChangesView.enabled"}}
{"session":"555f37192190","build":"183.4886.37","bucket":"-1","time":1572867685928,"group":{"id":"internal.statistics.vcs.diff","version":"9"},"event":{"data":{"created":1572867685929},"id":"show.warnings.policy.Merge.inspections"}}
{"session":"555f37192190","build":"183.4886.37","bucket":"-1","time":1572867685928,"group":{"id":"internal.statistics.vcs.diff","version":"9"},"event":{"data":{"created":1572867685929},"id":"collapse.unchanged.Default.disabled"}}
{"session":"555f37192190","build":"183.4886.37","bucket":"-1","time":1572867685928,"group":{"id":"internal.statistics.vcs.diff","version":"9"},"event":{"data":{"created":1572867685929},"id":"collapse.unchanged.CommitDialog.enabled"}}
{"session":"555f37192190","build":"183.4886.37","bucket":"-1","time":1572867685928,"group":{"id":"internal.statistics.vcs.diff","version":"9"},"event":{"data":{"created":1572867685929},"id":"use.unified.diff.ChangesView.disabled"}}
{"session":"555f37192190","build":"183.4886.37","bucket":"-1","time":1572867685928,"group":{"id":"internal.statistics.vcs.diff","version":"9"},"event":{"data":{"created":1572867685929},"id":"highlight.policy.ChangesView.by_word"}}
{"session":"555f37192190","build":"183.4886.37","bucket":"-1","time":1572867685928,"group":{"id":"internal.statistics.vcs.diff","version":"9"},"event":{"data":{"created":1572867685929},"id":"show.line.numbers.Merge.enabled"}}
{"session":"555f37192190","build":"183.4886.37","bucket":"-1","time":1572867685928,"group":{"id":"internal.statistics.vcs.diff","version":"9"},"event":{"data":{"created":1572867685929},"id":"use.soft.wraps.ChangesView.disabled"}}
{"session":"555f37192190","build":"183.4886.37","bucket":"-1","time":1572867685928,"group":{"id":"internal.statistics.vcs.diff","version":"9"},"event":{"data":{"created":1572867685929},"id":"show.warnings.policy.CommitDialog.inspections"}}
{"session":"555f37192190","build":"183.4886.37","bucket":"-1","time":1572867685928,"group":{"id":"internal.statistics.vcs.diff","version":"9"},"event":{"data":{"created":1572867685929},"id":"highlight.policy.Merge.by_word"}}
{"session":"555f37192190","build":"183.4886.37","bucket":"-1","time":1572867685928,"group":{"id":"internal.statistics.vcs.diff","version":"9"},"event":{"data":{"created":1572867685929},"id":"ignore.policy.Default.default"}}
{"session":"555f37192190","build":"183.4886.37","bucket":"-1","time":1572867685928,"group":{"id":"internal.statistics.vcs.diff","version":"9"},"event":{"data":{"created":1572867685929},"id":"show.warnings.policy.TestsFiledAssertions.inspections"}}
{"session":"555f37192190","build":"183.4886.37","bucket":"-1","time":1572867685928,"group":{"id":"internal.statistics.vcs.diff","version":"9"},"event":{"data":{"created":1572867685929},"id":"collapse.unchanged.TestsFiledAssertions.disabled"}}
{"session":"555f37192190","build":"183.4886.37","bucket":"-1","time":1572867685928,"group":{"id":"internal.statistics.vcs.diff","version":"9"},"event":{"data":{"created":1572867685930},"id":"highlight.policy.VcsLogView.by_word"}}
{"session":"555f37192190","build":"183.4886.37","bucket":"-1","time":1572867685928,"group":{"id":"internal.statistics.vcs.diff","version":"9"},"event":{"data":{"created":1572867685930},"id":"show.line.numbers.TestsFiledAssertions.enabled"}}
{"session":"555f37192190","build":"183.4886.37","bucket":"-1","time":1572867685928,"group":{"id":"internal.statistics.vcs.diff","version":"9"},"event":{"data":{"created":1572867685930},"id":"use.unified.diff.Default.disabled"}}
{"session":"555f37192190","build":"183.4886.37","bucket":"-1","time":1572867685928,"group":{"id":"internal.statistics.vcs.diff","version":"9"},"event":{"data":{"created":1572867685930},"id":"collapse.unchanged.Merge.disabled"}}
{"session":"555f37192190","build":"183.4886.37","bucket":"-1","time":1572867685928,"group":{"id":"internal.statistics.vcs.diff","version":"9"},"event":{"data":{"created":1572867685930},"id":"use.soft.wraps.CommitDialog.disabled"}}
{"session":"555f37192190","build":"183.4886.37","bucket":"-1","time":1572867685928,"group":{"id":"internal.statistics.vcs.diff","version":"9"},"event":{"data":{"created":1572867685930},"id":"external.diff.disabled"}}
{"session":"555f37192190","build":"183.4886.37","bucket":"-1","time":1572867685928,"group":{"id":"internal.statistics.vcs.diff","version":"9"},"event":{"data":{"created":1572867685930},"id":"show.line.numbers.Default.enabled"}}
{"session":"555f37192190","build":"183.4886.37","bucket":"-1","time":1572867685928,"group":{"id":"internal.statistics.vcs.diff","version":"9"},"event":{"data":{"created":1572867685930},"id":"ignore.policy.CommitDialog.default"}}
{"session":"555f37192190","build":"183.4886.37","bucket":"-1","time":1572867685928,"group":{"id":"internal.statistics.vcs.diff","version":"9"},"event":{"data":{"created":1572867685930},"id":"collapse.unchanged.ChangesView.enabled"}}
{"session":"555f37192190","build":"183.4886.37","bucket":"-1","time":1572867685928,"group":{"id":"internal.statistics.vcs.diff","version":"9"},"event":{"data":{"created":1572867685930},"id":"iterate.next.file.enabled"}}
{"session":"555f37192190","build":"183.4886.37","bucket":"-1","time":1572867685928,"group":{"id":"internal.statistics.vcs.diff","version":"9"},"event":{"data":{"created":1572867685930},"id":"ignore.policy.VcsLogView.default"}}
{"session":"555f37192190","build":"183.4886.37","bucket":"-1","time":1572867685928,"group":{"id":"internal.statistics.vcs.diff","version":"9"},"event":{"data":{"created":1572867685930},"id":"use.unified.diff.Merge.disabled"}}
{"session":"555f37192190","build":"183.4886.37","bucket":"-1","time":1572867685928,"group":{"id":"internal.statistics.vcs.diff","version":"9"},"event":{"data":{"created":1572867685930},"id":"use.soft.wraps.VcsLogView.disabled"}}
{"session":"555f37192190","build":"183.4886.37","bucket":"-1","time":1572867685928,"group":{"id":"internal.statistics.vcs.diff","version":"9"},"event":{"data":{"created":1572867685930},"id":"external.merge.disabled"}}
{"session":"555f37192190","build":"183.4886.37","bucket":"-1","time":1572867685928,"group":{"id":"internal.statistics.vcs.diff","version":"9"},"event":{"data":{"created":1572867685930},"id":"ignore.policy.ChangesView.default"}}
{"session":"555f37192190","build":"183.4886.37","bucket":"-1","time":1572867685928,"group":{"id":"internal.statistics.vcs.diff","version":"9"},"event":{"data":{"created":1572867685931},"id":"collapse.unchanged.VcsLogView.enabled"}}
{"session":"555f37192190","build":"183.4886.37","bucket":"-1","time":1572867685928,"group":{"id":"internal.statistics.vcs.diff","version":"9"},"event":{"data":{"created":1572867685931},"id":"show.line.numbers.VcsLogView.enabled"}}
{"session":"555f37192190","build":"183.4886.37","bucket":"-1","time":1572867685928,"group":{"id":"internal.statistics.vcs.diff","version":"9"},"event":{"data":{"created":1572867685931},"id":"show.warnings.policy.Default.inspections"}}
{"session":"555f37192190","build":"183.4886.37","bucket":"-1","time":1572867685928,"group":{"id":"internal.statistics.vcs.diff","version":"9"},"event":{"data":{"created":1572867685931},"id":"use.unified.diff.CommitDialog.disabled"}}
{"session":"555f37192190","build":"183.4886.37","bucket":"-1","time":1572867685928,"group":{"id":"internal.statistics.vcs.diff","version":"9"},"event":{"data":{"created":1572867685931},"id":"ignore.policy.Merge.default"}}
{"session":"555f37192190","build":"183.4886.37","bucket":"-1","time":1572867685928,"group":{"id":"internal.statistics.vcs.diff","version":"9"},"event":{"data":{"created":1572867685931},"id":"external.diff.default.disabled"}}
{"session":"555f37192190","build":"183.4886.37","bucket":"-1","time":1572867685928,"group":{"id":"internal.statistics.vcs.diff","version":"9"},"event":{"data":{"created":1572867685931},"id":"use.unified.diff.VcsLogView.enabled"}}
{"session":"555f37192190","build":"183.4886.37","bucket":"-1","time":1572867685928,"group":{"id":"internal.statistics.vcs.diff","version":"9"},"event":{"data":{"created":1572867685931},"id":"highlight.policy.TestsFiledAssertions.by_word"}}
{"session":"555f37192190","build":"183.4886.37","bucket":"-1","time":1572867685928,"group":{"id":"internal.statistics.vcs.diff","version":"9"},"event":{"data":{"created":1572867685931},"id":"use.soft.wraps.TestsFiledAssertions.disabled"}}
{"session":"555f37192190","build":"183.4886.37","bucket":"-1","time":1572867685928,"group":{"id":"internal.statistics.vcs.diff","version":"9"},"event":{"data":{"created":1572867685931},"id":"show.warnings.policy.VcsLogView.inspections"}}
{"session":"555f37192190","build":"183.4886.37","bucket":"-1","time":1572867685928,"group":{"id":"internal.statistics.vcs.diff","version":"9"},"event":{"data":{"created":1572867685931},"id":"highlight.policy.Default.by_word"}}
{"session":"555f37192190","build":"183.4886.37","bucket":"-1","time":1572867685928,"group":{"id":"internal.statistics.ui.editor.color.schemes","version":"9"},"event":{"data":{"created":1572867685931,"data_1":"Mac"},"id":"Default"}}
{"session":"555f37192190","build":"183.4886.37","bucket":"-1","time":1572867685928,"group":{"id":"internal.statistics.ui.accessibility.screen.reader","version":"9"},"event":{"data":{"created":1572867685931},"id":"Mac.screen.reader.DISABLED"}}
{"session":"555f37192190","build":"183.4886.37","bucket":"-1","time":1572867685928,"group":{"id":"internal.statistics.vcs.github","version":"9"},"event":{"data":{"created":1572867685931},"id":"github.accounts.count.0"}}
{"session":"555f37192190","build":"183.4886.37","bucket":"-1","time":1572867685928,"group":{"id":"internal.statistics.vcs.github","version":"9"},"event":{"data":{"created":1572867685931},"id":"github.accounts.not.default.host.disabled"}}
{"session":"555f37192190","build":"183.4886.37","bucket":"-1","time":1572867685928,"group":{"id":"internal.statistics.user.advanced.info","version":"9"},"event":{"data":{"created":1572867685931},"id":"release"}}
{"session":"555f37192190","build":"183.4886.37","bucket":"-1","time":1572867685928,"group":{"id":"internal.statistics.os.name","version":"9"},"event":{"data":{"created":1572867685932},"id":"Mac.OS.X"}}
{"session":"555f37192190","build":"183.4886.37","bucket":"-1","time":1572867685946,"group":{"id":"internal.statistics.run.dashboard","version":"9"},"event":{"data":{"created":1572867685946,"project":"-612400636"},"id":"run.dashboard.disabled"}}
{"session":"555f37192190","build":"183.4886.37","bucket":"-1","time":1572867685950,"group":{"id":"internal.statistics.debugger.breakpoints","version":"9"},"event":{"data":{"created":1572867685950,"project":"-612400636"},"id":"total.0"}}
{"session":"555f37192190","build":"183.4886.37","bucket":"-1","time":1572867686028,"group":{"id":"internal.statistics.project.structure","version":"9"},"event":{"data":{"created":1572867686028,"project":"-612400636"},"id":"excluded.roots.count.0"}}
{"session":"555f37192190","build":"183.4886.37","bucket":"-1","time":1572867686028,"group":{"id":"internal.statistics.project.structure","version":"9"},"event":{"data":{"created":1572867686028,"project":"-612400636"},"id":"source.roots.count.1"}}
{"session":"555f37192190","build":"183.4886.37","bucket":"-1","time":1572867686028,"group":{"id":"internal.statistics.project.structure","version":"9"},"event":{"data":{"created":1572867686028,"project":"-612400636"},"id":"source.root.java-source.1"}}
{"session":"555f37192190","build":"183.4886.37","bucket":"-1","time":1572867686028,"group":{"id":"internal.statistics.project.structure","version":"9"},"event":{"data":{"created":1572867686028,"project":"-612400636"},"id":"modules.count.1"}}
{"session":"555f37192190","build":"183.4886.37","bucket":"-1","time":1572867686028,"group":{"id":"internal.statistics.project.structure","version":"9"},"event":{"data":{"created":1572867686028,"project":"-612400636"},"id":"content.roots.count.1"}}
{"session":"555f37192190","build":"183.4886.37","bucket":"-1","time":1572867686028,"group":{"id":"internal.statistics.project.structure","version":"9"},"event":{"data":{"created":1572867686028,"project":"-612400636"},"id":"package.prefix.not.used"}}
{"session":"555f37192190","build":"183.4886.37","bucket":"-1","time":1572867686028,"group":{"id":"internal.statistics.platform.registry.project","version":"9"},"event":{"data":{"created":1572867686028,"project":"-612400636"},"id":"java.completion.argument.hints.internal"}}
{"session":"555f37192190","build":"183.4886.37","bucket":"-1","time":1572867686028,"group":{"id":"internal.statistics.platform.registry.project","version":"9"},"event":{"data":{"created":1572867686028,"project":"-612400636"},"id":"inline.browse.button"}}
{"session":"555f37192190","build":"183.4886.37","bucket":"-1","time":1572867686030,"group":{"id":"internal.statistics.vcs.metrics","version":"9"},"event":{"data":{"created":1572867686030,"project":"-612400636"},"id":"active.changelists.count.1"}}
{"session":"555f37192190","build":"183.4886.37","bucket":"-1","time":1572867686030,"group":{"id":"internal.statistics.vcs.metrics","version":"9"},"event":{"data":{"created":1572867686030,"project":"-612400636"},"id":"unversioned.files.count.0"}}
{"session":"555f37192190","build":"183.4886.37","bucket":"-1","time":1572867686030,"group":{"id":"internal.statistics.vcs.metrics","version":"9"},"event":{"data":{"created":1572867686030,"project":"-612400636"},"id":"vcs.roots.count.0"}}
{"session":"555f37192190","build":"183.4886.37","bucket":"-1","time":1572867686030,"group":{"id":"internal.statistics.vcs.metrics","version":"9"},"event":{"data":{"created":1572867686030,"project":"-612400636"},"id":"ignored.files.count.0"}}
{"session":"555f37192190","build":"183.4886.37","bucket":"-1","time":1572867686030,"group":{"id":"internal.statistics.vcs.metrics","version":"9"},"event":{"data":{"created":1572867686030,"project":"-612400636"},"id":"has.default.vcs.root.mapping.enabled"}}
{"session":"555f37192190","build":"183.4886.37","bucket":"-1","time":1572867686079,"group":{"id":"internal.statistics.file.types","version":"9"},"event":{"data":{"created":1572867686079,"project":"-612400636"},"id":"IDEA_MODULE"}}
{"session":"555f37192190","build":"183.4886.37","bucket":"-1","time":1572867686086,"group":{"id":"internal.statistics.vcs.git.settings","version":"9"},"event":{"data":{"created":1572867686086,"project":"-612400636"},"id":"config.push.update.all.roots.enabled"}}
{"session":"555f37192190","build":"183.4886.37","bucket":"-1","time":1572867686086,"group":{"id":"internal.statistics.vcs.git.settings","version":"9"},"event":{"data":{"created":1572867686086,"project":"-612400636"},"id":"config.push.autoupdate.disabled"}}
{"session":"555f37192190","build":"183.4886.37","bucket":"-1","time":1572867686086,"group":{"id":"internal.statistics.vcs.git.settings","version":"9"},"event":{"data":{"created":1572867686086,"project":"-612400636"},"id":"version.0.0.0-NULL"}}
{"session":"555f37192190","build":"183.4886.37","bucket":"-1","time":1572867686086,"group":{"id":"internal.statistics.vcs.git.settings","version":"9"},"event":{"data":{"created":1572867686086,"project":"-612400636"},"id":"config.repo.sync.NOT_DECIDED"}}
{"session":"555f37192190","build":"183.4886.37","bucket":"-1","time":1572867686086,"group":{"id":"internal.statistics.vcs.git.settings","version":"9"},"event":{"data":{"created":1572867686086,"project":"-612400636"},"id":"config.save.policy.STASH"}}
{"session":"555f37192190","build":"183.4886.37","bucket":"-1","time":1572867686086,"group":{"id":"internal.statistics.vcs.git.settings","version":"9"},"event":{"data":{"created":1572867686086,"project":"-612400636"},"id":"config.ssh.disabled"}}
{"session":"555f37192190","build":"183.4886.37","bucket":"-1","time":1572867686086,"group":{"id":"internal.statistics.vcs.git.settings","version":"9"},"event":{"data":{"created":1572867686086,"project":"-612400636"},"id":"config.update.type.BRANCH_DEFAULT"}}
{"session":"555f37192190","build":"183.4886.37","bucket":"-1","time":1572867686086,"group":{"id":"internal.statistics.vcs.git.settings","version":"9"},"event":{"data":{"created":1572867686086,"project":"-612400636"},"id":"config.warn.about.crlf.enabled"}}
{"session":"555f37192190","build":"183.4886.37","bucket":"-1","time":1572867686086,"group":{"id":"internal.statistics.vcs.git.settings","version":"9"},"event":{"data":{"created":1572867686086,"project":"-612400636"},"id":"config.warn.about.detached.enabled"}}
{"session":"555f37192190","build":"183.4886.37","bucket":"-1","time":1572867686086,"group":{"id":"internal.statistics.vcs.git.settings","version":"9"},"event":{"data":{"created":1572867686086,"project":"-612400636"},"id":"config.cherry-pick.autocommit.disabled"}}
{"session":"555f37192190","build":"183.4886.37","bucket":"-1","time":1572867686086,"group":{"id":"internal.statistics.vcs.options","version":"9"},"event":{"data":{"created":1572867686086,"project":"-612400636"},"id":"commit.before.check.code.cleanup.disabled"}}
{"session":"555f37192190","build":"183.4886.37","bucket":"-1","time":1572867686086,"group":{"id":"internal.statistics.vcs.options","version":"9"},"event":{"data":{"created":1572867686086,"project":"-612400636"},"id":"changelist.preselect.existing.disabled"}}
{"session":"555f37192190","build":"183.4886.37","bucket":"-1","time":1572867686086,"group":{"id":"internal.statistics.vcs.options","version":"9"},"event":{"data":{"created":1572867686086,"project":"-612400636"},"id":"offer.move.failed.committed.do_nothing_silently"}}
{"session":"555f37192190","build":"183.4886.37","bucket":"-1","time":1572867686086,"group":{"id":"internal.statistics.vcs.options","version":"9"},"event":{"data":{"created":1572867686086,"project":"-612400636"},"id":"commit.before.check.code.smell.enabled"}}
{"session":"555f37192190","build":"183.4886.37","bucket":"-1","time":1572867686086,"group":{"id":"internal.statistics.vcs.options","version":"9"},"event":{"data":{"created":1572867686087,"project":"-612400636"},"id":"offer.move.partially.committed.disabled"}}
{"session":"555f37192190","build":"183.4886.37","bucket":"-1","time":1572867686086,"group":{"id":"internal.statistics.vcs.options","version":"9"},"event":{"data":{"created":1572867686087,"project":"-612400636"},"id":"perform.commit.in.background.enabled"}}
{"session":"555f37192190","build":"183.4886.37","bucket":"-1","time":1572867686086,"group":{"id":"internal.statistics.vcs.options","version":"9"},"event":{"data":{"created":1572867686087,"project":"-612400636"},"id":"perform.rollback.in.background.disabled"}}
{"session":"555f37192190","build":"183.4886.37","bucket":"-1","time":1572867686086,"group":{"id":"internal.statistics.vcs.options","version":"9"},"event":{"data":{"created":1572867686087,"project":"-612400636"},"id":"commit.before.optimize.imports.disabled"}}
{"session":"555f37192190","build":"183.4886.37","bucket":"-1","time":1572867686086,"group":{"id":"internal.statistics.vcs.options","version":"9"},"event":{"data":{"created":1572867686087,"project":"-612400636"},"id":"commit.before.reformat.project.disabled"}}
{"session":"555f37192190","build":"183.4886.37","bucket":"-1","time":1572867686086,"group":{"id":"internal.statistics.vcs.options","version":"9"},"event":{"data":{"created":1572867686087,"project":"-612400636"},"id":"changelist.make.new.active.disabled"}}
{"session":"555f37192190","build":"183.4886.37","bucket":"-1","time":1572867686086,"group":{"id":"internal.statistics.vcs.options","version":"9"},"event":{"data":{"created":1572867686087,"project":"-612400636"},"id":"perform.edit.in.background.enabled"}}
{"session":"555f37192190","build":"183.4886.37","bucket":"-1","time":1572867686086,"group":{"id":"internal.statistics.vcs.options","version":"9"},"event":{"data":{"created":1572867686087,"project":"-612400636"},"id":"include.text.into.shelf.enabled"}}
{"session":"555f37192190","build":"183.4886.37","bucket":"-1","time":1572867686086,"group":{"id":"internal.statistics.vcs.options","version":"9"},"event":{"data":{"created":1572867686087,"project":"-612400636"},"id":"perform.update.in.background.enabled"}}
{"session":"555f37192190","build":"183.4886.37","bucket":"-1","time":1572867686086,"group":{"id":"internal.statistics.vcs.options","version":"9"},"event":{"data":{"created":1572867686087,"project":"-612400636"},"id":"commit.clear.initial.comment.disabled"}}
{"session":"555f37192190","build":"183.4886.37","bucket":"-1","time":1572867686086,"group":{"id":"internal.statistics.vcs.options","version":"9"},"event":{"data":{"created":1572867686087,"project":"-612400636"},"id":"perform.checkout.in.background.enabled"}}
{"session":"555f37192190","build":"183.4886.37","bucket":"-1","time":1572867686086,"group":{"id":"internal.statistics.vcs.options","version":"9"},"event":{"data":{"created":1572867686087,"project":"-612400636"},"id":"commit.before.check.todo.enabled"}}
{"session":"555f37192190","build":"183.4886.37","bucket":"-1","time":1572867686086,"group":{"id":"internal.statistics.vcs.options","version":"9"},"event":{"data":{"created":1572867686087,"project":"-612400636"},"id":"offer.remove.empty.changelist.show_confirmation"}}
{"session":"555f37192190","build":"183.4886.37","bucket":"-1","time":1572867686086,"group":{"id":"internal.statistics.vcs.options","version":"9"},"event":{"data":{"created":1572867686087,"project":"-612400636"},"id":"perform.add_remove.in.background.enabled"}}
{"session":"555f37192190","build":"183.4886.37","bucket":"-1","time":1572867686086,"group":{"id":"internal.statistics.vcs.options","version":"9"},"event":{"data":{"created":1572867686087,"project":"-612400636"},"id":"commit.before.check.non.empty.comment.disabled"}}
{"session":"555f37192190","build":"183.4886.37","bucket":"-1","time":1572867686086,"group":{"id":"internal.statistics.vcs.options","version":"9"},"event":{"data":{"created":1572867686087,"project":"-612400636"},"id":"commit.before.rearrange.disabled"}}
{"session":"555f37192190","build":"183.4886.37","bucket":"-1","time":1572867686086,"group":{"id":"internal.statistics.vcs.options","version":"9"},"event":{"data":{"created":1572867686088,"project":"-612400636"},"id":"show.changes.preview.disabled"}}
{"session":"555f37192190","build":"183.4886.37","bucket":"-1","time":1572867686086,"group":{"id":"internal.statistics.vcs.options","version":"9"},"event":{"data":{"created":1572867686088,"project":"-612400636"},"id":"commit.show.unversioned.enabled"}}
{"session":"555f37192190","build":"183.4886.37","bucket":"-1","time":1572867686086,"group":{"id":"internal.statistics.vcs.options","version":"9"},"event":{"data":{"created":1572867686088,"project":"-612400636"},"id":"check.conflicts.in.background.disabled"}}
{"session":"555f37192190","build":"183.4886.37","bucket":"-1","time":1572867686086,"group":{"id":"internal.statistics.vcs.options","version":"9"},"event":{"data":{"created":1572867686088,"project":"-612400636"},"id":"commit.use.right.margin.enabled"}}
{"session":"555f37192190","build":"183.4886.37","bucket":"-1","time":1572868718067,"group":{"id":"statistics.lifecycle.app","version":"9"},"event":{"count":1,"data":{"created":1572868718067},"id":"ide.close"}}
{"session":"555f37192190","build":"183.4886.37","bucket":"-1","time":1572868718067,"group":{"id":"lifecycle","version":"9"},"event":{"count":1,"data":{"restart":false,"created":1572868718068},"id":"app.closed"}}
{"session":"555f37192190","build":"183.4886.37","bucket":"-1","time":1572868718084,"group":{"id":"statistics.lifecycle.project","version":"9"},"event":{"count":1,"data":{"created":1572868718084,"project":"-612400636"},"id":"project.closed"}}
{"session":"555f37192190","build":"183.4886.37","bucket":"-1","time":1572868718112,"group":{"id":"lifecycle","version":"9"},"event":{"count":1,"data":{"created":1572868718112},"id":"project.closed"}}
