{"session":"c4eef9030ac7","build":"183.4886.37","bucket":"-1","time":1572892317072,"group":{"id":"system.os.name","version":"9"},"event":{"data":{"created":1572892317072},"id":"Mac.OS.X"}}
{"session":"c4eef9030ac7","build":"183.4886.37","bucket":"-1","time":1572892317072,"group":{"id":"system.os.version","version":"9"},"event":{"data":{"created":1572892317087},"id":"10.13.6"}}
{"session":"c4eef9030ac7","build":"183.4886.37","bucket":"-1","time":1572892317072,"group":{"id":"system.jvm.vendor","version":"9"},"event":{"data":{"created":1572892317095},"id":"JetBrains_s.r.o"}}
{"session":"c4eef9030ac7","build":"183.4886.37","bucket":"-1","time":1572892317072,"group":{"id":"system.jvm.version","version":"9"},"event":{"data":{"created":1572892317096},"id":"1.8"}}
{"session":"c4eef9030ac7","build":"183.4886.37","bucket":"-1","time":1572892317075,"group":{"id":"settings","version":"9"},"event":{"data":{"created":1572892317097,"name":"activeMruEditorOnClose","value":false},"id":"UISettings"}}
{"session":"c4eef9030ac7","build":"183.4886.37","bucket":"-1","time":1572892317075,"group":{"id":"settings","version":"9"},"event":{"data":{"created":1572892317097,"name":"activeRightEditorOnClose","value":false},"id":"UISettings"}}
{"session":"c4eef9030ac7","build":"183.4886.37","bucket":"-1","time":1572892317075,"group":{"id":"settings","version":"9"},"event":{"data":{"created":1572892317098,"name":"allowMergeButtons","value":true},"id":"UISettings"}}
{"session":"c4eef9030ac7","build":"183.4886.37","bucket":"-1","time":1572892317075,"group":{"id":"settings","version":"9"},"event":{"data":{"created":1572892317098,"name":"alwaysShowWindowsButton","value":false},"id":"UISettings"}}
{"session":"c4eef9030ac7","build":"183.4886.37","bucket":"-1","time":1572892317075,"group":{"id":"settings","version":"9"},"event":{"data":{"created":1572892317099,"name":"animateWindows","value":true},"id":"UISettings"}}
{"session":"c4eef9030ac7","build":"183.4886.37","bucket":"-1","time":1572892317075,"group":{"id":"settings","version":"9"},"event":{"data":{"created":1572892317099,"name":"closeNonModifiedFilesFirst","value":false},"id":"UISettings"}}
{"session":"c4eef9030ac7","build":"183.4886.37","bucket":"-1","time":1572892317075,"group":{"id":"settings","version":"9"},"event":{"data":{"created":1572892317100,"name":"closeTabButtonOnTheRight","value":true},"id":"UISettings"}}
{"session":"c4eef9030ac7","build":"183.4886.37","bucket":"-1","time":1572892317075,"group":{"id":"settings","version":"9"},"event":{"data":{"created":1572892317100,"name":"cycleScrolling","value":true},"id":"UISettings"}}
{"session":"c4eef9030ac7","build":"183.4886.37","bucket":"-1","time":1572892317075,"group":{"id":"settings","version":"9"},"event":{"data":{"created":1572892317101,"name":"defaultAutoScrollToSource","value":false},"id":"UISettings"}}
{"session":"c4eef9030ac7","build":"183.4886.37","bucket":"-1","time":1572892317075,"group":{"id":"settings","version":"9"},"event":{"data":{"created":1572892317101,"name":"disableMnemonics","value":true},"id":"UISettings"}}
{"session":"c4eef9030ac7","build":"183.4886.37","bucket":"-1","time":1572892317075,"group":{"id":"settings","version":"9"},"event":{"data":{"created":1572892317101,"name":"disableMnemonicsInControls","value":false},"id":"UISettings"}}
{"session":"c4eef9030ac7","build":"183.4886.37","bucket":"-1","time":1572892317075,"group":{"id":"settings","version":"9"},"event":{"data":{"created":1572892317102,"name":"dndWithPressedAltOnly","value":false},"id":"UISettings"}}
{"session":"c4eef9030ac7","build":"183.4886.37","bucket":"-1","time":1572892317075,"group":{"id":"settings","version":"9"},"event":{"data":{"created":1572892317102,"name":"enableAlphaMode","value":false},"id":"UISettings"}}
{"session":"c4eef9030ac7","build":"183.4886.37","bucket":"-1","time":1572892317075,"group":{"id":"settings","version":"9"},"event":{"data":{"created":1572892317102,"name":"hideKnownExtensionInTabs","value":false},"id":"UISettings"}}
{"session":"c4eef9030ac7","build":"183.4886.37","bucket":"-1","time":1572892317075,"group":{"id":"settings","version":"9"},"event":{"data":{"created":1572892317103,"name":"hideNavigationOnFocusLoss","value":true},"id":"UISettings"}}
{"session":"c4eef9030ac7","build":"183.4886.37","bucket":"-1","time":1572892317075,"group":{"id":"settings","version":"9"},"event":{"data":{"created":1572892317103,"name":"hideTabsIfNeed","value":true},"id":"UISettings"}}
{"session":"c4eef9030ac7","build":"183.4886.37","bucket":"-1","time":1572892317075,"group":{"id":"settings","version":"9"},"event":{"data":{"created":1572892317104,"name":"hideToolStripes","value":false},"id":"UISettings"}}
{"session":"c4eef9030ac7","build":"183.4886.37","bucket":"-1","time":1572892317075,"group":{"id":"settings","version":"9"},"event":{"data":{"created":1572892317104,"name":"leftHorizontalSplit","value":false},"id":"UISettings"}}
{"session":"c4eef9030ac7","build":"183.4886.37","bucket":"-1","time":1572892317075,"group":{"id":"settings","version":"9"},"event":{"data":{"created":1572892317104,"name":"markModifiedTabsWithAsterisk","value":false},"id":"UISettings"}}
{"session":"c4eef9030ac7","build":"183.4886.37","bucket":"-1","time":1572892317075,"group":{"id":"settings","version":"9"},"event":{"data":{"created":1572892317105,"name":"mergeEqualStackTraces","value":true},"id":"UISettings"}}
{"session":"c4eef9030ac7","build":"183.4886.37","bucket":"-1","time":1572892317075,"group":{"id":"settings","version":"9"},"event":{"data":{"created":1572892317105,"name":"moveMouseOnDefaultButton","value":false},"id":"UISettings"}}
{"session":"c4eef9030ac7","build":"183.4886.37","bucket":"-1","time":1572892317075,"group":{"id":"settings","version":"9"},"event":{"data":{"created":1572892317105,"name":"navigateToPreview","value":false},"id":"UISettings"}}
{"session":"c4eef9030ac7","build":"183.4886.37","bucket":"-1","time":1572892317075,"group":{"id":"settings","version":"9"},"event":{"data":{"created":1572892317106,"name":"overrideConsoleCycleBufferSize","value":false},"id":"UISettings"}}
{"session":"c4eef9030ac7","build":"183.4886.37","bucket":"-1","time":1572892317075,"group":{"id":"settings","version":"9"},"event":{"data":{"created":1572892317106,"name":"overrideLafFonts","value":false},"id":"UISettings"}}
{"session":"c4eef9030ac7","build":"183.4886.37","bucket":"-1","time":1572892317075,"group":{"id":"settings","version":"9"},"event":{"data":{"created":1572892317106,"name":"pinFindInPath","value":false},"id":"UISettings"}}
{"session":"c4eef9030ac7","build":"183.4886.37","bucket":"-1","time":1572892317075,"group":{"id":"settings","version":"9"},"event":{"data":{"created":1572892317107,"name":"presentationMode","value":false},"id":"UISettings"}}
{"session":"c4eef9030ac7","build":"183.4886.37","bucket":"-1","time":1572892317075,"group":{"id":"settings","version":"9"},"event":{"data":{"created":1572892317107,"name":"reuseNotModifiedTabs","value":false},"id":"UISettings"}}
{"session":"c4eef9030ac7","build":"183.4886.37","bucket":"-1","time":1572892317075,"group":{"id":"settings","version":"9"},"event":{"data":{"created":1572892317107,"name":"rightHorizontalSplit","value":false},"id":"UISettings"}}
{"session":"c4eef9030ac7","build":"183.4886.37","bucket":"-1","time":1572892317075,"group":{"id":"settings","version":"9"},"event":{"data":{"created":1572892317108,"name":"scrollTabLayoutInEditor","value":true},"id":"UISettings"}}
{"session":"c4eef9030ac7","build":"183.4886.37","bucket":"-1","time":1572892317075,"group":{"id":"settings","version":"9"},"event":{"data":{"created":1572892317108,"name":"showCloseButton","value":true},"id":"UISettings"}}
{"session":"c4eef9030ac7","build":"183.4886.37","bucket":"-1","time":1572892317075,"group":{"id":"settings","version":"9"},"event":{"data":{"created":1572892317108,"name":"showDirectoryForNonUniqueFilenames","value":true},"id":"UISettings"}}
{"session":"c4eef9030ac7","build":"183.4886.37","bucket":"-1","time":1572892317075,"group":{"id":"settings","version":"9"},"event":{"data":{"created":1572892317108,"name":"showEditorToolTip","value":true},"id":"UISettings"}}
{"session":"c4eef9030ac7","build":"183.4886.37","bucket":"-1","time":1572892317075,"group":{"id":"settings","version":"9"},"event":{"data":{"created":1572892317109,"name":"showIconInQuickNavigation","value":true},"id":"UISettings"}}
{"session":"c4eef9030ac7","build":"183.4886.37","bucket":"-1","time":1572892317075,"group":{"id":"settings","version":"9"},"event":{"data":{"created":1572892317109,"name":"showIconsInMenus","value":true},"id":"UISettings"}}
{"session":"c4eef9030ac7","build":"183.4886.37","bucket":"-1","time":1572892317075,"group":{"id":"settings","version":"9"},"event":{"data":{"created":1572892317109,"name":"showMainToolbar","value":false},"id":"UISettings"}}
{"session":"c4eef9030ac7","build":"183.4886.37","bucket":"-1","time":1572892317075,"group":{"id":"settings","version":"9"},"event":{"data":{"created":1572892317110,"name":"showMemoryIndicator","value":false},"id":"UISettings"}}
{"session":"c4eef9030ac7","build":"183.4886.37","bucket":"-1","time":1572892317075,"group":{"id":"settings","version":"9"},"event":{"data":{"created":1572892317110,"name":"showNavigationBar","value":true},"id":"UISettings"}}
{"session":"c4eef9030ac7","build":"183.4886.37","bucket":"-1","time":1572892317075,"group":{"id":"settings","version":"9"},"event":{"data":{"created":1572892317110,"name":"showStatusBar","value":true},"id":"UISettings"}}
{"session":"c4eef9030ac7","build":"183.4886.37","bucket":"-1","time":1572892317075,"group":{"id":"settings","version":"9"},"event":{"data":{"created":1572892317111,"name":"showTabsTooltips","value":true},"id":"UISettings"}}
{"session":"c4eef9030ac7","build":"183.4886.37","bucket":"-1","time":1572892317075,"group":{"id":"settings","version":"9"},"event":{"data":{"created":1572892317111,"name":"showToolWindowsNumbers","value":true},"id":"UISettings"}}
{"session":"c4eef9030ac7","build":"183.4886.37","bucket":"-1","time":1572892317075,"group":{"id":"settings","version":"9"},"event":{"data":{"created":1572892317111,"name":"smoothScrolling","value":true},"id":"UISettings"}}
{"session":"c4eef9030ac7","build":"183.4886.37","bucket":"-1","time":1572892317075,"group":{"id":"settings","version":"9"},"event":{"data":{"created":1572892317111,"name":"sortBookmarks","value":false},"id":"UISettings"}}
{"session":"c4eef9030ac7","build":"183.4886.37","bucket":"-1","time":1572892317075,"group":{"id":"settings","version":"9"},"event":{"data":{"created":1572892317112,"name":"sortLookupElementsLexicographically","value":false},"id":"UISettings"}}
{"session":"c4eef9030ac7","build":"183.4886.37","bucket":"-1","time":1572892317075,"group":{"id":"settings","version":"9"},"event":{"data":{"created":1572892317112,"name":"useSmallLabelsOnTabs","value":true},"id":"UISettings"}}
{"session":"c4eef9030ac7","build":"183.4886.37","bucket":"-1","time":1572892317076,"group":{"id":"settings","version":"9"},"event":{"data":{"created":1572892317112,"name":"wideScreenSupport","value":false},"id":"UISettings"}}
{"session":"c4eef9030ac7","build":"183.4886.37","bucket":"-1","time":1572892317823,"group":{"id":"settings","version":"9"},"event":{"data":{"created":1572892317823,"name":"autoSaveIfInactive","value":false},"id":"GeneralSettings"}}
{"session":"c4eef9030ac7","build":"183.4886.37","bucket":"-1","time":1572892317823,"group":{"id":"settings","version":"9"},"event":{"data":{"created":1572892317823,"name":"confirmExit","value":true},"id":"GeneralSettings"}}
{"session":"c4eef9030ac7","build":"183.4886.37","bucket":"-1","time":1572892317823,"group":{"id":"settings","version":"9"},"event":{"data":{"created":1572892317824,"name":"reopenLastProject","value":true},"id":"GeneralSettings"}}
{"session":"c4eef9030ac7","build":"183.4886.37","bucket":"-1","time":1572892317823,"group":{"id":"settings","version":"9"},"event":{"data":{"created":1572892317824,"name":"saveOnFrameDeactivation","value":true},"id":"GeneralSettings"}}
{"session":"c4eef9030ac7","build":"183.4886.37","bucket":"-1","time":1572892317823,"group":{"id":"settings","version":"9"},"event":{"data":{"created":1572892317824,"name":"searchInBackground","value":false},"id":"GeneralSettings"}}
{"session":"c4eef9030ac7","build":"183.4886.37","bucket":"-1","time":1572892317823,"group":{"id":"settings","version":"9"},"event":{"data":{"default":false,"created":1572892317824,"name":"showTipsOnStartup","value":false},"id":"GeneralSettings"}}
{"session":"c4eef9030ac7","build":"183.4886.37","bucket":"-1","time":1572892317823,"group":{"id":"settings","version":"9"},"event":{"data":{"created":1572892317824,"name":"showWelcomeScreen","value":true},"id":"GeneralSettings"}}
{"session":"c4eef9030ac7","build":"183.4886.37","bucket":"-1","time":1572892317823,"group":{"id":"settings","version":"9"},"event":{"data":{"created":1572892317824,"name":"supportScreenReaders","value":false},"id":"GeneralSettings"}}
{"session":"c4eef9030ac7","build":"183.4886.37","bucket":"-1","time":1572892317823,"group":{"id":"settings","version":"9"},"event":{"data":{"created":1572892317824,"name":"syncOnFrameActivation","value":true},"id":"GeneralSettings"}}
{"session":"c4eef9030ac7","build":"183.4886.37","bucket":"-1","time":1572892317823,"group":{"id":"settings","version":"9"},"event":{"data":{"created":1572892317825,"name":"useDefaultBrowser","value":true},"id":"GeneralSettings"}}
{"session":"c4eef9030ac7","build":"183.4886.37","bucket":"-1","time":1572892317823,"group":{"id":"settings","version":"9"},"event":{"data":{"created":1572892317825,"name":"useSafeWrite","value":true},"id":"GeneralSettings"}}
{"session":"c4eef9030ac7","build":"183.4886.37","bucket":"-1","time":1572892319178,"group":{"id":"statistics.lifecycle.app","version":"9"},"event":{"count":1,"data":{"created":1572892319178},"id":"ide.start"}}
{"session":"c4eef9030ac7","build":"183.4886.37","bucket":"-1","time":1572892319179,"group":{"id":"lifecycle","version":"9"},"event":{"count":1,"data":{"created":1572892319179},"id":"app.started"}}
{"session":"c4eef9030ac7","build":"183.4886.37","bucket":"-1","time":1572892321884,"group":{"id":"actions.v2","version":"9"},"event":{"count":1,"data":{"context_menu":false,"created":1572892321884,"data_1":"Mac"},"id":"WelcomeScreen.CreateNewProject"}}
{"session":"c4eef9030ac7","build":"183.4886.37","bucket":"-1","time":1572892322933,"group":{"id":"ui.dialogs","version":"9"},"event":{"count":1,"data":{"created":1572892322933,"type":"show"},"id":"com.intellij.ide.projectWizard.NewProjectWizard"}}
{"session":"c4eef9030ac7","build":"183.4886.37","bucket":"-1","time":1572892323817,"group":{"id":"ui.dialogs","version":"9"},"event":{"count":1,"data":{"created":1572892323817,"type":"show"},"id":"com.intellij.openapi.progress.util.ProgressDialog$MyDialogWrapper"}}
{"session":"c4eef9030ac7","build":"183.4886.37","bucket":"-1","time":1572892324132,"group":{"id":"ui.dialogs","version":"9"},"event":{"count":1,"data":{"code":1,"created":1572892324132,"type":"close"},"id":"com.intellij.openapi.progress.util.ProgressDialog$MyDialogWrapper"}}
{"session":"c4eef9030ac7","build":"183.4886.37","bucket":"-1","time":1572892331934,"group":{"id":"ui.dialogs","version":"9"},"event":{"count":1,"data":{"code":0,"created":1572892331934,"type":"close"},"id":"com.intellij.ide.projectWizard.NewProjectWizard"}}
{"session":"c4eef9030ac7","build":"183.4886.37","bucket":"-1","time":1572892333526,"group":{"id":"statistics.lifecycle.project","version":"9"},"event":{"count":1,"data":{"created":1572892333526,"project":"394514740"},"id":"project.opened"}}
{"session":"c4eef9030ac7","build":"183.4886.37","bucket":"-1","time":1572892333526,"group":{"id":"lifecycle","version":"9"},"event":{"count":1,"data":{"created":1572892333527},"id":"project.opened"}}
{"session":"c4eef9030ac7","build":"183.4886.37","bucket":"-1","time":1572892334471,"group":{"id":"ui.dialogs","version":"9"},"event":{"count":1,"data":{"created":1572892334471,"type":"show"},"id":"com.intellij.openapi.progress.util.ProgressDialog$MyDialogWrapper"}}
{"session":"c4eef9030ac7","build":"183.4886.37","bucket":"-1","time":1572892334747,"group":{"id":"ui.dialogs","version":"9"},"event":{"count":1,"data":{"code":1,"created":1572892334747,"type":"close"},"id":"com.intellij.openapi.progress.util.ProgressDialog$MyDialogWrapper"}}
{"session":"c4eef9030ac7","build":"183.4886.37","bucket":"-1","time":1572892335324,"group":{"id":"statistics.lifecycle.project","version":"9"},"event":{"count":1,"data":{"created":1572892335324,"project":"394514740"},"id":"project.open.time.3"}}
{"session":"c4eef9030ac7","build":"183.4886.37","bucket":"-1","time":1572892335325,"group":{"id":"lifecycle","version":"9"},"event":{"count":1,"data":{"created":1572892335325,"time.ms":3343},"id":"project.opening.finished"}}
{"session":"c4eef9030ac7","build":"183.4886.37","bucket":"-1","time":1572892336510,"group":{"id":"toolwindow.v2","version":"9"},"event":{"count":1,"data":{"created":1572892336510,"data_1":"Mac"},"id":"Project_by_Activation"}}
{"session":"c4eef9030ac7","build":"183.4886.37","bucket":"-1","time":1572892348321,"group":{"id":"statistics.file.types.open","version":"9"},"event":{"count":5,"data":{"last":1572892354496,"created":1572892348321,"project":"394514740"},"id":"XML"}}
{"session":"c4eef9030ac7","build":"183.4886.37","bucket":"-1","time":1572892358291,"group":{"id":"statistics.lifecycle.project","version":"9"},"event":{"count":1,"data":{"created":1572892358291,"project":"394514740"},"id":"project.closed"}}
{"session":"c4eef9030ac7","build":"183.4886.37","bucket":"-1","time":1572892358512,"group":{"id":"lifecycle","version":"9"},"event":{"count":1,"data":{"created":1572892358512},"id":"project.closed"}}
{"session":"c4eef9030ac7","build":"183.4886.37","bucket":"-1","time":1572892360531,"group":{"id":"actions.v2","version":"9"},"event":{"count":1,"data":{"context_menu":false,"created":1572892360531,"data_1":"Mac"},"id":"WelcomeScreen.CreateNewProject"}}
{"session":"c4eef9030ac7","build":"183.4886.37","bucket":"-1","time":1572892360726,"group":{"id":"ui.dialogs","version":"9"},"event":{"count":1,"data":{"created":1572892360726,"type":"show"},"id":"com.intellij.ide.projectWizard.NewProjectWizard"}}
{"session":"c4eef9030ac7","build":"183.4886.37","bucket":"-1","time":1572892361188,"group":{"id":"ui.dialogs","version":"9"},"event":{"count":1,"data":{"created":1572892361188,"type":"show"},"id":"com.intellij.openapi.progress.util.ProgressDialog$MyDialogWrapper"}}
{"session":"c4eef9030ac7","build":"183.4886.37","bucket":"-1","time":1572892361316,"group":{"id":"ui.dialogs","version":"9"},"event":{"count":1,"data":{"code":1,"created":1572892361316,"type":"close"},"id":"com.intellij.openapi.progress.util.ProgressDialog$MyDialogWrapper"}}
{"session":"c4eef9030ac7","build":"183.4886.37","bucket":"-1","time":1572892379059,"group":{"id":"ui.dialogs","version":"9"},"event":{"count":1,"data":{"code":0,"created":1572892379059,"type":"close"},"id":"com.intellij.ide.projectWizard.NewProjectWizard"}}
{"session":"c4eef9030ac7","build":"183.4886.37","bucket":"-1","time":1572892379665,"group":{"id":"statistics.lifecycle.project","version":"9"},"event":{"count":1,"data":{"created":1572892379665,"project":"198001236"},"id":"project.opened"}}
{"session":"c4eef9030ac7","build":"183.4886.37","bucket":"-1","time":1572892379665,"group":{"id":"lifecycle","version":"9"},"event":{"count":1,"data":{"created":1572892379665},"id":"project.opened"}}
{"session":"c4eef9030ac7","build":"183.4886.37","bucket":"-1","time":1572892380007,"group":{"id":"ui.dialogs","version":"9"},"event":{"count":1,"data":{"created":1572892380007,"type":"show"},"id":"com.intellij.openapi.progress.util.ProgressDialog$MyDialogWrapper"}}
{"session":"c4eef9030ac7","build":"183.4886.37","bucket":"-1","time":1572892380066,"group":{"id":"ui.dialogs","version":"9"},"event":{"count":1,"data":{"code":1,"created":1572892380066,"type":"close"},"id":"com.intellij.openapi.progress.util.ProgressDialog$MyDialogWrapper"}}
{"session":"c4eef9030ac7","build":"183.4886.37","bucket":"-1","time":1572892380523,"group":{"id":"statistics.lifecycle.project","version":"9"},"event":{"count":1,"data":{"created":1572892380523,"project":"198001236"},"id":"project.open.time.1"}}
{"session":"c4eef9030ac7","build":"183.4886.37","bucket":"-1","time":1572892380523,"group":{"id":"lifecycle","version":"9"},"event":{"count":1,"data":{"created":1572892380523,"time.ms":1442},"id":"project.opening.finished"}}
{"session":"c4eef9030ac7","build":"183.4886.37","bucket":"-1","time":1572892381017,"group":{"id":"toolwindow.v2","version":"9"},"event":{"count":1,"data":{"created":1572892381017,"data_1":"Mac"},"id":"Project_by_Activation"}}
{"session":"c4eef9030ac7","build":"183.4886.37","bucket":"-1","time":1572892400097,"group":{"id":"statistics.lifecycle.project","version":"9"},"event":{"count":1,"data":{"created":1572892400097,"project":"198001236"},"id":"project.closed"}}
{"session":"c4eef9030ac7","build":"183.4886.37","bucket":"-1","time":1572892400149,"group":{"id":"lifecycle","version":"9"},"event":{"count":1,"data":{"created":1572892400149},"id":"project.closed"}}
{"session":"c4eef9030ac7","build":"183.4886.37","bucket":"-1","time":1572892403291,"group":{"id":"statistics.lifecycle.app","version":"9"},"event":{"count":1,"data":{"created":1572892403291},"id":"ide.close"}}
{"session":"c4eef9030ac7","build":"183.4886.37","bucket":"-1","time":1572892403291,"group":{"id":"lifecycle","version":"9"},"event":{"count":1,"data":{"restart":false,"created":1572892403292},"id":"app.closed"}}
