{"session":"670f4ac3db28","build":"183.4886.37","bucket":"-1","time":1572892613841,"group":{"id":"system.os.name","version":"9"},"event":{"data":{"created":1572892613842},"id":"Mac.OS.X"}}
{"session":"670f4ac3db28","build":"183.4886.37","bucket":"-1","time":1572892613842,"group":{"id":"system.os.version","version":"9"},"event":{"data":{"created":1572892613853},"id":"10.13.6"}}
{"session":"670f4ac3db28","build":"183.4886.37","bucket":"-1","time":1572892613842,"group":{"id":"system.jvm.vendor","version":"9"},"event":{"data":{"created":1572892613861},"id":"JetBrains_s.r.o"}}
{"session":"670f4ac3db28","build":"183.4886.37","bucket":"-1","time":1572892613842,"group":{"id":"system.jvm.version","version":"9"},"event":{"data":{"created":1572892613861},"id":"1.8"}}
{"session":"670f4ac3db28","build":"183.4886.37","bucket":"-1","time":1572892613846,"group":{"id":"settings","version":"9"},"event":{"data":{"created":1572892613862,"name":"activeMruEditorOnClose","value":false},"id":"UISettings"}}
{"session":"670f4ac3db28","build":"183.4886.37","bucket":"-1","time":1572892613846,"group":{"id":"settings","version":"9"},"event":{"data":{"created":1572892613862,"name":"activeRightEditorOnClose","value":false},"id":"UISettings"}}
{"session":"670f4ac3db28","build":"183.4886.37","bucket":"-1","time":1572892613846,"group":{"id":"settings","version":"9"},"event":{"data":{"created":1572892613863,"name":"allowMergeButtons","value":true},"id":"UISettings"}}
{"session":"670f4ac3db28","build":"183.4886.37","bucket":"-1","time":1572892613846,"group":{"id":"settings","version":"9"},"event":{"data":{"created":1572892613863,"name":"alwaysShowWindowsButton","value":false},"id":"UISettings"}}
{"session":"670f4ac3db28","build":"183.4886.37","bucket":"-1","time":1572892613846,"group":{"id":"settings","version":"9"},"event":{"data":{"created":1572892613864,"name":"animateWindows","value":true},"id":"UISettings"}}
{"session":"670f4ac3db28","build":"183.4886.37","bucket":"-1","time":1572892613846,"group":{"id":"settings","version":"9"},"event":{"data":{"created":1572892613864,"name":"closeNonModifiedFilesFirst","value":false},"id":"UISettings"}}
{"session":"670f4ac3db28","build":"183.4886.37","bucket":"-1","time":1572892613846,"group":{"id":"settings","version":"9"},"event":{"data":{"created":1572892613865,"name":"closeTabButtonOnTheRight","value":true},"id":"UISettings"}}
{"session":"670f4ac3db28","build":"183.4886.37","bucket":"-1","time":1572892613846,"group":{"id":"settings","version":"9"},"event":{"data":{"created":1572892613865,"name":"cycleScrolling","value":true},"id":"UISettings"}}
{"session":"670f4ac3db28","build":"183.4886.37","bucket":"-1","time":1572892613846,"group":{"id":"settings","version":"9"},"event":{"data":{"created":1572892613866,"name":"defaultAutoScrollToSource","value":false},"id":"UISettings"}}
{"session":"670f4ac3db28","build":"183.4886.37","bucket":"-1","time":1572892613846,"group":{"id":"settings","version":"9"},"event":{"data":{"created":1572892613866,"name":"disableMnemonics","value":true},"id":"UISettings"}}
{"session":"670f4ac3db28","build":"183.4886.37","bucket":"-1","time":1572892613846,"group":{"id":"settings","version":"9"},"event":{"data":{"created":1572892613867,"name":"disableMnemonicsInControls","value":false},"id":"UISettings"}}
{"session":"670f4ac3db28","build":"183.4886.37","bucket":"-1","time":1572892613846,"group":{"id":"settings","version":"9"},"event":{"data":{"created":1572892613868,"name":"dndWithPressedAltOnly","value":false},"id":"UISettings"}}
{"session":"670f4ac3db28","build":"183.4886.37","bucket":"-1","time":1572892613846,"group":{"id":"settings","version":"9"},"event":{"data":{"created":1572892613868,"name":"enableAlphaMode","value":false},"id":"UISettings"}}
{"session":"670f4ac3db28","build":"183.4886.37","bucket":"-1","time":1572892613846,"group":{"id":"settings","version":"9"},"event":{"data":{"created":1572892613869,"name":"hideKnownExtensionInTabs","value":false},"id":"UISettings"}}
{"session":"670f4ac3db28","build":"183.4886.37","bucket":"-1","time":1572892613846,"group":{"id":"settings","version":"9"},"event":{"data":{"created":1572892613869,"name":"hideNavigationOnFocusLoss","value":true},"id":"UISettings"}}
{"session":"670f4ac3db28","build":"183.4886.37","bucket":"-1","time":1572892613846,"group":{"id":"settings","version":"9"},"event":{"data":{"created":1572892613870,"name":"hideTabsIfNeed","value":true},"id":"UISettings"}}
{"session":"670f4ac3db28","build":"183.4886.37","bucket":"-1","time":1572892613846,"group":{"id":"settings","version":"9"},"event":{"data":{"created":1572892613871,"name":"hideToolStripes","value":false},"id":"UISettings"}}
{"session":"670f4ac3db28","build":"183.4886.37","bucket":"-1","time":1572892613846,"group":{"id":"settings","version":"9"},"event":{"data":{"created":1572892613871,"name":"leftHorizontalSplit","value":false},"id":"UISettings"}}
{"session":"670f4ac3db28","build":"183.4886.37","bucket":"-1","time":1572892613846,"group":{"id":"settings","version":"9"},"event":{"data":{"created":1572892613871,"name":"markModifiedTabsWithAsterisk","value":false},"id":"UISettings"}}
{"session":"670f4ac3db28","build":"183.4886.37","bucket":"-1","time":1572892613846,"group":{"id":"settings","version":"9"},"event":{"data":{"created":1572892613872,"name":"mergeEqualStackTraces","value":true},"id":"UISettings"}}
{"session":"670f4ac3db28","build":"183.4886.37","bucket":"-1","time":1572892613846,"group":{"id":"settings","version":"9"},"event":{"data":{"created":1572892613872,"name":"moveMouseOnDefaultButton","value":false},"id":"UISettings"}}
{"session":"670f4ac3db28","build":"183.4886.37","bucket":"-1","time":1572892613846,"group":{"id":"settings","version":"9"},"event":{"data":{"created":1572892613873,"name":"navigateToPreview","value":false},"id":"UISettings"}}
{"session":"670f4ac3db28","build":"183.4886.37","bucket":"-1","time":1572892613846,"group":{"id":"settings","version":"9"},"event":{"data":{"created":1572892613873,"name":"overrideConsoleCycleBufferSize","value":false},"id":"UISettings"}}
{"session":"670f4ac3db28","build":"183.4886.37","bucket":"-1","time":1572892613846,"group":{"id":"settings","version":"9"},"event":{"data":{"created":1572892613873,"name":"overrideLafFonts","value":false},"id":"UISettings"}}
{"session":"670f4ac3db28","build":"183.4886.37","bucket":"-1","time":1572892613846,"group":{"id":"settings","version":"9"},"event":{"data":{"created":1572892613874,"name":"pinFindInPath","value":false},"id":"UISettings"}}
{"session":"670f4ac3db28","build":"183.4886.37","bucket":"-1","time":1572892613846,"group":{"id":"settings","version":"9"},"event":{"data":{"created":1572892613874,"name":"presentationMode","value":false},"id":"UISettings"}}
{"session":"670f4ac3db28","build":"183.4886.37","bucket":"-1","time":1572892613846,"group":{"id":"settings","version":"9"},"event":{"data":{"created":1572892613874,"name":"reuseNotModifiedTabs","value":false},"id":"UISettings"}}
{"session":"670f4ac3db28","build":"183.4886.37","bucket":"-1","time":1572892613846,"group":{"id":"settings","version":"9"},"event":{"data":{"created":1572892613875,"name":"rightHorizontalSplit","value":false},"id":"UISettings"}}
{"session":"670f4ac3db28","build":"183.4886.37","bucket":"-1","time":1572892613846,"group":{"id":"settings","version":"9"},"event":{"data":{"created":1572892613875,"name":"scrollTabLayoutInEditor","value":true},"id":"UISettings"}}
{"session":"670f4ac3db28","build":"183.4886.37","bucket":"-1","time":1572892613846,"group":{"id":"settings","version":"9"},"event":{"data":{"created":1572892613875,"name":"showCloseButton","value":true},"id":"UISettings"}}
{"session":"670f4ac3db28","build":"183.4886.37","bucket":"-1","time":1572892613846,"group":{"id":"settings","version":"9"},"event":{"data":{"created":1572892613876,"name":"showDirectoryForNonUniqueFilenames","value":true},"id":"UISettings"}}
{"session":"670f4ac3db28","build":"183.4886.37","bucket":"-1","time":1572892613846,"group":{"id":"settings","version":"9"},"event":{"data":{"created":1572892613876,"name":"showEditorToolTip","value":true},"id":"UISettings"}}
{"session":"670f4ac3db28","build":"183.4886.37","bucket":"-1","time":1572892613846,"group":{"id":"settings","version":"9"},"event":{"data":{"created":1572892613876,"name":"showIconInQuickNavigation","value":true},"id":"UISettings"}}
{"session":"670f4ac3db28","build":"183.4886.37","bucket":"-1","time":1572892613846,"group":{"id":"settings","version":"9"},"event":{"data":{"created":1572892613877,"name":"showIconsInMenus","value":true},"id":"UISettings"}}
{"session":"670f4ac3db28","build":"183.4886.37","bucket":"-1","time":1572892613846,"group":{"id":"settings","version":"9"},"event":{"data":{"created":1572892613877,"name":"showMainToolbar","value":false},"id":"UISettings"}}
{"session":"670f4ac3db28","build":"183.4886.37","bucket":"-1","time":1572892613846,"group":{"id":"settings","version":"9"},"event":{"data":{"created":1572892613877,"name":"showMemoryIndicator","value":false},"id":"UISettings"}}
{"session":"670f4ac3db28","build":"183.4886.37","bucket":"-1","time":1572892613846,"group":{"id":"settings","version":"9"},"event":{"data":{"created":1572892613878,"name":"showNavigationBar","value":true},"id":"UISettings"}}
{"session":"670f4ac3db28","build":"183.4886.37","bucket":"-1","time":1572892613846,"group":{"id":"settings","version":"9"},"event":{"data":{"created":1572892613878,"name":"showStatusBar","value":true},"id":"UISettings"}}
{"session":"670f4ac3db28","build":"183.4886.37","bucket":"-1","time":1572892613846,"group":{"id":"settings","version":"9"},"event":{"data":{"created":1572892613878,"name":"showTabsTooltips","value":true},"id":"UISettings"}}
{"session":"670f4ac3db28","build":"183.4886.37","bucket":"-1","time":1572892613846,"group":{"id":"settings","version":"9"},"event":{"data":{"created":1572892613878,"name":"showToolWindowsNumbers","value":true},"id":"UISettings"}}
{"session":"670f4ac3db28","build":"183.4886.37","bucket":"-1","time":1572892613846,"group":{"id":"settings","version":"9"},"event":{"data":{"created":1572892613879,"name":"smoothScrolling","value":true},"id":"UISettings"}}
{"session":"670f4ac3db28","build":"183.4886.37","bucket":"-1","time":1572892613846,"group":{"id":"settings","version":"9"},"event":{"data":{"created":1572892613879,"name":"sortBookmarks","value":false},"id":"UISettings"}}
{"session":"670f4ac3db28","build":"183.4886.37","bucket":"-1","time":1572892613846,"group":{"id":"settings","version":"9"},"event":{"data":{"created":1572892613879,"name":"sortLookupElementsLexicographically","value":false},"id":"UISettings"}}
{"session":"670f4ac3db28","build":"183.4886.37","bucket":"-1","time":1572892613846,"group":{"id":"settings","version":"9"},"event":{"data":{"created":1572892613880,"name":"useSmallLabelsOnTabs","value":true},"id":"UISettings"}}
{"session":"670f4ac3db28","build":"183.4886.37","bucket":"-1","time":1572892613846,"group":{"id":"settings","version":"9"},"event":{"data":{"created":1572892613880,"name":"wideScreenSupport","value":false},"id":"UISettings"}}
{"session":"670f4ac3db28","build":"183.4886.37","bucket":"-1","time":1572892614401,"group":{"id":"settings","version":"9"},"event":{"data":{"created":1572892614401,"name":"autoSaveIfInactive","value":false},"id":"GeneralSettings"}}
{"session":"670f4ac3db28","build":"183.4886.37","bucket":"-1","time":1572892614401,"group":{"id":"settings","version":"9"},"event":{"data":{"created":1572892614401,"name":"confirmExit","value":true},"id":"GeneralSettings"}}
{"session":"670f4ac3db28","build":"183.4886.37","bucket":"-1","time":1572892614401,"group":{"id":"settings","version":"9"},"event":{"data":{"created":1572892614401,"name":"reopenLastProject","value":true},"id":"GeneralSettings"}}
{"session":"670f4ac3db28","build":"183.4886.37","bucket":"-1","time":1572892614401,"group":{"id":"settings","version":"9"},"event":{"data":{"created":1572892614402,"name":"saveOnFrameDeactivation","value":true},"id":"GeneralSettings"}}
{"session":"670f4ac3db28","build":"183.4886.37","bucket":"-1","time":1572892614401,"group":{"id":"settings","version":"9"},"event":{"data":{"created":1572892614402,"name":"searchInBackground","value":false},"id":"GeneralSettings"}}
{"session":"670f4ac3db28","build":"183.4886.37","bucket":"-1","time":1572892614401,"group":{"id":"settings","version":"9"},"event":{"data":{"default":false,"created":1572892614402,"name":"showTipsOnStartup","value":false},"id":"GeneralSettings"}}
{"session":"670f4ac3db28","build":"183.4886.37","bucket":"-1","time":1572892614401,"group":{"id":"settings","version":"9"},"event":{"data":{"created":1572892614402,"name":"showWelcomeScreen","value":true},"id":"GeneralSettings"}}
{"session":"670f4ac3db28","build":"183.4886.37","bucket":"-1","time":1572892614401,"group":{"id":"settings","version":"9"},"event":{"data":{"created":1572892614402,"name":"supportScreenReaders","value":false},"id":"GeneralSettings"}}
{"session":"670f4ac3db28","build":"183.4886.37","bucket":"-1","time":1572892614401,"group":{"id":"settings","version":"9"},"event":{"data":{"created":1572892614402,"name":"syncOnFrameActivation","value":true},"id":"GeneralSettings"}}
{"session":"670f4ac3db28","build":"183.4886.37","bucket":"-1","time":1572892614401,"group":{"id":"settings","version":"9"},"event":{"data":{"created":1572892614403,"name":"useDefaultBrowser","value":true},"id":"GeneralSettings"}}
{"session":"670f4ac3db28","build":"183.4886.37","bucket":"-1","time":1572892614401,"group":{"id":"settings","version":"9"},"event":{"data":{"created":1572892614403,"name":"useSafeWrite","value":true},"id":"GeneralSettings"}}
{"session":"670f4ac3db28","build":"183.4886.37","bucket":"-1","time":1572892615928,"group":{"id":"statistics.lifecycle.app","version":"9"},"event":{"count":1,"data":{"created":1572892615929},"id":"ide.start"}}
{"session":"670f4ac3db28","build":"183.4886.37","bucket":"-1","time":1572892615929,"group":{"id":"lifecycle","version":"9"},"event":{"count":1,"data":{"created":1572892615929},"id":"app.started"}}
{"session":"670f4ac3db28","build":"183.4886.37","bucket":"-1","time":1572892617965,"group":{"id":"actions.v2","version":"9"},"event":{"count":1,"data":{"context_menu":false,"created":1572892617965,"data_1":"Mac"},"id":"WelcomeScreen.CreateNewProject"}}
{"session":"670f4ac3db28","build":"183.4886.37","bucket":"-1","time":1572892618783,"group":{"id":"ui.dialogs","version":"9"},"event":{"count":1,"data":{"created":1572892618783,"type":"show"},"id":"com.intellij.ide.projectWizard.NewProjectWizard"}}
{"session":"670f4ac3db28","build":"183.4886.37","bucket":"-1","time":1572892619602,"group":{"id":"ui.dialogs","version":"9"},"event":{"count":1,"data":{"created":1572892619603,"type":"show"},"id":"com.intellij.openapi.progress.util.ProgressDialog$MyDialogWrapper"}}
{"session":"670f4ac3db28","build":"183.4886.37","bucket":"-1","time":1572892619867,"group":{"id":"ui.dialogs","version":"9"},"event":{"count":1,"data":{"code":1,"created":1572892619867,"type":"close"},"id":"com.intellij.openapi.progress.util.ProgressDialog$MyDialogWrapper"}}
{"session":"670f4ac3db28","build":"183.4886.37","bucket":"-1","time":1572892626008,"group":{"id":"ui.dialogs","version":"9"},"event":{"count":1,"data":{"code":0,"created":1572892626008,"type":"close"},"id":"com.intellij.ide.projectWizard.NewProjectWizard"}}
{"session":"670f4ac3db28","build":"183.4886.37","bucket":"-1","time":1572892627096,"group":{"id":"statistics.lifecycle.project","version":"9"},"event":{"count":1,"data":{"created":1572892627096,"project":"-82021856"},"id":"project.opened"}}
{"session":"670f4ac3db28","build":"183.4886.37","bucket":"-1","time":1572892627096,"group":{"id":"lifecycle","version":"9"},"event":{"count":1,"data":{"created":1572892627097},"id":"project.opened"}}
{"session":"670f4ac3db28","build":"183.4886.37","bucket":"-1","time":1572892627898,"group":{"id":"ui.dialogs","version":"9"},"event":{"count":1,"data":{"created":1572892627898,"type":"show"},"id":"com.intellij.openapi.progress.util.ProgressDialog$MyDialogWrapper"}}
{"session":"670f4ac3db28","build":"183.4886.37","bucket":"-1","time":1572892628153,"group":{"id":"ui.dialogs","version":"9"},"event":{"count":1,"data":{"code":1,"created":1572892628153,"type":"close"},"id":"com.intellij.openapi.progress.util.ProgressDialog$MyDialogWrapper"}}
{"session":"670f4ac3db28","build":"183.4886.37","bucket":"-1","time":1572892628748,"group":{"id":"statistics.lifecycle.project","version":"9"},"event":{"count":1,"data":{"created":1572892628748,"project":"-82021856"},"id":"project.open.time.2"}}
{"session":"670f4ac3db28","build":"183.4886.37","bucket":"-1","time":1572892628748,"group":{"id":"lifecycle","version":"9"},"event":{"count":1,"data":{"created":1572892628748,"time.ms":2701},"id":"project.opening.finished"}}
{"session":"670f4ac3db28","build":"183.4886.37","bucket":"-1","time":1572892630129,"group":{"id":"toolwindow.v2","version":"9"},"event":{"count":1,"data":{"created":1572892630129,"data_1":"Mac"},"id":"Project_by_Activation"}}
{"session":"670f4ac3db28","build":"183.4886.37","bucket":"-1","time":1572892643035,"group":{"id":"actions.v2","version":"9"},"event":{"count":1,"data":{"context_menu":true,"created":1572892643035,"place":"ProjectViewPopup","data_1":"Mac"},"id":"OpenModuleSettings"}}
{"session":"670f4ac3db28","build":"183.4886.37","bucket":"-1","time":1572892643455,"group":{"id":"ui.dialogs","version":"9"},"event":{"count":1,"data":{"created":1572892643455,"type":"show"},"id":"com.intellij.openapi.options.newEditor.SettingsDialog"}}
{"session":"670f4ac3db28","build":"183.4886.37","bucket":"-1","time":1572898095988,"group":{"id":"ui.dialogs","version":"9"},"event":{"count":1,"data":{"code":1,"created":1572898095988,"type":"close"},"id":"com.intellij.openapi.options.newEditor.SettingsDialog"}}
{"session":"670f4ac3db28","build":"183.4886.37","bucket":"-1","time":1572898103633,"group":{"id":"statistics.lifecycle.app","version":"9"},"event":{"count":1,"data":{"created":1572898103633},"id":"ide.close"}}
{"session":"670f4ac3db28","build":"183.4886.37","bucket":"-1","time":1572898103633,"group":{"id":"lifecycle","version":"9"},"event":{"count":1,"data":{"restart":false,"created":1572898103634},"id":"app.closed"}}
{"session":"670f4ac3db28","build":"183.4886.37","bucket":"-1","time":1572898103677,"group":{"id":"statistics.lifecycle.project","version":"9"},"event":{"count":1,"data":{"created":1572898103677,"project":"-82021856"},"id":"project.closed"}}
{"session":"670f4ac3db28","build":"183.4886.37","bucket":"-1","time":1572898103895,"group":{"id":"lifecycle","version":"9"},"event":{"count":1,"data":{"created":1572898103895},"id":"project.closed"}}
