{"session":"c4efa105df55","build":"183.4886.37","bucket":"-1","time":1572883485538,"group":{"id":"system.os.name","version":"9"},"event":{"data":{"created":1572883485538},"id":"Mac.OS.X"}}
{"session":"c4efa105df55","build":"183.4886.37","bucket":"-1","time":1572883485538,"group":{"id":"system.os.version","version":"9"},"event":{"data":{"created":1572883485550},"id":"10.13.6"}}
{"session":"c4efa105df55","build":"183.4886.37","bucket":"-1","time":1572883485538,"group":{"id":"system.jvm.vendor","version":"9"},"event":{"data":{"created":1572883485558},"id":"JetBrains_s.r.o"}}
{"session":"c4efa105df55","build":"183.4886.37","bucket":"-1","time":1572883485538,"group":{"id":"system.jvm.version","version":"9"},"event":{"data":{"created":1572883485558},"id":"1.8"}}
{"session":"c4efa105df55","build":"183.4886.37","bucket":"-1","time":1572883485541,"group":{"id":"settings","version":"9"},"event":{"data":{"created":1572883485559,"name":"activeMruEditorOnClose","value":false},"id":"UISettings"}}
{"session":"c4efa105df55","build":"183.4886.37","bucket":"-1","time":1572883485541,"group":{"id":"settings","version":"9"},"event":{"data":{"created":1572883485559,"name":"activeRightEditorOnClose","value":false},"id":"UISettings"}}
{"session":"c4efa105df55","build":"183.4886.37","bucket":"-1","time":1572883485541,"group":{"id":"settings","version":"9"},"event":{"data":{"created":1572883485560,"name":"allowMergeButtons","value":true},"id":"UISettings"}}
{"session":"c4efa105df55","build":"183.4886.37","bucket":"-1","time":1572883485541,"group":{"id":"settings","version":"9"},"event":{"data":{"created":1572883485560,"name":"alwaysShowWindowsButton","value":false},"id":"UISettings"}}
{"session":"c4efa105df55","build":"183.4886.37","bucket":"-1","time":1572883485541,"group":{"id":"settings","version":"9"},"event":{"data":{"created":1572883485560,"name":"animateWindows","value":true},"id":"UISettings"}}
{"session":"c4efa105df55","build":"183.4886.37","bucket":"-1","time":1572883485541,"group":{"id":"settings","version":"9"},"event":{"data":{"created":1572883485561,"name":"closeNonModifiedFilesFirst","value":false},"id":"UISettings"}}
{"session":"c4efa105df55","build":"183.4886.37","bucket":"-1","time":1572883485541,"group":{"id":"settings","version":"9"},"event":{"data":{"created":1572883485561,"name":"closeTabButtonOnTheRight","value":true},"id":"UISettings"}}
{"session":"c4efa105df55","build":"183.4886.37","bucket":"-1","time":1572883485541,"group":{"id":"settings","version":"9"},"event":{"data":{"created":1572883485562,"name":"cycleScrolling","value":true},"id":"UISettings"}}
{"session":"c4efa105df55","build":"183.4886.37","bucket":"-1","time":1572883485541,"group":{"id":"settings","version":"9"},"event":{"data":{"created":1572883485562,"name":"defaultAutoScrollToSource","value":false},"id":"UISettings"}}
{"session":"c4efa105df55","build":"183.4886.37","bucket":"-1","time":1572883485541,"group":{"id":"settings","version":"9"},"event":{"data":{"created":1572883485562,"name":"disableMnemonics","value":true},"id":"UISettings"}}
{"session":"c4efa105df55","build":"183.4886.37","bucket":"-1","time":1572883485541,"group":{"id":"settings","version":"9"},"event":{"data":{"created":1572883485563,"name":"disableMnemonicsInControls","value":false},"id":"UISettings"}}
{"session":"c4efa105df55","build":"183.4886.37","bucket":"-1","time":1572883485541,"group":{"id":"settings","version":"9"},"event":{"data":{"created":1572883485563,"name":"dndWithPressedAltOnly","value":false},"id":"UISettings"}}
{"session":"c4efa105df55","build":"183.4886.37","bucket":"-1","time":1572883485541,"group":{"id":"settings","version":"9"},"event":{"data":{"created":1572883485563,"name":"enableAlphaMode","value":false},"id":"UISettings"}}
{"session":"c4efa105df55","build":"183.4886.37","bucket":"-1","time":1572883485541,"group":{"id":"settings","version":"9"},"event":{"data":{"created":1572883485564,"name":"hideKnownExtensionInTabs","value":false},"id":"UISettings"}}
{"session":"c4efa105df55","build":"183.4886.37","bucket":"-1","time":1572883485541,"group":{"id":"settings","version":"9"},"event":{"data":{"created":1572883485564,"name":"hideNavigationOnFocusLoss","value":true},"id":"UISettings"}}
{"session":"c4efa105df55","build":"183.4886.37","bucket":"-1","time":1572883485541,"group":{"id":"settings","version":"9"},"event":{"data":{"created":1572883485564,"name":"hideTabsIfNeed","value":true},"id":"UISettings"}}
{"session":"c4efa105df55","build":"183.4886.37","bucket":"-1","time":1572883485541,"group":{"id":"settings","version":"9"},"event":{"data":{"created":1572883485565,"name":"hideToolStripes","value":false},"id":"UISettings"}}
{"session":"c4efa105df55","build":"183.4886.37","bucket":"-1","time":1572883485541,"group":{"id":"settings","version":"9"},"event":{"data":{"created":1572883485565,"name":"leftHorizontalSplit","value":false},"id":"UISettings"}}
{"session":"c4efa105df55","build":"183.4886.37","bucket":"-1","time":1572883485541,"group":{"id":"settings","version":"9"},"event":{"data":{"created":1572883485566,"name":"markModifiedTabsWithAsterisk","value":false},"id":"UISettings"}}
{"session":"c4efa105df55","build":"183.4886.37","bucket":"-1","time":1572883485541,"group":{"id":"settings","version":"9"},"event":{"data":{"created":1572883485566,"name":"mergeEqualStackTraces","value":true},"id":"UISettings"}}
{"session":"c4efa105df55","build":"183.4886.37","bucket":"-1","time":1572883485541,"group":{"id":"settings","version":"9"},"event":{"data":{"created":1572883485566,"name":"moveMouseOnDefaultButton","value":false},"id":"UISettings"}}
{"session":"c4efa105df55","build":"183.4886.37","bucket":"-1","time":1572883485541,"group":{"id":"settings","version":"9"},"event":{"data":{"created":1572883485567,"name":"navigateToPreview","value":false},"id":"UISettings"}}
{"session":"c4efa105df55","build":"183.4886.37","bucket":"-1","time":1572883485541,"group":{"id":"settings","version":"9"},"event":{"data":{"created":1572883485567,"name":"overrideConsoleCycleBufferSize","value":false},"id":"UISettings"}}
{"session":"c4efa105df55","build":"183.4886.37","bucket":"-1","time":1572883485541,"group":{"id":"settings","version":"9"},"event":{"data":{"created":1572883485567,"name":"overrideLafFonts","value":false},"id":"UISettings"}}
{"session":"c4efa105df55","build":"183.4886.37","bucket":"-1","time":1572883485541,"group":{"id":"settings","version":"9"},"event":{"data":{"created":1572883485568,"name":"pinFindInPath","value":false},"id":"UISettings"}}
{"session":"c4efa105df55","build":"183.4886.37","bucket":"-1","time":1572883485541,"group":{"id":"settings","version":"9"},"event":{"data":{"created":1572883485568,"name":"presentationMode","value":false},"id":"UISettings"}}
{"session":"c4efa105df55","build":"183.4886.37","bucket":"-1","time":1572883485541,"group":{"id":"settings","version":"9"},"event":{"data":{"created":1572883485568,"name":"reuseNotModifiedTabs","value":false},"id":"UISettings"}}
{"session":"c4efa105df55","build":"183.4886.37","bucket":"-1","time":1572883485541,"group":{"id":"settings","version":"9"},"event":{"data":{"created":1572883485569,"name":"rightHorizontalSplit","value":false},"id":"UISettings"}}
{"session":"c4efa105df55","build":"183.4886.37","bucket":"-1","time":1572883485541,"group":{"id":"settings","version":"9"},"event":{"data":{"created":1572883485569,"name":"scrollTabLayoutInEditor","value":true},"id":"UISettings"}}
{"session":"c4efa105df55","build":"183.4886.37","bucket":"-1","time":1572883485542,"group":{"id":"settings","version":"9"},"event":{"data":{"created":1572883485569,"name":"showCloseButton","value":true},"id":"UISettings"}}
{"session":"c4efa105df55","build":"183.4886.37","bucket":"-1","time":1572883485542,"group":{"id":"settings","version":"9"},"event":{"data":{"created":1572883485570,"name":"showDirectoryForNonUniqueFilenames","value":true},"id":"UISettings"}}
{"session":"c4efa105df55","build":"183.4886.37","bucket":"-1","time":1572883485542,"group":{"id":"settings","version":"9"},"event":{"data":{"created":1572883485570,"name":"showEditorToolTip","value":true},"id":"UISettings"}}
{"session":"c4efa105df55","build":"183.4886.37","bucket":"-1","time":1572883485542,"group":{"id":"settings","version":"9"},"event":{"data":{"created":1572883485571,"name":"showIconInQuickNavigation","value":true},"id":"UISettings"}}
{"session":"c4efa105df55","build":"183.4886.37","bucket":"-1","time":1572883485542,"group":{"id":"settings","version":"9"},"event":{"data":{"created":1572883485571,"name":"showIconsInMenus","value":true},"id":"UISettings"}}
{"session":"c4efa105df55","build":"183.4886.37","bucket":"-1","time":1572883485542,"group":{"id":"settings","version":"9"},"event":{"data":{"created":1572883485571,"name":"showMainToolbar","value":false},"id":"UISettings"}}
{"session":"c4efa105df55","build":"183.4886.37","bucket":"-1","time":1572883485542,"group":{"id":"settings","version":"9"},"event":{"data":{"created":1572883485572,"name":"showMemoryIndicator","value":false},"id":"UISettings"}}
{"session":"c4efa105df55","build":"183.4886.37","bucket":"-1","time":1572883485542,"group":{"id":"settings","version":"9"},"event":{"data":{"created":1572883485572,"name":"showNavigationBar","value":true},"id":"UISettings"}}
{"session":"c4efa105df55","build":"183.4886.37","bucket":"-1","time":1572883485542,"group":{"id":"settings","version":"9"},"event":{"data":{"created":1572883485572,"name":"showStatusBar","value":true},"id":"UISettings"}}
{"session":"c4efa105df55","build":"183.4886.37","bucket":"-1","time":1572883485542,"group":{"id":"settings","version":"9"},"event":{"data":{"created":1572883485572,"name":"showTabsTooltips","value":true},"id":"UISettings"}}
{"session":"c4efa105df55","build":"183.4886.37","bucket":"-1","time":1572883485542,"group":{"id":"settings","version":"9"},"event":{"data":{"created":1572883485573,"name":"showToolWindowsNumbers","value":true},"id":"UISettings"}}
{"session":"c4efa105df55","build":"183.4886.37","bucket":"-1","time":1572883485542,"group":{"id":"settings","version":"9"},"event":{"data":{"created":1572883485573,"name":"smoothScrolling","value":true},"id":"UISettings"}}
{"session":"c4efa105df55","build":"183.4886.37","bucket":"-1","time":1572883485542,"group":{"id":"settings","version":"9"},"event":{"data":{"created":1572883485573,"name":"sortBookmarks","value":false},"id":"UISettings"}}
{"session":"c4efa105df55","build":"183.4886.37","bucket":"-1","time":1572883485542,"group":{"id":"settings","version":"9"},"event":{"data":{"created":1572883485573,"name":"sortLookupElementsLexicographically","value":false},"id":"UISettings"}}
{"session":"c4efa105df55","build":"183.4886.37","bucket":"-1","time":1572883485542,"group":{"id":"settings","version":"9"},"event":{"data":{"created":1572883485574,"name":"useSmallLabelsOnTabs","value":true},"id":"UISettings"}}
{"session":"c4efa105df55","build":"183.4886.37","bucket":"-1","time":1572883485542,"group":{"id":"settings","version":"9"},"event":{"data":{"created":1572883485574,"name":"wideScreenSupport","value":false},"id":"UISettings"}}
{"session":"c4efa105df55","build":"183.4886.37","bucket":"-1","time":1572883486226,"group":{"id":"settings","version":"9"},"event":{"data":{"created":1572883486226,"name":"autoSaveIfInactive","value":false},"id":"GeneralSettings"}}
{"session":"c4efa105df55","build":"183.4886.37","bucket":"-1","time":1572883486226,"group":{"id":"settings","version":"9"},"event":{"data":{"created":1572883486226,"name":"confirmExit","value":true},"id":"GeneralSettings"}}
{"session":"c4efa105df55","build":"183.4886.37","bucket":"-1","time":1572883486226,"group":{"id":"settings","version":"9"},"event":{"data":{"created":1572883486227,"name":"reopenLastProject","value":true},"id":"GeneralSettings"}}
{"session":"c4efa105df55","build":"183.4886.37","bucket":"-1","time":1572883486226,"group":{"id":"settings","version":"9"},"event":{"data":{"created":1572883486227,"name":"saveOnFrameDeactivation","value":true},"id":"GeneralSettings"}}
{"session":"c4efa105df55","build":"183.4886.37","bucket":"-1","time":1572883486226,"group":{"id":"settings","version":"9"},"event":{"data":{"created":1572883486227,"name":"searchInBackground","value":false},"id":"GeneralSettings"}}
{"session":"c4efa105df55","build":"183.4886.37","bucket":"-1","time":1572883486226,"group":{"id":"settings","version":"9"},"event":{"data":{"default":false,"created":1572883486227,"name":"showTipsOnStartup","value":false},"id":"GeneralSettings"}}
{"session":"c4efa105df55","build":"183.4886.37","bucket":"-1","time":1572883486226,"group":{"id":"settings","version":"9"},"event":{"data":{"created":1572883486228,"name":"showWelcomeScreen","value":true},"id":"GeneralSettings"}}
{"session":"c4efa105df55","build":"183.4886.37","bucket":"-1","time":1572883486226,"group":{"id":"settings","version":"9"},"event":{"data":{"created":1572883486228,"name":"supportScreenReaders","value":false},"id":"GeneralSettings"}}
{"session":"c4efa105df55","build":"183.4886.37","bucket":"-1","time":1572883486226,"group":{"id":"settings","version":"9"},"event":{"data":{"created":1572883486228,"name":"syncOnFrameActivation","value":true},"id":"GeneralSettings"}}
{"session":"c4efa105df55","build":"183.4886.37","bucket":"-1","time":1572883486226,"group":{"id":"settings","version":"9"},"event":{"data":{"created":1572883486228,"name":"useDefaultBrowser","value":true},"id":"GeneralSettings"}}
{"session":"c4efa105df55","build":"183.4886.37","bucket":"-1","time":1572883486226,"group":{"id":"settings","version":"9"},"event":{"data":{"created":1572883486229,"name":"useSafeWrite","value":true},"id":"GeneralSettings"}}
{"session":"c4efa105df55","build":"183.4886.37","bucket":"-1","time":1572883488279,"group":{"id":"ui.dialogs","version":"9"},"event":{"count":1,"data":{"created":1572883488279,"type":"show"},"id":"com.intellij.openapi.progress.util.ProgressDialog$MyDialogWrapper"}}
{"session":"c4efa105df55","build":"183.4886.37","bucket":"-1","time":1572883489315,"group":{"id":"ui.dialogs","version":"9"},"event":{"count":1,"data":{"code":1,"created":1572883489315,"type":"close"},"id":"com.intellij.openapi.progress.util.ProgressDialog$MyDialogWrapper"}}
{"session":"c4efa105df55","build":"183.4886.37","bucket":"-1","time":1572883489341,"group":{"id":"statistics.lifecycle.project","version":"9"},"event":{"count":1,"data":{"created":1572883489341,"project":"2116309287"},"id":"project.opened"}}
{"session":"c4efa105df55","build":"183.4886.37","bucket":"-1","time":1572883489342,"group":{"id":"lifecycle","version":"9"},"event":{"count":1,"data":{"created":1572883489342},"id":"project.opened"}}
{"session":"c4efa105df55","build":"183.4886.37","bucket":"-1","time":1572883490020,"group":{"id":"ui.dialogs","version":"9"},"event":{"count":1,"data":{"created":1572883490021,"type":"show"},"id":"com.intellij.openapi.progress.util.ProgressDialog$MyDialogWrapper"}}
{"session":"c4efa105df55","build":"183.4886.37","bucket":"-1","time":1572883490981,"group":{"id":"toolwindow.v2","version":"9"},"event":{"count":1,"data":{"created":1572883490981,"data_1":"Mac"},"id":"Project_by_Activation"}}
{"session":"c4efa105df55","build":"183.4886.37","bucket":"-1","time":1572883491256,"group":{"id":"statistics.lifecycle.app","version":"9"},"event":{"count":1,"data":{"created":1572883491256},"id":"ide.start"}}
{"session":"c4efa105df55","build":"183.4886.37","bucket":"-1","time":1572883491256,"group":{"id":"lifecycle","version":"9"},"event":{"count":1,"data":{"created":1572883491256},"id":"app.started"}}
{"session":"c4efa105df55","build":"183.4886.37","bucket":"-1","time":1572883492115,"group":{"id":"ui.dialogs","version":"9"},"event":{"count":1,"data":{"code":1,"created":1572883492115,"type":"close"},"id":"com.intellij.openapi.progress.util.ProgressDialog$MyDialogWrapper"}}
{"session":"c4efa105df55","build":"183.4886.37","bucket":"-1","time":1572883492176,"group":{"id":"statistics.lifecycle.project","version":"9"},"event":{"count":1,"data":{"created":1572883492176,"project":"2116309287"},"id":"project.open.time.4"}}
{"session":"c4efa105df55","build":"183.4886.37","bucket":"-1","time":1572883492176,"group":{"id":"lifecycle","version":"9"},"event":{"count":1,"data":{"created":1572883492177,"time.ms":4363},"id":"project.opening.finished"}}
{"session":"c4efa105df55","build":"183.4886.37","bucket":"-1","time":1572883493655,"group":{"id":"statistics.lifecycle.project","version":"9"},"event":{"count":1,"data":{"created":1572883493656,"project":"2116309287"},"id":"project.closed"}}
{"session":"c4efa105df55","build":"183.4886.37","bucket":"-1","time":1572883494200,"group":{"id":"lifecycle","version":"9"},"event":{"count":1,"data":{"created":1572883494200},"id":"project.closed"}}
{"session":"c4efa105df55","build":"183.4886.37","bucket":"-1","time":1572883496265,"group":{"id":"actions.v2","version":"9"},"event":{"count":1,"data":{"context_menu":false,"created":1572883496265,"data_1":"Mac"},"id":"WelcomeScreen.CreateNewProject"}}
{"session":"c4efa105df55","build":"183.4886.37","bucket":"-1","time":1572883496793,"group":{"id":"ui.dialogs","version":"9"},"event":{"count":1,"data":{"created":1572883496793,"type":"show"},"id":"com.intellij.ide.projectWizard.NewProjectWizard"}}
{"session":"c4efa105df55","build":"183.4886.37","bucket":"-1","time":1572883497312,"group":{"id":"ui.dialogs","version":"9"},"event":{"count":1,"data":{"created":1572883497312,"type":"show"},"id":"com.intellij.openapi.progress.util.ProgressDialog$MyDialogWrapper"}}
{"session":"c4efa105df55","build":"183.4886.37","bucket":"-1","time":1572883499142,"group":{"id":"ui.dialogs","version":"9"},"event":{"count":1,"data":{"code":1,"created":1572883499142,"type":"close"},"id":"com.intellij.openapi.progress.util.ProgressDialog$MyDialogWrapper"}}
{"session":"c4efa105df55","build":"183.4886.37","bucket":"-1","time":1572883516003,"group":{"id":"ui.dialogs","version":"9"},"event":{"count":1,"data":{"code":1,"created":1572883516003,"type":"close"},"id":"com.intellij.ide.projectWizard.NewProjectWizard"}}
{"session":"c4efa105df55","build":"183.4886.37","bucket":"-1","time":1572883518479,"group":{"id":"statistics.lifecycle.app","version":"9"},"event":{"count":1,"data":{"created":1572883518479},"id":"ide.close"}}
{"session":"c4efa105df55","build":"183.4886.37","bucket":"-1","time":1572883518479,"group":{"id":"lifecycle","version":"9"},"event":{"count":1,"data":{"restart":false,"created":1572883518480},"id":"app.closed"}}
