{"session":"07bdf4092f1d","build":"183.4886.37","bucket":"-1","time":1572892449346,"group":{"id":"system.os.name","version":"9"},"event":{"data":{"created":1572892449346},"id":"Mac.OS.X"}}
{"session":"07bdf4092f1d","build":"183.4886.37","bucket":"-1","time":1572892449346,"group":{"id":"system.os.version","version":"9"},"event":{"data":{"created":1572892449358},"id":"10.13.6"}}
{"session":"07bdf4092f1d","build":"183.4886.37","bucket":"-1","time":1572892449346,"group":{"id":"system.jvm.vendor","version":"9"},"event":{"data":{"created":1572892449366},"id":"JetBrains_s.r.o"}}
{"session":"07bdf4092f1d","build":"183.4886.37","bucket":"-1","time":1572892449346,"group":{"id":"system.jvm.version","version":"9"},"event":{"data":{"created":1572892449366},"id":"1.8"}}
{"session":"07bdf4092f1d","build":"183.4886.37","bucket":"-1","time":1572892449350,"group":{"id":"settings","version":"9"},"event":{"data":{"created":1572892449367,"name":"activeMruEditorOnClose","value":false},"id":"UISettings"}}
{"session":"07bdf4092f1d","build":"183.4886.37","bucket":"-1","time":1572892449350,"group":{"id":"settings","version":"9"},"event":{"data":{"created":1572892449367,"name":"activeRightEditorOnClose","value":false},"id":"UISettings"}}
{"session":"07bdf4092f1d","build":"183.4886.37","bucket":"-1","time":1572892449350,"group":{"id":"settings","version":"9"},"event":{"data":{"created":1572892449368,"name":"allowMergeButtons","value":true},"id":"UISettings"}}
{"session":"07bdf4092f1d","build":"183.4886.37","bucket":"-1","time":1572892449350,"group":{"id":"settings","version":"9"},"event":{"data":{"created":1572892449368,"name":"alwaysShowWindowsButton","value":false},"id":"UISettings"}}
{"session":"07bdf4092f1d","build":"183.4886.37","bucket":"-1","time":1572892449350,"group":{"id":"settings","version":"9"},"event":{"data":{"created":1572892449369,"name":"animateWindows","value":true},"id":"UISettings"}}
{"session":"07bdf4092f1d","build":"183.4886.37","bucket":"-1","time":1572892449350,"group":{"id":"settings","version":"9"},"event":{"data":{"created":1572892449369,"name":"closeNonModifiedFilesFirst","value":false},"id":"UISettings"}}
{"session":"07bdf4092f1d","build":"183.4886.37","bucket":"-1","time":1572892449350,"group":{"id":"settings","version":"9"},"event":{"data":{"created":1572892449369,"name":"closeTabButtonOnTheRight","value":true},"id":"UISettings"}}
{"session":"07bdf4092f1d","build":"183.4886.37","bucket":"-1","time":1572892449350,"group":{"id":"settings","version":"9"},"event":{"data":{"created":1572892449370,"name":"cycleScrolling","value":true},"id":"UISettings"}}
{"session":"07bdf4092f1d","build":"183.4886.37","bucket":"-1","time":1572892449350,"group":{"id":"settings","version":"9"},"event":{"data":{"created":1572892449370,"name":"defaultAutoScrollToSource","value":false},"id":"UISettings"}}
{"session":"07bdf4092f1d","build":"183.4886.37","bucket":"-1","time":1572892449350,"group":{"id":"settings","version":"9"},"event":{"data":{"created":1572892449371,"name":"disableMnemonics","value":true},"id":"UISettings"}}
{"session":"07bdf4092f1d","build":"183.4886.37","bucket":"-1","time":1572892449350,"group":{"id":"settings","version":"9"},"event":{"data":{"created":1572892449371,"name":"disableMnemonicsInControls","value":false},"id":"UISettings"}}
{"session":"07bdf4092f1d","build":"183.4886.37","bucket":"-1","time":1572892449350,"group":{"id":"settings","version":"9"},"event":{"data":{"created":1572892449372,"name":"dndWithPressedAltOnly","value":false},"id":"UISettings"}}
{"session":"07bdf4092f1d","build":"183.4886.37","bucket":"-1","time":1572892449350,"group":{"id":"settings","version":"9"},"event":{"data":{"created":1572892449372,"name":"enableAlphaMode","value":false},"id":"UISettings"}}
{"session":"07bdf4092f1d","build":"183.4886.37","bucket":"-1","time":1572892449350,"group":{"id":"settings","version":"9"},"event":{"data":{"created":1572892449372,"name":"hideKnownExtensionInTabs","value":false},"id":"UISettings"}}
{"session":"07bdf4092f1d","build":"183.4886.37","bucket":"-1","time":1572892449350,"group":{"id":"settings","version":"9"},"event":{"data":{"created":1572892449373,"name":"hideNavigationOnFocusLoss","value":true},"id":"UISettings"}}
{"session":"07bdf4092f1d","build":"183.4886.37","bucket":"-1","time":1572892449350,"group":{"id":"settings","version":"9"},"event":{"data":{"created":1572892449373,"name":"hideTabsIfNeed","value":true},"id":"UISettings"}}
{"session":"07bdf4092f1d","build":"183.4886.37","bucket":"-1","time":1572892449351,"group":{"id":"settings","version":"9"},"event":{"data":{"created":1572892449373,"name":"hideToolStripes","value":false},"id":"UISettings"}}
{"session":"07bdf4092f1d","build":"183.4886.37","bucket":"-1","time":1572892449351,"group":{"id":"settings","version":"9"},"event":{"data":{"created":1572892449374,"name":"leftHorizontalSplit","value":false},"id":"UISettings"}}
{"session":"07bdf4092f1d","build":"183.4886.37","bucket":"-1","time":1572892449351,"group":{"id":"settings","version":"9"},"event":{"data":{"created":1572892449374,"name":"markModifiedTabsWithAsterisk","value":false},"id":"UISettings"}}
{"session":"07bdf4092f1d","build":"183.4886.37","bucket":"-1","time":1572892449351,"group":{"id":"settings","version":"9"},"event":{"data":{"created":1572892449375,"name":"mergeEqualStackTraces","value":true},"id":"UISettings"}}
{"session":"07bdf4092f1d","build":"183.4886.37","bucket":"-1","time":1572892449351,"group":{"id":"settings","version":"9"},"event":{"data":{"created":1572892449375,"name":"moveMouseOnDefaultButton","value":false},"id":"UISettings"}}
{"session":"07bdf4092f1d","build":"183.4886.37","bucket":"-1","time":1572892449351,"group":{"id":"settings","version":"9"},"event":{"data":{"created":1572892449375,"name":"navigateToPreview","value":false},"id":"UISettings"}}
{"session":"07bdf4092f1d","build":"183.4886.37","bucket":"-1","time":1572892449351,"group":{"id":"settings","version":"9"},"event":{"data":{"created":1572892449375,"name":"overrideConsoleCycleBufferSize","value":false},"id":"UISettings"}}
{"session":"07bdf4092f1d","build":"183.4886.37","bucket":"-1","time":1572892449351,"group":{"id":"settings","version":"9"},"event":{"data":{"created":1572892449376,"name":"overrideLafFonts","value":false},"id":"UISettings"}}
{"session":"07bdf4092f1d","build":"183.4886.37","bucket":"-1","time":1572892449351,"group":{"id":"settings","version":"9"},"event":{"data":{"created":1572892449376,"name":"pinFindInPath","value":false},"id":"UISettings"}}
{"session":"07bdf4092f1d","build":"183.4886.37","bucket":"-1","time":1572892449351,"group":{"id":"settings","version":"9"},"event":{"data":{"created":1572892449376,"name":"presentationMode","value":false},"id":"UISettings"}}
{"session":"07bdf4092f1d","build":"183.4886.37","bucket":"-1","time":1572892449351,"group":{"id":"settings","version":"9"},"event":{"data":{"created":1572892449377,"name":"reuseNotModifiedTabs","value":false},"id":"UISettings"}}
{"session":"07bdf4092f1d","build":"183.4886.37","bucket":"-1","time":1572892449351,"group":{"id":"settings","version":"9"},"event":{"data":{"created":1572892449377,"name":"rightHorizontalSplit","value":false},"id":"UISettings"}}
{"session":"07bdf4092f1d","build":"183.4886.37","bucket":"-1","time":1572892449351,"group":{"id":"settings","version":"9"},"event":{"data":{"created":1572892449377,"name":"scrollTabLayoutInEditor","value":true},"id":"UISettings"}}
{"session":"07bdf4092f1d","build":"183.4886.37","bucket":"-1","time":1572892449351,"group":{"id":"settings","version":"9"},"event":{"data":{"created":1572892449378,"name":"showCloseButton","value":true},"id":"UISettings"}}
{"session":"07bdf4092f1d","build":"183.4886.37","bucket":"-1","time":1572892449351,"group":{"id":"settings","version":"9"},"event":{"data":{"created":1572892449378,"name":"showDirectoryForNonUniqueFilenames","value":true},"id":"UISettings"}}
{"session":"07bdf4092f1d","build":"183.4886.37","bucket":"-1","time":1572892449351,"group":{"id":"settings","version":"9"},"event":{"data":{"created":1572892449378,"name":"showEditorToolTip","value":true},"id":"UISettings"}}
{"session":"07bdf4092f1d","build":"183.4886.37","bucket":"-1","time":1572892449351,"group":{"id":"settings","version":"9"},"event":{"data":{"created":1572892449379,"name":"showIconInQuickNavigation","value":true},"id":"UISettings"}}
{"session":"07bdf4092f1d","build":"183.4886.37","bucket":"-1","time":1572892449351,"group":{"id":"settings","version":"9"},"event":{"data":{"created":1572892449379,"name":"showIconsInMenus","value":true},"id":"UISettings"}}
{"session":"07bdf4092f1d","build":"183.4886.37","bucket":"-1","time":1572892449351,"group":{"id":"settings","version":"9"},"event":{"data":{"created":1572892449379,"name":"showMainToolbar","value":false},"id":"UISettings"}}
{"session":"07bdf4092f1d","build":"183.4886.37","bucket":"-1","time":1572892449351,"group":{"id":"settings","version":"9"},"event":{"data":{"created":1572892449379,"name":"showMemoryIndicator","value":false},"id":"UISettings"}}
{"session":"07bdf4092f1d","build":"183.4886.37","bucket":"-1","time":1572892449351,"group":{"id":"settings","version":"9"},"event":{"data":{"created":1572892449380,"name":"showNavigationBar","value":true},"id":"UISettings"}}
{"session":"07bdf4092f1d","build":"183.4886.37","bucket":"-1","time":1572892449351,"group":{"id":"settings","version":"9"},"event":{"data":{"created":1572892449380,"name":"showStatusBar","value":true},"id":"UISettings"}}
{"session":"07bdf4092f1d","build":"183.4886.37","bucket":"-1","time":1572892449351,"group":{"id":"settings","version":"9"},"event":{"data":{"created":1572892449380,"name":"showTabsTooltips","value":true},"id":"UISettings"}}
{"session":"07bdf4092f1d","build":"183.4886.37","bucket":"-1","time":1572892449351,"group":{"id":"settings","version":"9"},"event":{"data":{"created":1572892449381,"name":"showToolWindowsNumbers","value":true},"id":"UISettings"}}
{"session":"07bdf4092f1d","build":"183.4886.37","bucket":"-1","time":1572892449351,"group":{"id":"settings","version":"9"},"event":{"data":{"created":1572892449381,"name":"smoothScrolling","value":true},"id":"UISettings"}}
{"session":"07bdf4092f1d","build":"183.4886.37","bucket":"-1","time":1572892449351,"group":{"id":"settings","version":"9"},"event":{"data":{"created":1572892449381,"name":"sortBookmarks","value":false},"id":"UISettings"}}
{"session":"07bdf4092f1d","build":"183.4886.37","bucket":"-1","time":1572892449351,"group":{"id":"settings","version":"9"},"event":{"data":{"created":1572892449381,"name":"sortLookupElementsLexicographically","value":false},"id":"UISettings"}}
{"session":"07bdf4092f1d","build":"183.4886.37","bucket":"-1","time":1572892449351,"group":{"id":"settings","version":"9"},"event":{"data":{"created":1572892449382,"name":"useSmallLabelsOnTabs","value":true},"id":"UISettings"}}
{"session":"07bdf4092f1d","build":"183.4886.37","bucket":"-1","time":1572892449351,"group":{"id":"settings","version":"9"},"event":{"data":{"created":1572892449382,"name":"wideScreenSupport","value":false},"id":"UISettings"}}
{"session":"07bdf4092f1d","build":"183.4886.37","bucket":"-1","time":1572892449886,"group":{"id":"settings","version":"9"},"event":{"data":{"created":1572892449886,"name":"autoSaveIfInactive","value":false},"id":"GeneralSettings"}}
{"session":"07bdf4092f1d","build":"183.4886.37","bucket":"-1","time":1572892449886,"group":{"id":"settings","version":"9"},"event":{"data":{"created":1572892449887,"name":"confirmExit","value":true},"id":"GeneralSettings"}}
{"session":"07bdf4092f1d","build":"183.4886.37","bucket":"-1","time":1572892449886,"group":{"id":"settings","version":"9"},"event":{"data":{"created":1572892449887,"name":"reopenLastProject","value":true},"id":"GeneralSettings"}}
{"session":"07bdf4092f1d","build":"183.4886.37","bucket":"-1","time":1572892449886,"group":{"id":"settings","version":"9"},"event":{"data":{"created":1572892449887,"name":"saveOnFrameDeactivation","value":true},"id":"GeneralSettings"}}
{"session":"07bdf4092f1d","build":"183.4886.37","bucket":"-1","time":1572892449886,"group":{"id":"settings","version":"9"},"event":{"data":{"created":1572892449887,"name":"searchInBackground","value":false},"id":"GeneralSettings"}}
{"session":"07bdf4092f1d","build":"183.4886.37","bucket":"-1","time":1572892449886,"group":{"id":"settings","version":"9"},"event":{"data":{"default":false,"created":1572892449888,"name":"showTipsOnStartup","value":false},"id":"GeneralSettings"}}
{"session":"07bdf4092f1d","build":"183.4886.37","bucket":"-1","time":1572892449886,"group":{"id":"settings","version":"9"},"event":{"data":{"created":1572892449888,"name":"showWelcomeScreen","value":true},"id":"GeneralSettings"}}
{"session":"07bdf4092f1d","build":"183.4886.37","bucket":"-1","time":1572892449886,"group":{"id":"settings","version":"9"},"event":{"data":{"created":1572892449888,"name":"supportScreenReaders","value":false},"id":"GeneralSettings"}}
{"session":"07bdf4092f1d","build":"183.4886.37","bucket":"-1","time":1572892449886,"group":{"id":"settings","version":"9"},"event":{"data":{"created":1572892449888,"name":"syncOnFrameActivation","value":true},"id":"GeneralSettings"}}
{"session":"07bdf4092f1d","build":"183.4886.37","bucket":"-1","time":1572892449886,"group":{"id":"settings","version":"9"},"event":{"data":{"created":1572892449889,"name":"useDefaultBrowser","value":true},"id":"GeneralSettings"}}
{"session":"07bdf4092f1d","build":"183.4886.37","bucket":"-1","time":1572892449886,"group":{"id":"settings","version":"9"},"event":{"data":{"created":1572892449889,"name":"useSafeWrite","value":true},"id":"GeneralSettings"}}
{"session":"07bdf4092f1d","build":"183.4886.37","bucket":"-1","time":1572892451209,"group":{"id":"statistics.lifecycle.app","version":"9"},"event":{"count":1,"data":{"created":1572892451209},"id":"ide.start"}}
{"session":"07bdf4092f1d","build":"183.4886.37","bucket":"-1","time":1572892451210,"group":{"id":"lifecycle","version":"9"},"event":{"count":1,"data":{"created":1572892451210},"id":"app.started"}}
{"session":"07bdf4092f1d","build":"183.4886.37","bucket":"-1","time":1572892455223,"group":{"id":"actions.v2","version":"9"},"event":{"count":1,"data":{"context_menu":false,"created":1572892455223,"data_1":"Mac"},"id":"WelcomeScreen.CreateNewProject"}}
{"session":"07bdf4092f1d","build":"183.4886.37","bucket":"-1","time":1572892456013,"group":{"id":"ui.dialogs","version":"9"},"event":{"count":1,"data":{"created":1572892456013,"type":"show"},"id":"com.intellij.ide.projectWizard.NewProjectWizard"}}
{"session":"07bdf4092f1d","build":"183.4886.37","bucket":"-1","time":1572892456782,"group":{"id":"ui.dialogs","version":"9"},"event":{"count":1,"data":{"created":1572892456782,"type":"show"},"id":"com.intellij.openapi.progress.util.ProgressDialog$MyDialogWrapper"}}
{"session":"07bdf4092f1d","build":"183.4886.37","bucket":"-1","time":1572892457006,"group":{"id":"ui.dialogs","version":"9"},"event":{"count":1,"data":{"code":1,"created":1572892457006,"type":"close"},"id":"com.intellij.openapi.progress.util.ProgressDialog$MyDialogWrapper"}}
{"session":"07bdf4092f1d","build":"183.4886.37","bucket":"-1","time":1572892462345,"group":{"id":"ui.dialogs","version":"9"},"event":{"count":1,"data":{"code":0,"created":1572892462345,"type":"close"},"id":"com.intellij.ide.projectWizard.NewProjectWizard"}}
{"session":"07bdf4092f1d","build":"183.4886.37","bucket":"-1","time":1572892463818,"group":{"id":"statistics.lifecycle.project","version":"9"},"event":{"count":1,"data":{"created":1572892463818,"project":"1487732"},"id":"project.opened"}}
{"session":"07bdf4092f1d","build":"183.4886.37","bucket":"-1","time":1572892463819,"group":{"id":"lifecycle","version":"9"},"event":{"count":1,"data":{"created":1572892463819},"id":"project.opened"}}
{"session":"07bdf4092f1d","build":"183.4886.37","bucket":"-1","time":1572892464656,"group":{"id":"ui.dialogs","version":"9"},"event":{"count":1,"data":{"created":1572892464656,"type":"show"},"id":"com.intellij.openapi.progress.util.ProgressDialog$MyDialogWrapper"}}
{"session":"07bdf4092f1d","build":"183.4886.37","bucket":"-1","time":1572892464913,"group":{"id":"ui.dialogs","version":"9"},"event":{"count":1,"data":{"code":1,"created":1572892464913,"type":"close"},"id":"com.intellij.openapi.progress.util.ProgressDialog$MyDialogWrapper"}}
{"session":"07bdf4092f1d","build":"183.4886.37","bucket":"-1","time":1572892465489,"group":{"id":"statistics.lifecycle.project","version":"9"},"event":{"count":1,"data":{"created":1572892465489,"project":"1487732"},"id":"project.open.time.3"}}
{"session":"07bdf4092f1d","build":"183.4886.37","bucket":"-1","time":1572892465489,"group":{"id":"lifecycle","version":"9"},"event":{"count":1,"data":{"created":1572892465489,"time.ms":3094},"id":"project.opening.finished"}}
{"session":"07bdf4092f1d","build":"183.4886.37","bucket":"-1","time":1572892466882,"group":{"id":"toolwindow.v2","version":"9"},"event":{"count":2,"data":{"last":1572892467219,"created":1572892466882,"data_1":"Mac"},"id":"Project_by_Activation"}}
{"session":"07bdf4092f1d","build":"183.4886.37","bucket":"-1","time":1572892475932,"group":{"id":"statistics.lifecycle.project","version":"9"},"event":{"count":1,"data":{"created":1572892475932,"project":"1487732"},"id":"project.closed"}}
{"session":"07bdf4092f1d","build":"183.4886.37","bucket":"-1","time":1572892476341,"group":{"id":"lifecycle","version":"9"},"event":{"count":1,"data":{"created":1572892476341},"id":"project.closed"}}
{"session":"07bdf4092f1d","build":"183.4886.37","bucket":"-1","time":1572892480167,"group":{"id":"actions.v2","version":"9"},"event":{"count":1,"data":{"context_menu":false,"created":1572892480167,"data_1":"Mac"},"id":"WelcomeScreen.ImportProject"}}
{"session":"07bdf4092f1d","build":"183.4886.37","bucket":"-1","time":1572892506178,"group":{"id":"ui.dialogs","version":"9"},"event":{"count":1,"data":{"created":1572892506178,"type":"show"},"id":"org.jetbrains.settingsRepository.IcsSettingsPanel"}}
{"session":"07bdf4092f1d","build":"183.4886.37","bucket":"-1","time":1572892508243,"group":{"id":"ui.dialogs","version":"9"},"event":{"count":1,"data":{"code":1,"created":1572892508243,"type":"close"},"id":"org.jetbrains.settingsRepository.IcsSettingsPanel"}}
{"session":"07bdf4092f1d","build":"183.4886.37","bucket":"-1","time":1572892509376,"group":{"id":"statistics.lifecycle.app","version":"9"},"event":{"count":1,"data":{"created":1572892509376},"id":"ide.close"}}
{"session":"07bdf4092f1d","build":"183.4886.37","bucket":"-1","time":1572892509376,"group":{"id":"lifecycle","version":"9"},"event":{"count":1,"data":{"restart":false,"created":1572892509376},"id":"app.closed"}}
