{"session":"0df7f5c92066","build":"183.4886.37","bucket":"-1","time":1572879604683,"group":{"id":"system.os.name","version":"9"},"event":{"data":{"created":1572879604684},"id":"Mac.OS.X"}}
{"session":"0df7f5c92066","build":"183.4886.37","bucket":"-1","time":1572879604683,"group":{"id":"system.os.version","version":"9"},"event":{"data":{"created":1572879604702},"id":"10.13.6"}}
{"session":"0df7f5c92066","build":"183.4886.37","bucket":"-1","time":1572879604684,"group":{"id":"system.jvm.vendor","version":"9"},"event":{"data":{"created":1572879604710},"id":"JetBrains_s.r.o"}}
{"session":"0df7f5c92066","build":"183.4886.37","bucket":"-1","time":1572879604684,"group":{"id":"system.jvm.version","version":"9"},"event":{"data":{"created":1572879604711},"id":"1.8"}}
{"session":"0df7f5c92066","build":"183.4886.37","bucket":"-1","time":1572879604688,"group":{"id":"settings","version":"9"},"event":{"data":{"created":1572879604711,"name":"activeMruEditorOnClose","value":false},"id":"UISettings"}}
{"session":"0df7f5c92066","build":"183.4886.37","bucket":"-1","time":1572879604688,"group":{"id":"settings","version":"9"},"event":{"data":{"created":1572879604712,"name":"activeRightEditorOnClose","value":false},"id":"UISettings"}}
{"session":"0df7f5c92066","build":"183.4886.37","bucket":"-1","time":1572879604688,"group":{"id":"settings","version":"9"},"event":{"data":{"created":1572879604712,"name":"allowMergeButtons","value":true},"id":"UISettings"}}
{"session":"0df7f5c92066","build":"183.4886.37","bucket":"-1","time":1572879604688,"group":{"id":"settings","version":"9"},"event":{"data":{"created":1572879604713,"name":"alwaysShowWindowsButton","value":false},"id":"UISettings"}}
{"session":"0df7f5c92066","build":"183.4886.37","bucket":"-1","time":1572879604688,"group":{"id":"settings","version":"9"},"event":{"data":{"created":1572879604713,"name":"animateWindows","value":true},"id":"UISettings"}}
{"session":"0df7f5c92066","build":"183.4886.37","bucket":"-1","time":1572879604688,"group":{"id":"settings","version":"9"},"event":{"data":{"created":1572879604714,"name":"closeNonModifiedFilesFirst","value":false},"id":"UISettings"}}
{"session":"0df7f5c92066","build":"183.4886.37","bucket":"-1","time":1572879604688,"group":{"id":"settings","version":"9"},"event":{"data":{"created":1572879604714,"name":"closeTabButtonOnTheRight","value":true},"id":"UISettings"}}
{"session":"0df7f5c92066","build":"183.4886.37","bucket":"-1","time":1572879604688,"group":{"id":"settings","version":"9"},"event":{"data":{"created":1572879604715,"name":"cycleScrolling","value":true},"id":"UISettings"}}
{"session":"0df7f5c92066","build":"183.4886.37","bucket":"-1","time":1572879604688,"group":{"id":"settings","version":"9"},"event":{"data":{"created":1572879604715,"name":"defaultAutoScrollToSource","value":false},"id":"UISettings"}}
{"session":"0df7f5c92066","build":"183.4886.37","bucket":"-1","time":1572879604688,"group":{"id":"settings","version":"9"},"event":{"data":{"created":1572879604716,"name":"disableMnemonics","value":true},"id":"UISettings"}}
{"session":"0df7f5c92066","build":"183.4886.37","bucket":"-1","time":1572879604688,"group":{"id":"settings","version":"9"},"event":{"data":{"created":1572879604716,"name":"disableMnemonicsInControls","value":false},"id":"UISettings"}}
{"session":"0df7f5c92066","build":"183.4886.37","bucket":"-1","time":1572879604688,"group":{"id":"settings","version":"9"},"event":{"data":{"created":1572879604716,"name":"dndWithPressedAltOnly","value":false},"id":"UISettings"}}
{"session":"0df7f5c92066","build":"183.4886.37","bucket":"-1","time":1572879604688,"group":{"id":"settings","version":"9"},"event":{"data":{"created":1572879604717,"name":"enableAlphaMode","value":false},"id":"UISettings"}}
{"session":"0df7f5c92066","build":"183.4886.37","bucket":"-1","time":1572879604688,"group":{"id":"settings","version":"9"},"event":{"data":{"created":1572879604717,"name":"hideKnownExtensionInTabs","value":false},"id":"UISettings"}}
{"session":"0df7f5c92066","build":"183.4886.37","bucket":"-1","time":1572879604688,"group":{"id":"settings","version":"9"},"event":{"data":{"created":1572879604718,"name":"hideNavigationOnFocusLoss","value":true},"id":"UISettings"}}
{"session":"0df7f5c92066","build":"183.4886.37","bucket":"-1","time":1572879604688,"group":{"id":"settings","version":"9"},"event":{"data":{"created":1572879604718,"name":"hideTabsIfNeed","value":true},"id":"UISettings"}}
{"session":"0df7f5c92066","build":"183.4886.37","bucket":"-1","time":1572879604688,"group":{"id":"settings","version":"9"},"event":{"data":{"created":1572879604718,"name":"hideToolStripes","value":false},"id":"UISettings"}}
{"session":"0df7f5c92066","build":"183.4886.37","bucket":"-1","time":1572879604688,"group":{"id":"settings","version":"9"},"event":{"data":{"created":1572879604719,"name":"leftHorizontalSplit","value":false},"id":"UISettings"}}
{"session":"0df7f5c92066","build":"183.4886.37","bucket":"-1","time":1572879604688,"group":{"id":"settings","version":"9"},"event":{"data":{"created":1572879604719,"name":"markModifiedTabsWithAsterisk","value":false},"id":"UISettings"}}
{"session":"0df7f5c92066","build":"183.4886.37","bucket":"-1","time":1572879604688,"group":{"id":"settings","version":"9"},"event":{"data":{"created":1572879604719,"name":"mergeEqualStackTraces","value":true},"id":"UISettings"}}
{"session":"0df7f5c92066","build":"183.4886.37","bucket":"-1","time":1572879604688,"group":{"id":"settings","version":"9"},"event":{"data":{"created":1572879604720,"name":"moveMouseOnDefaultButton","value":false},"id":"UISettings"}}
{"session":"0df7f5c92066","build":"183.4886.37","bucket":"-1","time":1572879604688,"group":{"id":"settings","version":"9"},"event":{"data":{"created":1572879604720,"name":"navigateToPreview","value":false},"id":"UISettings"}}
{"session":"0df7f5c92066","build":"183.4886.37","bucket":"-1","time":1572879604688,"group":{"id":"settings","version":"9"},"event":{"data":{"created":1572879604720,"name":"overrideConsoleCycleBufferSize","value":false},"id":"UISettings"}}
{"session":"0df7f5c92066","build":"183.4886.37","bucket":"-1","time":1572879604688,"group":{"id":"settings","version":"9"},"event":{"data":{"created":1572879604721,"name":"overrideLafFonts","value":false},"id":"UISettings"}}
{"session":"0df7f5c92066","build":"183.4886.37","bucket":"-1","time":1572879604688,"group":{"id":"settings","version":"9"},"event":{"data":{"created":1572879604721,"name":"pinFindInPath","value":false},"id":"UISettings"}}
{"session":"0df7f5c92066","build":"183.4886.37","bucket":"-1","time":1572879604688,"group":{"id":"settings","version":"9"},"event":{"data":{"created":1572879604721,"name":"presentationMode","value":false},"id":"UISettings"}}
{"session":"0df7f5c92066","build":"183.4886.37","bucket":"-1","time":1572879604688,"group":{"id":"settings","version":"9"},"event":{"data":{"created":1572879604722,"name":"reuseNotModifiedTabs","value":false},"id":"UISettings"}}
{"session":"0df7f5c92066","build":"183.4886.37","bucket":"-1","time":1572879604688,"group":{"id":"settings","version":"9"},"event":{"data":{"created":1572879604722,"name":"rightHorizontalSplit","value":false},"id":"UISettings"}}
{"session":"0df7f5c92066","build":"183.4886.37","bucket":"-1","time":1572879604688,"group":{"id":"settings","version":"9"},"event":{"data":{"created":1572879604722,"name":"scrollTabLayoutInEditor","value":true},"id":"UISettings"}}
{"session":"0df7f5c92066","build":"183.4886.37","bucket":"-1","time":1572879604688,"group":{"id":"settings","version":"9"},"event":{"data":{"created":1572879604722,"name":"showCloseButton","value":true},"id":"UISettings"}}
{"session":"0df7f5c92066","build":"183.4886.37","bucket":"-1","time":1572879604688,"group":{"id":"settings","version":"9"},"event":{"data":{"created":1572879604723,"name":"showDirectoryForNonUniqueFilenames","value":true},"id":"UISettings"}}
{"session":"0df7f5c92066","build":"183.4886.37","bucket":"-1","time":1572879604688,"group":{"id":"settings","version":"9"},"event":{"data":{"created":1572879604723,"name":"showEditorToolTip","value":true},"id":"UISettings"}}
{"session":"0df7f5c92066","build":"183.4886.37","bucket":"-1","time":1572879604688,"group":{"id":"settings","version":"9"},"event":{"data":{"created":1572879604723,"name":"showIconInQuickNavigation","value":true},"id":"UISettings"}}
{"session":"0df7f5c92066","build":"183.4886.37","bucket":"-1","time":1572879604688,"group":{"id":"settings","version":"9"},"event":{"data":{"created":1572879604724,"name":"showIconsInMenus","value":true},"id":"UISettings"}}
{"session":"0df7f5c92066","build":"183.4886.37","bucket":"-1","time":1572879604688,"group":{"id":"settings","version":"9"},"event":{"data":{"created":1572879604724,"name":"showMainToolbar","value":false},"id":"UISettings"}}
{"session":"0df7f5c92066","build":"183.4886.37","bucket":"-1","time":1572879604688,"group":{"id":"settings","version":"9"},"event":{"data":{"created":1572879604724,"name":"showMemoryIndicator","value":false},"id":"UISettings"}}
{"session":"0df7f5c92066","build":"183.4886.37","bucket":"-1","time":1572879604688,"group":{"id":"settings","version":"9"},"event":{"data":{"created":1572879604725,"name":"showNavigationBar","value":true},"id":"UISettings"}}
{"session":"0df7f5c92066","build":"183.4886.37","bucket":"-1","time":1572879604688,"group":{"id":"settings","version":"9"},"event":{"data":{"created":1572879604725,"name":"showStatusBar","value":true},"id":"UISettings"}}
{"session":"0df7f5c92066","build":"183.4886.37","bucket":"-1","time":1572879604688,"group":{"id":"settings","version":"9"},"event":{"data":{"created":1572879604725,"name":"showTabsTooltips","value":true},"id":"UISettings"}}
{"session":"0df7f5c92066","build":"183.4886.37","bucket":"-1","time":1572879604688,"group":{"id":"settings","version":"9"},"event":{"data":{"created":1572879604725,"name":"showToolWindowsNumbers","value":true},"id":"UISettings"}}
{"session":"0df7f5c92066","build":"183.4886.37","bucket":"-1","time":1572879604688,"group":{"id":"settings","version":"9"},"event":{"data":{"created":1572879604726,"name":"smoothScrolling","value":true},"id":"UISettings"}}
{"session":"0df7f5c92066","build":"183.4886.37","bucket":"-1","time":1572879604688,"group":{"id":"settings","version":"9"},"event":{"data":{"created":1572879604726,"name":"sortBookmarks","value":false},"id":"UISettings"}}
{"session":"0df7f5c92066","build":"183.4886.37","bucket":"-1","time":1572879604688,"group":{"id":"settings","version":"9"},"event":{"data":{"created":1572879604726,"name":"sortLookupElementsLexicographically","value":false},"id":"UISettings"}}
{"session":"0df7f5c92066","build":"183.4886.37","bucket":"-1","time":1572879604688,"group":{"id":"settings","version":"9"},"event":{"data":{"created":1572879604726,"name":"useSmallLabelsOnTabs","value":true},"id":"UISettings"}}
{"session":"0df7f5c92066","build":"183.4886.37","bucket":"-1","time":1572879604688,"group":{"id":"settings","version":"9"},"event":{"data":{"created":1572879604727,"name":"wideScreenSupport","value":false},"id":"UISettings"}}
{"session":"0df7f5c92066","build":"183.4886.37","bucket":"-1","time":1572879605529,"group":{"id":"settings","version":"9"},"event":{"data":{"created":1572879605529,"name":"autoSaveIfInactive","value":false},"id":"GeneralSettings"}}
{"session":"0df7f5c92066","build":"183.4886.37","bucket":"-1","time":1572879605529,"group":{"id":"settings","version":"9"},"event":{"data":{"created":1572879605530,"name":"confirmExit","value":true},"id":"GeneralSettings"}}
{"session":"0df7f5c92066","build":"183.4886.37","bucket":"-1","time":1572879605529,"group":{"id":"settings","version":"9"},"event":{"data":{"created":1572879605530,"name":"reopenLastProject","value":true},"id":"GeneralSettings"}}
{"session":"0df7f5c92066","build":"183.4886.37","bucket":"-1","time":1572879605529,"group":{"id":"settings","version":"9"},"event":{"data":{"created":1572879605530,"name":"saveOnFrameDeactivation","value":true},"id":"GeneralSettings"}}
{"session":"0df7f5c92066","build":"183.4886.37","bucket":"-1","time":1572879605529,"group":{"id":"settings","version":"9"},"event":{"data":{"created":1572879605531,"name":"searchInBackground","value":false},"id":"GeneralSettings"}}
{"session":"0df7f5c92066","build":"183.4886.37","bucket":"-1","time":1572879605529,"group":{"id":"settings","version":"9"},"event":{"data":{"default":false,"created":1572879605531,"name":"showTipsOnStartup","value":false},"id":"GeneralSettings"}}
{"session":"0df7f5c92066","build":"183.4886.37","bucket":"-1","time":1572879605529,"group":{"id":"settings","version":"9"},"event":{"data":{"created":1572879605531,"name":"showWelcomeScreen","value":true},"id":"GeneralSettings"}}
{"session":"0df7f5c92066","build":"183.4886.37","bucket":"-1","time":1572879605529,"group":{"id":"settings","version":"9"},"event":{"data":{"created":1572879605531,"name":"supportScreenReaders","value":false},"id":"GeneralSettings"}}
{"session":"0df7f5c92066","build":"183.4886.37","bucket":"-1","time":1572879605529,"group":{"id":"settings","version":"9"},"event":{"data":{"created":1572879605531,"name":"syncOnFrameActivation","value":true},"id":"GeneralSettings"}}
{"session":"0df7f5c92066","build":"183.4886.37","bucket":"-1","time":1572879605529,"group":{"id":"settings","version":"9"},"event":{"data":{"created":1572879605532,"name":"useDefaultBrowser","value":true},"id":"GeneralSettings"}}
{"session":"0df7f5c92066","build":"183.4886.37","bucket":"-1","time":1572879605529,"group":{"id":"settings","version":"9"},"event":{"data":{"created":1572879605532,"name":"useSafeWrite","value":true},"id":"GeneralSettings"}}
{"session":"0df7f5c92066","build":"183.4886.37","bucket":"-1","time":1572879607590,"group":{"id":"ui.dialogs","version":"9"},"event":{"count":1,"data":{"created":1572879607590,"type":"show"},"id":"com.intellij.openapi.progress.util.ProgressDialog$MyDialogWrapper"}}
{"session":"0df7f5c92066","build":"183.4886.37","bucket":"-1","time":1572879608865,"group":{"id":"ui.dialogs","version":"9"},"event":{"count":1,"data":{"code":1,"created":1572879608865,"type":"close"},"id":"com.intellij.openapi.progress.util.ProgressDialog$MyDialogWrapper"}}
{"session":"0df7f5c92066","build":"183.4886.37","bucket":"-1","time":1572879608898,"group":{"id":"statistics.lifecycle.project","version":"9"},"event":{"count":1,"data":{"created":1572879608898,"project":"-612400636"},"id":"project.opened"}}
{"session":"0df7f5c92066","build":"183.4886.37","bucket":"-1","time":1572879608898,"group":{"id":"lifecycle","version":"9"},"event":{"count":1,"data":{"created":1572879608898},"id":"project.opened"}}
{"session":"0df7f5c92066","build":"183.4886.37","bucket":"-1","time":1572879609728,"group":{"id":"ui.dialogs","version":"9"},"event":{"count":1,"data":{"created":1572879609728,"type":"show"},"id":"com.intellij.openapi.progress.util.ProgressDialog$MyDialogWrapper"}}
{"session":"0df7f5c92066","build":"183.4886.37","bucket":"-1","time":1572879610635,"group":{"id":"toolwindow.v2","version":"9"},"event":{"count":1,"data":{"created":1572879610635,"data_1":"Mac"},"id":"Project_by_Activation"}}
{"session":"0df7f5c92066","build":"183.4886.37","bucket":"-1","time":1572879610911,"group":{"id":"statistics.lifecycle.app","version":"9"},"event":{"count":1,"data":{"created":1572879610911},"id":"ide.start"}}
{"session":"0df7f5c92066","build":"183.4886.37","bucket":"-1","time":1572879610911,"group":{"id":"lifecycle","version":"9"},"event":{"count":1,"data":{"created":1572879610911},"id":"app.started"}}
{"session":"0df7f5c92066","build":"183.4886.37","bucket":"-1","time":1572879611735,"group":{"id":"ui.dialogs","version":"9"},"event":{"count":1,"data":{"code":1,"created":1572879611735,"type":"close"},"id":"com.intellij.openapi.progress.util.ProgressDialog$MyDialogWrapper"}}
{"session":"0df7f5c92066","build":"183.4886.37","bucket":"-1","time":1572879611854,"group":{"id":"statistics.lifecycle.project","version":"9"},"event":{"count":1,"data":{"created":1572879611854,"project":"-612400636"},"id":"project.open.time.4"}}
{"session":"0df7f5c92066","build":"183.4886.37","bucket":"-1","time":1572879611854,"group":{"id":"lifecycle","version":"9"},"event":{"count":1,"data":{"created":1572879611854,"time.ms":4751},"id":"project.opening.finished"}}
{"session":"0df7f5c92066","build":"183.4886.37","bucket":"-1","time":1572879612580,"group":{"id":"statistics.lifecycle.project","version":"9"},"event":{"count":1,"data":{"created":1572879612580,"project":"-612400636"},"id":"project.closed"}}
{"session":"0df7f5c92066","build":"183.4886.37","bucket":"-1","time":1572879612963,"group":{"id":"lifecycle","version":"9"},"event":{"count":1,"data":{"created":1572879612963},"id":"project.closed"}}
{"session":"0df7f5c92066","build":"183.4886.37","bucket":"-1","time":1572879614984,"group":{"id":"actions.v2","version":"9"},"event":{"count":1,"data":{"context_menu":false,"created":1572879614984,"data_1":"Mac"},"id":"WelcomeScreen.CreateNewProject"}}
{"session":"0df7f5c92066","build":"183.4886.37","bucket":"-1","time":1572879615505,"group":{"id":"ui.dialogs","version":"9"},"event":{"count":1,"data":{"created":1572879615505,"type":"show"},"id":"com.intellij.ide.projectWizard.NewProjectWizard"}}
{"session":"0df7f5c92066","build":"183.4886.37","bucket":"-1","time":1572879616070,"group":{"id":"ui.dialogs","version":"9"},"event":{"count":1,"data":{"created":1572879616070,"type":"show"},"id":"com.intellij.openapi.progress.util.ProgressDialog$MyDialogWrapper"}}
{"session":"0df7f5c92066","build":"183.4886.37","bucket":"-1","time":1572879616222,"group":{"id":"ui.dialogs","version":"9"},"event":{"count":1,"data":{"code":1,"created":1572879616222,"type":"close"},"id":"com.intellij.openapi.progress.util.ProgressDialog$MyDialogWrapper"}}
{"session":"0df7f5c92066","build":"183.4886.37","bucket":"-1","time":1572879623624,"group":{"id":"ui.dialogs","version":"9"},"event":{"count":1,"data":{"code":0,"created":1572879623624,"type":"close"},"id":"com.intellij.ide.projectWizard.NewProjectWizard"}}
{"session":"0df7f5c92066","build":"183.4886.37","bucket":"-1","time":1572879624519,"group":{"id":"statistics.lifecycle.project","version":"9"},"event":{"count":1,"data":{"created":1572879624519,"project":"2116309287"},"id":"project.opened"}}
{"session":"0df7f5c92066","build":"183.4886.37","bucket":"-1","time":1572879624519,"group":{"id":"lifecycle","version":"9"},"event":{"count":1,"data":{"created":1572879624519},"id":"project.opened"}}
{"session":"0df7f5c92066","build":"183.4886.37","bucket":"-1","time":1572879624866,"group":{"id":"ui.dialogs","version":"9"},"event":{"count":1,"data":{"created":1572879624866,"type":"show"},"id":"com.intellij.openapi.progress.util.ProgressDialog$MyDialogWrapper"}}
{"session":"0df7f5c92066","build":"183.4886.37","bucket":"-1","time":1572879624916,"group":{"id":"ui.dialogs","version":"9"},"event":{"count":1,"data":{"code":1,"created":1572879624916,"type":"close"},"id":"com.intellij.openapi.progress.util.ProgressDialog$MyDialogWrapper"}}
{"session":"0df7f5c92066","build":"183.4886.37","bucket":"-1","time":1572879625436,"group":{"id":"statistics.lifecycle.project","version":"9"},"event":{"count":1,"data":{"created":1572879625436,"project":"2116309287"},"id":"project.open.time.1"}}
{"session":"0df7f5c92066","build":"183.4886.37","bucket":"-1","time":1572879625436,"group":{"id":"lifecycle","version":"9"},"event":{"count":1,"data":{"created":1572879625436,"time.ms":1759},"id":"project.opening.finished"}}
{"session":"0df7f5c92066","build":"183.4886.37","bucket":"-1","time":1572879626047,"group":{"id":"toolwindow.v2","version":"9"},"event":{"count":1,"data":{"created":1572879626047,"data_1":"Mac"},"id":"Project_by_Activation"}}
{"session":"0df7f5c92066","build":"183.4886.37","bucket":"-1","time":1572879633777,"group":{"id":"statistics.file.types.open","version":"9"},"event":{"count":1,"data":{"created":1572879633778,"project":"2116309287"},"id":"IDEA_MODULE"}}
{"session":"0df7f5c92066","build":"183.4886.37","bucket":"-1","time":1572879643520,"group":{"id":"statistics.file.types.open","version":"9"},"event":{"count":5,"data":{"last":1572879650691,"created":1572879643520,"project":"2116309287"},"id":"XML"}}
{"session":"0df7f5c92066","build":"183.4886.37","bucket":"-1","time":1572880804624,"group":{"id":"internal.statistics.os.name","version":"9"},"event":{"data":{"created":1572880804624},"id":"Mac.OS.X"}}
{"session":"0df7f5c92066","build":"183.4886.37","bucket":"-1","time":1572880804625,"group":{"id":"internal.statistics.keymaps.name","version":"9"},"event":{"data":{"created":1572880804625,"data_1":"Mac"},"id":"Mac_OS_X"}}
{"session":"0df7f5c92066","build":"183.4886.37","bucket":"-1","time":1572880804625,"group":{"id":"internal.statistics.user.advanced.info","version":"9"},"event":{"data":{"created":1572880804625},"id":"release"}}
{"session":"0df7f5c92066","build":"183.4886.37","bucket":"-1","time":1572880804626,"group":{"id":"internal.statistics.ui.look.and.feel","version":"9"},"event":{"data":{"created":1572880804626,"data_1":"Mac"},"id":"Mac_OS_X.Light"}}
{"session":"0df7f5c92066","build":"183.4886.37","bucket":"-1","time":1572880804642,"group":{"id":"internal.statistics.editor.settings.ide","version":"9"},"event":{"data":{"created":1572880804642},"id":"completionHints"}}
{"session":"0df7f5c92066","build":"183.4886.37","bucket":"-1","time":1572880804643,"group":{"id":"internal.statistics.vcs.github","version":"9"},"event":{"data":{"created":1572880804643},"id":"github.accounts.count.0"}}
{"session":"0df7f5c92066","build":"183.4886.37","bucket":"-1","time":1572880804643,"group":{"id":"internal.statistics.vcs.github","version":"9"},"event":{"data":{"created":1572880804643},"id":"github.accounts.not.default.host.disabled"}}
{"session":"0df7f5c92066","build":"183.4886.37","bucket":"-1","time":1572880804646,"group":{"id":"internal.statistics.ui.screen.scale","version":"9"},"event":{"data":{"created":1572880804646,"data_1":"Mac"},"id":"Mac_ScaledMode_2.0"}}
{"session":"0df7f5c92066","build":"183.4886.37","bucket":"-1","time":1572880804647,"group":{"id":"internal.statistics.ui.info.features","version":"9"},"event":{"data":{"created":1572880804647,"data_1":"Mac"},"id":"Nav.Bar.visible"}}
{"session":"0df7f5c92066","build":"183.4886.37","bucket":"-1","time":1572880804647,"group":{"id":"internal.statistics.ui.info.features","version":"9"},"event":{"data":{"created":1572880804647,"data_1":"Mac"},"id":"Line.Numbers"}}
{"session":"0df7f5c92066","build":"183.4886.37","bucket":"-1","time":1572880804647,"group":{"id":"internal.statistics.ui.info.features","version":"9"},"event":{"data":{"created":1572880804647,"data_1":"Mac"},"id":"Tabs.Top"}}
{"session":"0df7f5c92066","build":"183.4886.37","bucket":"-1","time":1572880804647,"group":{"id":"internal.statistics.ui.info.features","version":"9"},"event":{"data":{"created":1572880804647,"data_1":"Mac"},"id":"Status.bar.visible"}}
{"session":"0df7f5c92066","build":"183.4886.37","bucket":"-1","time":1572880804647,"group":{"id":"internal.statistics.ui.info.features","version":"9"},"event":{"data":{"created":1572880804648,"data_1":"Mac"},"id":"Recent.Files[30_50]"}}
{"session":"0df7f5c92066","build":"183.4886.37","bucket":"-1","time":1572880804647,"group":{"id":"internal.statistics.ui.info.features","version":"9"},"event":{"data":{"created":1572880804648,"data_1":"Mac"},"id":"Toolbar.hidden"}}
{"session":"0df7f5c92066","build":"183.4886.37","bucket":"-1","time":1572880804647,"group":{"id":"internal.statistics.ui.info.features","version":"9"},"event":{"data":{"created":1572880804648,"data_1":"Mac"},"id":"Gutter.Icons"}}
{"session":"0df7f5c92066","build":"183.4886.37","bucket":"-1","time":1572880804647,"group":{"id":"internal.statistics.ui.info.features","version":"9"},"event":{"data":{"created":1572880804648,"data_1":"Mac"},"id":"Retina"}}
{"session":"0df7f5c92066","build":"183.4886.37","bucket":"-1","time":1572880804647,"group":{"id":"internal.statistics.ui.info.features","version":"9"},"event":{"data":{"created":1572880804648,"data_1":"Mac"},"id":"Tool.Window.buttons.hidden"}}
{"session":"0df7f5c92066","build":"183.4886.37","bucket":"-1","time":1572880804647,"group":{"id":"internal.statistics.ui.info.features","version":"9"},"event":{"data":{"created":1572880804648,"data_1":"Mac","event_data_1":"[30_50]"},"id":"recent.files"}}
{"session":"0df7f5c92066","build":"183.4886.37","bucket":"-1","time":1572880804647,"group":{"id":"internal.statistics.ui.info.features","version":"9"},"event":{"data":{"created":1572880804648,"data_1":"Mac"},"id":"Toolbar.and.NavBar"}}
{"session":"0df7f5c92066","build":"183.4886.37","bucket":"-1","time":1572880804647,"group":{"id":"internal.statistics.ui.info.features","version":"9"},"event":{"data":{"created":1572880804648,"data_1":"Mac"},"id":"Allow.merging.buttons.enabled"}}
{"session":"0df7f5c92066","build":"183.4886.37","bucket":"-1","time":1572880804649,"group":{"id":"internal.statistics.ui.fonts","version":"9"},"event":{"data":{"created":1572880804649,"data_1":"Mac"},"id":"UI.font.size[12]"}}
{"session":"0df7f5c92066","build":"183.4886.37","bucket":"-1","time":1572880804649,"group":{"id":"internal.statistics.ui.fonts","version":"9"},"event":{"data":{"created":1572880804649,"data_1":"Mac"},"id":"UI.font.name[null]"}}
{"session":"0df7f5c92066","build":"183.4886.37","bucket":"-1","time":1572880804649,"group":{"id":"internal.statistics.ui.fonts","version":"9"},"event":{"data":{"created":1572880804649,"data_1":"Mac"},"id":"IDE.editor.font.name[Menlo]"}}
{"session":"0df7f5c92066","build":"183.4886.37","bucket":"-1","time":1572880804649,"group":{"id":"internal.statistics.ui.fonts","version":"9"},"event":{"data":{"created":1572880804649,"data_1":"Mac"},"id":"IDE.editor.font.size[12]"}}
{"session":"0df7f5c92066","build":"183.4886.37","bucket":"-1","time":1572880804649,"group":{"id":"internal.statistics.ui.fonts","version":"9"},"event":{"data":{"created":1572880804649,"data_1":"Mac"},"id":"Presentation.mode.font.size[24]"}}
{"session":"0df7f5c92066","build":"183.4886.37","bucket":"-1","time":1572880804649,"group":{"id":"internal.statistics.ui.hidpi.mode","version":"9"},"event":{"data":{"created":1572880804649,"data_1":"Mac"},"id":"Mac.per_monitor_dpi"}}
{"session":"0df7f5c92066","build":"183.4886.37","bucket":"-1","time":1572880804649,"group":{"id":"internal.statistics.os.version","version":"9"},"event":{"data":{"created":1572880804649},"id":"Mac_OS_X.10.13.6"}}
{"session":"0df7f5c92066","build":"183.4886.37","bucket":"-1","time":1572880804649,"group":{"id":"internal.statistics.ui.editor.color.schemes","version":"9"},"event":{"data":{"created":1572880804649,"data_1":"Mac"},"id":"Default"}}
{"session":"0df7f5c92066","build":"183.4886.37","bucket":"-1","time":1572880804657,"group":{"id":"internal.statistics.vcs.diff","version":"9"},"event":{"data":{"created":1572880804657},"id":"use.unified.diff.CommitDialog.disabled"}}
{"session":"0df7f5c92066","build":"183.4886.37","bucket":"-1","time":1572880804657,"group":{"id":"internal.statistics.vcs.diff","version":"9"},"event":{"data":{"created":1572880804658},"id":"show.line.numbers.ChangesView.enabled"}}
{"session":"0df7f5c92066","build":"183.4886.37","bucket":"-1","time":1572880804657,"group":{"id":"internal.statistics.vcs.diff","version":"9"},"event":{"data":{"created":1572880804658},"id":"collapse.unchanged.CommitDialog.enabled"}}
{"session":"0df7f5c92066","build":"183.4886.37","bucket":"-1","time":1572880804657,"group":{"id":"internal.statistics.vcs.diff","version":"9"},"event":{"data":{"created":1572880804658},"id":"show.warnings.policy.Default.inspections"}}
{"session":"0df7f5c92066","build":"183.4886.37","bucket":"-1","time":1572880804657,"group":{"id":"internal.statistics.vcs.diff","version":"9"},"event":{"data":{"created":1572880804658},"id":"use.unified.diff.VcsLogView.enabled"}}
{"session":"0df7f5c92066","build":"183.4886.37","bucket":"-1","time":1572880804657,"group":{"id":"internal.statistics.vcs.diff","version":"9"},"event":{"data":{"created":1572880804658},"id":"highlight.policy.CommitDialog.by_word"}}
{"session":"0df7f5c92066","build":"183.4886.37","bucket":"-1","time":1572880804657,"group":{"id":"internal.statistics.vcs.diff","version":"9"},"event":{"data":{"created":1572880804658},"id":"use.soft.wraps.Merge.disabled"}}
{"session":"0df7f5c92066","build":"183.4886.37","bucket":"-1","time":1572880804657,"group":{"id":"internal.statistics.vcs.diff","version":"9"},"event":{"data":{"created":1572880804658},"id":"show.warnings.policy.Merge.inspections"}}
{"session":"0df7f5c92066","build":"183.4886.37","bucket":"-1","time":1572880804657,"group":{"id":"internal.statistics.vcs.diff","version":"9"},"event":{"data":{"created":1572880804658},"id":"external.merge.disabled"}}
{"session":"0df7f5c92066","build":"183.4886.37","bucket":"-1","time":1572880804657,"group":{"id":"internal.statistics.vcs.diff","version":"9"},"event":{"data":{"created":1572880804658},"id":"use.soft.wraps.TestsFiledAssertions.disabled"}}
{"session":"0df7f5c92066","build":"183.4886.37","bucket":"-1","time":1572880804657,"group":{"id":"internal.statistics.vcs.diff","version":"9"},"event":{"data":{"created":1572880804658},"id":"use.unified.diff.Merge.disabled"}}
{"session":"0df7f5c92066","build":"183.4886.37","bucket":"-1","time":1572880804657,"group":{"id":"internal.statistics.vcs.diff","version":"9"},"event":{"data":{"created":1572880804659},"id":"ignore.policy.ChangesView.default"}}
{"session":"0df7f5c92066","build":"183.4886.37","bucket":"-1","time":1572880804657,"group":{"id":"internal.statistics.vcs.diff","version":"9"},"event":{"data":{"created":1572880804659},"id":"collapse.unchanged.Merge.disabled"}}
{"session":"0df7f5c92066","build":"183.4886.37","bucket":"-1","time":1572880804657,"group":{"id":"internal.statistics.vcs.diff","version":"9"},"event":{"data":{"created":1572880804659},"id":"ignore.policy.TestsFiledAssertions.default"}}
{"session":"0df7f5c92066","build":"183.4886.37","bucket":"-1","time":1572880804657,"group":{"id":"internal.statistics.vcs.diff","version":"9"},"event":{"data":{"created":1572880804659},"id":"collapse.unchanged.ChangesView.enabled"}}
{"session":"0df7f5c92066","build":"183.4886.37","bucket":"-1","time":1572880804657,"group":{"id":"internal.statistics.vcs.diff","version":"9"},"event":{"data":{"created":1572880804659},"id":"use.soft.wraps.VcsLogView.disabled"}}
{"session":"0df7f5c92066","build":"183.4886.37","bucket":"-1","time":1572880804657,"group":{"id":"internal.statistics.vcs.diff","version":"9"},"event":{"data":{"created":1572880804659},"id":"highlight.policy.TestsFiledAssertions.by_word"}}
{"session":"0df7f5c92066","build":"183.4886.37","bucket":"-1","time":1572880804657,"group":{"id":"internal.statistics.vcs.diff","version":"9"},"event":{"data":{"created":1572880804659},"id":"use.unified.diff.ChangesView.disabled"}}
{"session":"0df7f5c92066","build":"183.4886.37","bucket":"-1","time":1572880804657,"group":{"id":"internal.statistics.vcs.diff","version":"9"},"event":{"data":{"created":1572880804659},"id":"collapse.unchanged.Default.disabled"}}
{"session":"0df7f5c92066","build":"183.4886.37","bucket":"-1","time":1572880804657,"group":{"id":"internal.statistics.vcs.diff","version":"9"},"event":{"data":{"created":1572880804659},"id":"show.line.numbers.CommitDialog.enabled"}}
{"session":"0df7f5c92066","build":"183.4886.37","bucket":"-1","time":1572880804657,"group":{"id":"internal.statistics.vcs.diff","version":"9"},"event":{"data":{"created":1572880804659},"id":"show.warnings.policy.TestsFiledAssertions.inspections"}}
{"session":"0df7f5c92066","build":"183.4886.37","bucket":"-1","time":1572880804657,"group":{"id":"internal.statistics.vcs.diff","version":"9"},"event":{"data":{"created":1572880804659},"id":"use.soft.wraps.Default.disabled"}}
{"session":"0df7f5c92066","build":"183.4886.37","bucket":"-1","time":1572880804657,"group":{"id":"internal.statistics.vcs.diff","version":"9"},"event":{"data":{"created":1572880804660},"id":"use.unified.diff.TestsFiledAssertions.disabled"}}
{"session":"0df7f5c92066","build":"183.4886.37","bucket":"-1","time":1572880804657,"group":{"id":"internal.statistics.vcs.diff","version":"9"},"event":{"data":{"created":1572880804660},"id":"highlight.policy.VcsLogView.by_word"}}
{"session":"0df7f5c92066","build":"183.4886.37","bucket":"-1","time":1572880804657,"group":{"id":"internal.statistics.vcs.diff","version":"9"},"event":{"data":{"created":1572880804660},"id":"use.soft.wraps.ChangesView.disabled"}}
{"session":"0df7f5c92066","build":"183.4886.37","bucket":"-1","time":1572880804657,"group":{"id":"internal.statistics.vcs.diff","version":"9"},"event":{"data":{"created":1572880804660},"id":"ignore.policy.Default.default"}}
{"session":"0df7f5c92066","build":"183.4886.37","bucket":"-1","time":1572880804657,"group":{"id":"internal.statistics.vcs.diff","version":"9"},"event":{"data":{"created":1572880804660},"id":"highlight.policy.ChangesView.by_word"}}
{"session":"0df7f5c92066","build":"183.4886.37","bucket":"-1","time":1572880804657,"group":{"id":"internal.statistics.vcs.diff","version":"9"},"event":{"data":{"created":1572880804660},"id":"use.soft.wraps.CommitDialog.disabled"}}
{"session":"0df7f5c92066","build":"183.4886.37","bucket":"-1","time":1572880804657,"group":{"id":"internal.statistics.vcs.diff","version":"9"},"event":{"data":{"created":1572880804660},"id":"highlight.policy.Default.by_word"}}
{"session":"0df7f5c92066","build":"183.4886.37","bucket":"-1","time":1572880804657,"group":{"id":"internal.statistics.vcs.diff","version":"9"},"event":{"data":{"created":1572880804660},"id":"collapse.unchanged.VcsLogView.enabled"}}
{"session":"0df7f5c92066","build":"183.4886.37","bucket":"-1","time":1572880804657,"group":{"id":"internal.statistics.vcs.diff","version":"9"},"event":{"data":{"created":1572880804660},"id":"external.diff.default.disabled"}}
{"session":"0df7f5c92066","build":"183.4886.37","bucket":"-1","time":1572880804657,"group":{"id":"internal.statistics.vcs.diff","version":"9"},"event":{"data":{"created":1572880804660},"id":"ignore.policy.VcsLogView.default"}}
{"session":"0df7f5c92066","build":"183.4886.37","bucket":"-1","time":1572880804657,"group":{"id":"internal.statistics.vcs.diff","version":"9"},"event":{"data":{"created":1572880804660},"id":"show.line.numbers.Merge.enabled"}}
{"session":"0df7f5c92066","build":"183.4886.37","bucket":"-1","time":1572880804657,"group":{"id":"internal.statistics.vcs.diff","version":"9"},"event":{"data":{"created":1572880804660},"id":"show.line.numbers.VcsLogView.enabled"}}
{"session":"0df7f5c92066","build":"183.4886.37","bucket":"-1","time":1572880804657,"group":{"id":"internal.statistics.vcs.diff","version":"9"},"event":{"data":{"created":1572880804661},"id":"show.warnings.policy.ChangesView.inspections"}}
{"session":"0df7f5c92066","build":"183.4886.37","bucket":"-1","time":1572880804657,"group":{"id":"internal.statistics.vcs.diff","version":"9"},"event":{"data":{"created":1572880804661},"id":"ignore.policy.Merge.default"}}
{"session":"0df7f5c92066","build":"183.4886.37","bucket":"-1","time":1572880804657,"group":{"id":"internal.statistics.vcs.diff","version":"9"},"event":{"data":{"created":1572880804661},"id":"enable.read.lock.CommitDialog.enabled"}}
{"session":"0df7f5c92066","build":"183.4886.37","bucket":"-1","time":1572880804657,"group":{"id":"internal.statistics.vcs.diff","version":"9"},"event":{"data":{"created":1572880804661},"id":"highlight.policy.Merge.by_word"}}
{"session":"0df7f5c92066","build":"183.4886.37","bucket":"-1","time":1572880804657,"group":{"id":"internal.statistics.vcs.diff","version":"9"},"event":{"data":{"created":1572880804661},"id":"show.line.numbers.Default.enabled"}}
{"session":"0df7f5c92066","build":"183.4886.37","bucket":"-1","time":1572880804657,"group":{"id":"internal.statistics.vcs.diff","version":"9"},"event":{"data":{"created":1572880804661},"id":"collapse.unchanged.TestsFiledAssertions.disabled"}}
{"session":"0df7f5c92066","build":"183.4886.37","bucket":"-1","time":1572880804657,"group":{"id":"internal.statistics.vcs.diff","version":"9"},"event":{"data":{"created":1572880804661},"id":"external.diff.disabled"}}
{"session":"0df7f5c92066","build":"183.4886.37","bucket":"-1","time":1572880804657,"group":{"id":"internal.statistics.vcs.diff","version":"9"},"event":{"data":{"created":1572880804661},"id":"show.warnings.policy.VcsLogView.inspections"}}
{"session":"0df7f5c92066","build":"183.4886.37","bucket":"-1","time":1572880804657,"group":{"id":"internal.statistics.vcs.diff","version":"9"},"event":{"data":{"created":1572880804661},"id":"use.unified.diff.Default.disabled"}}
{"session":"0df7f5c92066","build":"183.4886.37","bucket":"-1","time":1572880804657,"group":{"id":"internal.statistics.vcs.diff","version":"9"},"event":{"data":{"created":1572880804661},"id":"ignore.policy.CommitDialog.default"}}
{"session":"0df7f5c92066","build":"183.4886.37","bucket":"-1","time":1572880804657,"group":{"id":"internal.statistics.vcs.diff","version":"9"},"event":{"data":{"created":1572880804661},"id":"show.line.numbers.TestsFiledAssertions.enabled"}}
{"session":"0df7f5c92066","build":"183.4886.37","bucket":"-1","time":1572880804657,"group":{"id":"internal.statistics.vcs.diff","version":"9"},"event":{"data":{"created":1572880804662},"id":"iterate.next.file.enabled"}}
{"session":"0df7f5c92066","build":"183.4886.37","bucket":"-1","time":1572880804657,"group":{"id":"internal.statistics.vcs.diff","version":"9"},"event":{"data":{"created":1572880804662},"id":"show.warnings.policy.CommitDialog.inspections"}}
{"session":"0df7f5c92066","build":"183.4886.37","bucket":"-1","time":1572880804788,"group":{"id":"internal.statistics.ui.accessibility.screen.reader","version":"9"},"event":{"data":{"created":1572880804788},"id":"Mac.screen.reader.DISABLED"}}
{"session":"0df7f5c92066","build":"183.4886.37","bucket":"-1","time":1572880804789,"group":{"id":"internal.statistics.platform.registry.application","version":"9"},"event":{"data":{"created":1572880804789},"id":"java.completion.argument.hints.internal"}}
{"session":"0df7f5c92066","build":"183.4886.37","bucket":"-1","time":1572880804789,"group":{"id":"internal.statistics.platform.registry.application","version":"9"},"event":{"data":{"created":1572880804789},"id":"inline.browse.button"}}
{"session":"0df7f5c92066","build":"183.4886.37","bucket":"-1","time":1572880804789,"group":{"id":"internal.statistics.jdk.user","version":"9"},"event":{"data":{"created":1572880804790},"id":"JetBrains_s.r.o.1.8"}}
{"session":"0df7f5c92066","build":"183.4886.37","bucket":"-1","time":1572880804794,"group":{"id":"internal.statistics.debugger.breakpoints","version":"9"},"event":{"data":{"created":1572880804794,"project":"2116309287"},"id":"total.0"}}
{"session":"0df7f5c92066","build":"183.4886.37","bucket":"-1","time":1572880804801,"group":{"id":"internal.statistics.vcs.git.settings","version":"9"},"event":{"data":{"created":1572880804801,"project":"2116309287"},"id":"config.update.type.BRANCH_DEFAULT"}}
{"session":"0df7f5c92066","build":"183.4886.37","bucket":"-1","time":1572880804801,"group":{"id":"internal.statistics.vcs.git.settings","version":"9"},"event":{"data":{"created":1572880804801,"project":"2116309287"},"id":"config.save.policy.STASH"}}
{"session":"0df7f5c92066","build":"183.4886.37","bucket":"-1","time":1572880804801,"group":{"id":"internal.statistics.vcs.git.settings","version":"9"},"event":{"data":{"created":1572880804801,"project":"2116309287"},"id":"config.repo.sync.NOT_DECIDED"}}
{"session":"0df7f5c92066","build":"183.4886.37","bucket":"-1","time":1572880804801,"group":{"id":"internal.statistics.vcs.git.settings","version":"9"},"event":{"data":{"created":1572880804802,"project":"2116309287"},"id":"config.warn.about.detached.enabled"}}
{"session":"0df7f5c92066","build":"183.4886.37","bucket":"-1","time":1572880804801,"group":{"id":"internal.statistics.vcs.git.settings","version":"9"},"event":{"data":{"created":1572880804802,"project":"2116309287"},"id":"version.0.0.0-NULL"}}
{"session":"0df7f5c92066","build":"183.4886.37","bucket":"-1","time":1572880804801,"group":{"id":"internal.statistics.vcs.git.settings","version":"9"},"event":{"data":{"created":1572880804802,"project":"2116309287"},"id":"config.push.autoupdate.disabled"}}
{"session":"0df7f5c92066","build":"183.4886.37","bucket":"-1","time":1572880804801,"group":{"id":"internal.statistics.vcs.git.settings","version":"9"},"event":{"data":{"created":1572880804802,"project":"2116309287"},"id":"config.cherry-pick.autocommit.disabled"}}
{"session":"0df7f5c92066","build":"183.4886.37","bucket":"-1","time":1572880804801,"group":{"id":"internal.statistics.vcs.git.settings","version":"9"},"event":{"data":{"created":1572880804802,"project":"2116309287"},"id":"config.push.update.all.roots.enabled"}}
{"session":"0df7f5c92066","build":"183.4886.37","bucket":"-1","time":1572880804801,"group":{"id":"internal.statistics.vcs.git.settings","version":"9"},"event":{"data":{"created":1572880804802,"project":"2116309287"},"id":"config.warn.about.crlf.enabled"}}
{"session":"0df7f5c92066","build":"183.4886.37","bucket":"-1","time":1572880804801,"group":{"id":"internal.statistics.vcs.git.settings","version":"9"},"event":{"data":{"created":1572880804802,"project":"2116309287"},"id":"config.ssh.disabled"}}
{"session":"0df7f5c92066","build":"183.4886.37","bucket":"-1","time":1572880804802,"group":{"id":"internal.statistics.run.dashboard","version":"9"},"event":{"data":{"created":1572880804802,"project":"2116309287"},"id":"run.dashboard.disabled"}}
{"session":"0df7f5c92066","build":"183.4886.37","bucket":"-1","time":1572880804803,"group":{"id":"internal.statistics.vcs.metrics","version":"9"},"event":{"data":{"created":1572880804803,"project":"2116309287"},"id":"has.default.vcs.root.mapping.enabled"}}
{"session":"0df7f5c92066","build":"183.4886.37","bucket":"-1","time":1572880804803,"group":{"id":"internal.statistics.vcs.metrics","version":"9"},"event":{"data":{"created":1572880804803,"project":"2116309287"},"id":"active.changelists.count.1"}}
{"session":"0df7f5c92066","build":"183.4886.37","bucket":"-1","time":1572880804803,"group":{"id":"internal.statistics.vcs.metrics","version":"9"},"event":{"data":{"created":1572880804803,"project":"2116309287"},"id":"ignored.files.count.0"}}
{"session":"0df7f5c92066","build":"183.4886.37","bucket":"-1","time":1572880804803,"group":{"id":"internal.statistics.vcs.metrics","version":"9"},"event":{"data":{"created":1572880804803,"project":"2116309287"},"id":"vcs.roots.count.0"}}
{"session":"0df7f5c92066","build":"183.4886.37","bucket":"-1","time":1572880804803,"group":{"id":"internal.statistics.vcs.metrics","version":"9"},"event":{"data":{"created":1572880804803,"project":"2116309287"},"id":"unversioned.files.count.0"}}
{"session":"0df7f5c92066","build":"183.4886.37","bucket":"-1","time":1572880804855,"group":{"id":"internal.statistics.file.types","version":"9"},"event":{"data":{"created":1572880804855,"project":"2116309287"},"id":"IDEA_MODULE"}}
{"session":"0df7f5c92066","build":"183.4886.37","bucket":"-1","time":1572880804858,"group":{"id":"internal.statistics.project.structure","version":"9"},"event":{"data":{"created":1572880804858,"project":"2116309287"},"id":"source.roots.count.1"}}
{"session":"0df7f5c92066","build":"183.4886.37","bucket":"-1","time":1572880804858,"group":{"id":"internal.statistics.project.structure","version":"9"},"event":{"data":{"created":1572880804858,"project":"2116309287"},"id":"package.prefix.not.used"}}
{"session":"0df7f5c92066","build":"183.4886.37","bucket":"-1","time":1572880804858,"group":{"id":"internal.statistics.project.structure","version":"9"},"event":{"data":{"created":1572880804858,"project":"2116309287"},"id":"content.roots.count.1"}}
{"session":"0df7f5c92066","build":"183.4886.37","bucket":"-1","time":1572880804858,"group":{"id":"internal.statistics.project.structure","version":"9"},"event":{"data":{"created":1572880804858,"project":"2116309287"},"id":"modules.count.1"}}
{"session":"0df7f5c92066","build":"183.4886.37","bucket":"-1","time":1572880804858,"group":{"id":"internal.statistics.project.structure","version":"9"},"event":{"data":{"created":1572880804858,"project":"2116309287"},"id":"source.root.java-source.1"}}
{"session":"0df7f5c92066","build":"183.4886.37","bucket":"-1","time":1572880804858,"group":{"id":"internal.statistics.project.structure","version":"9"},"event":{"data":{"created":1572880804858,"project":"2116309287"},"id":"excluded.roots.count.0"}}
{"session":"0df7f5c92066","build":"183.4886.37","bucket":"-1","time":1572880804904,"group":{"id":"internal.statistics.vcs.options","version":"9"},"event":{"data":{"created":1572880804904,"project":"2116309287"},"id":"perform.update.in.background.enabled"}}
{"session":"0df7f5c92066","build":"183.4886.37","bucket":"-1","time":1572880804904,"group":{"id":"internal.statistics.vcs.options","version":"9"},"event":{"data":{"created":1572880804904,"project":"2116309287"},"id":"check.conflicts.in.background.disabled"}}
{"session":"0df7f5c92066","build":"183.4886.37","bucket":"-1","time":1572880804904,"group":{"id":"internal.statistics.vcs.options","version":"9"},"event":{"data":{"created":1572880804904,"project":"2116309287"},"id":"changelist.make.new.active.disabled"}}
{"session":"0df7f5c92066","build":"183.4886.37","bucket":"-1","time":1572880804904,"group":{"id":"internal.statistics.vcs.options","version":"9"},"event":{"data":{"created":1572880804904,"project":"2116309287"},"id":"perform.add_remove.in.background.enabled"}}
{"session":"0df7f5c92066","build":"183.4886.37","bucket":"-1","time":1572880804904,"group":{"id":"internal.statistics.vcs.options","version":"9"},"event":{"data":{"created":1572880804904,"project":"2116309287"},"id":"perform.rollback.in.background.disabled"}}
{"session":"0df7f5c92066","build":"183.4886.37","bucket":"-1","time":1572880804904,"group":{"id":"internal.statistics.vcs.options","version":"9"},"event":{"data":{"created":1572880804904,"project":"2116309287"},"id":"commit.use.right.margin.enabled"}}
{"session":"0df7f5c92066","build":"183.4886.37","bucket":"-1","time":1572880804904,"group":{"id":"internal.statistics.vcs.options","version":"9"},"event":{"data":{"created":1572880804904,"project":"2116309287"},"id":"commit.before.reformat.project.disabled"}}
{"session":"0df7f5c92066","build":"183.4886.37","bucket":"-1","time":1572880804904,"group":{"id":"internal.statistics.vcs.options","version":"9"},"event":{"data":{"created":1572880804905,"project":"2116309287"},"id":"commit.clear.initial.comment.disabled"}}
{"session":"0df7f5c92066","build":"183.4886.37","bucket":"-1","time":1572880804904,"group":{"id":"internal.statistics.vcs.options","version":"9"},"event":{"data":{"created":1572880804905,"project":"2116309287"},"id":"show.changes.preview.disabled"}}
{"session":"0df7f5c92066","build":"183.4886.37","bucket":"-1","time":1572880804904,"group":{"id":"internal.statistics.vcs.options","version":"9"},"event":{"data":{"created":1572880804905,"project":"2116309287"},"id":"offer.move.partially.committed.disabled"}}
{"session":"0df7f5c92066","build":"183.4886.37","bucket":"-1","time":1572880804904,"group":{"id":"internal.statistics.vcs.options","version":"9"},"event":{"data":{"created":1572880804905,"project":"2116309287"},"id":"offer.move.failed.committed.do_nothing_silently"}}
{"session":"0df7f5c92066","build":"183.4886.37","bucket":"-1","time":1572880804904,"group":{"id":"internal.statistics.vcs.options","version":"9"},"event":{"data":{"created":1572880804905,"project":"2116309287"},"id":"commit.before.check.code.smell.enabled"}}
{"session":"0df7f5c92066","build":"183.4886.37","bucket":"-1","time":1572880804904,"group":{"id":"internal.statistics.vcs.options","version":"9"},"event":{"data":{"created":1572880804905,"project":"2116309287"},"id":"commit.before.check.non.empty.comment.disabled"}}
{"session":"0df7f5c92066","build":"183.4886.37","bucket":"-1","time":1572880804904,"group":{"id":"internal.statistics.vcs.options","version":"9"},"event":{"data":{"created":1572880804905,"project":"2116309287"},"id":"offer.remove.empty.changelist.show_confirmation"}}
{"session":"0df7f5c92066","build":"183.4886.37","bucket":"-1","time":1572880804904,"group":{"id":"internal.statistics.vcs.options","version":"9"},"event":{"data":{"created":1572880804905,"project":"2116309287"},"id":"commit.before.check.todo.enabled"}}
{"session":"0df7f5c92066","build":"183.4886.37","bucket":"-1","time":1572880804904,"group":{"id":"internal.statistics.vcs.options","version":"9"},"event":{"data":{"created":1572880804905,"project":"2116309287"},"id":"include.text.into.shelf.enabled"}}
{"session":"0df7f5c92066","build":"183.4886.37","bucket":"-1","time":1572880804904,"group":{"id":"internal.statistics.vcs.options","version":"9"},"event":{"data":{"created":1572880804905,"project":"2116309287"},"id":"commit.before.optimize.imports.disabled"}}
{"session":"0df7f5c92066","build":"183.4886.37","bucket":"-1","time":1572880804904,"group":{"id":"internal.statistics.vcs.options","version":"9"},"event":{"data":{"created":1572880804905,"project":"2116309287"},"id":"commit.before.check.code.cleanup.disabled"}}
{"session":"0df7f5c92066","build":"183.4886.37","bucket":"-1","time":1572880804904,"group":{"id":"internal.statistics.vcs.options","version":"9"},"event":{"data":{"created":1572880804905,"project":"2116309287"},"id":"perform.checkout.in.background.enabled"}}
{"session":"0df7f5c92066","build":"183.4886.37","bucket":"-1","time":1572880804904,"group":{"id":"internal.statistics.vcs.options","version":"9"},"event":{"data":{"created":1572880804905,"project":"2116309287"},"id":"commit.show.unversioned.enabled"}}
{"session":"0df7f5c92066","build":"183.4886.37","bucket":"-1","time":1572880804904,"group":{"id":"internal.statistics.vcs.options","version":"9"},"event":{"data":{"created":1572880804905,"project":"2116309287"},"id":"perform.commit.in.background.enabled"}}
{"session":"0df7f5c92066","build":"183.4886.37","bucket":"-1","time":1572880804904,"group":{"id":"internal.statistics.vcs.options","version":"9"},"event":{"data":{"created":1572880804906,"project":"2116309287"},"id":"perform.edit.in.background.enabled"}}
{"session":"0df7f5c92066","build":"183.4886.37","bucket":"-1","time":1572880804904,"group":{"id":"internal.statistics.vcs.options","version":"9"},"event":{"data":{"created":1572880804906,"project":"2116309287"},"id":"commit.before.rearrange.disabled"}}
{"session":"0df7f5c92066","build":"183.4886.37","bucket":"-1","time":1572880804904,"group":{"id":"internal.statistics.vcs.options","version":"9"},"event":{"data":{"created":1572880804906,"project":"2116309287"},"id":"changelist.preselect.existing.disabled"}}
{"session":"0df7f5c92066","build":"183.4886.37","bucket":"-1","time":1572880804984,"group":{"id":"internal.statistics.platform.registry.project","version":"9"},"event":{"data":{"created":1572880804984,"project":"2116309287"},"id":"java.completion.argument.hints.internal"}}
{"session":"0df7f5c92066","build":"183.4886.37","bucket":"-1","time":1572880804984,"group":{"id":"internal.statistics.platform.registry.project","version":"9"},"event":{"data":{"created":1572880804984,"project":"2116309287"},"id":"inline.browse.button"}}
{"session":"0df7f5c92066","build":"183.4886.37","bucket":"-1","time":1572880982582,"group":{"id":"statistics.lifecycle.app","version":"9"},"event":{"count":1,"data":{"created":1572880982582},"id":"ide.close"}}
{"session":"0df7f5c92066","build":"183.4886.37","bucket":"-1","time":1572880982582,"group":{"id":"lifecycle","version":"9"},"event":{"count":1,"data":{"restart":false,"created":1572880982583},"id":"app.closed"}}
{"session":"0df7f5c92066","build":"183.4886.37","bucket":"-1","time":1572880982619,"group":{"id":"statistics.lifecycle.project","version":"9"},"event":{"count":1,"data":{"created":1572880982619,"project":"2116309287"},"id":"project.closed"}}
{"session":"0df7f5c92066","build":"183.4886.37","bucket":"-1","time":1572880982647,"group":{"id":"lifecycle","version":"9"},"event":{"count":1,"data":{"created":1572880982647},"id":"project.closed"}}
