{"session":"241dd3fbc133","build":"183.4886.37","bucket":"-1","time":1572883647064,"group":{"id":"system.os.name","version":"9"},"event":{"data":{"created":1572883647065},"id":"Mac.OS.X"}}
{"session":"241dd3fbc133","build":"183.4886.37","bucket":"-1","time":1572883647065,"group":{"id":"system.os.version","version":"9"},"event":{"data":{"created":1572883647076},"id":"10.13.6"}}
{"session":"241dd3fbc133","build":"183.4886.37","bucket":"-1","time":1572883647065,"group":{"id":"system.jvm.vendor","version":"9"},"event":{"data":{"created":1572883647083},"id":"JetBrains_s.r.o"}}
{"session":"241dd3fbc133","build":"183.4886.37","bucket":"-1","time":1572883647065,"group":{"id":"system.jvm.version","version":"9"},"event":{"data":{"created":1572883647084},"id":"1.8"}}
{"session":"241dd3fbc133","build":"183.4886.37","bucket":"-1","time":1572883647069,"group":{"id":"settings","version":"9"},"event":{"data":{"created":1572883647084,"name":"activeMruEditorOnClose","value":false},"id":"UISettings"}}
{"session":"241dd3fbc133","build":"183.4886.37","bucket":"-1","time":1572883647069,"group":{"id":"settings","version":"9"},"event":{"data":{"created":1572883647085,"name":"activeRightEditorOnClose","value":false},"id":"UISettings"}}
{"session":"241dd3fbc133","build":"183.4886.37","bucket":"-1","time":1572883647069,"group":{"id":"settings","version":"9"},"event":{"data":{"created":1572883647086,"name":"allowMergeButtons","value":true},"id":"UISettings"}}
{"session":"241dd3fbc133","build":"183.4886.37","bucket":"-1","time":1572883647069,"group":{"id":"settings","version":"9"},"event":{"data":{"created":1572883647086,"name":"alwaysShowWindowsButton","value":false},"id":"UISettings"}}
{"session":"241dd3fbc133","build":"183.4886.37","bucket":"-1","time":1572883647069,"group":{"id":"settings","version":"9"},"event":{"data":{"created":1572883647087,"name":"animateWindows","value":true},"id":"UISettings"}}
{"session":"241dd3fbc133","build":"183.4886.37","bucket":"-1","time":1572883647069,"group":{"id":"settings","version":"9"},"event":{"data":{"created":1572883647087,"name":"closeNonModifiedFilesFirst","value":false},"id":"UISettings"}}
{"session":"241dd3fbc133","build":"183.4886.37","bucket":"-1","time":1572883647069,"group":{"id":"settings","version":"9"},"event":{"data":{"created":1572883647088,"name":"closeTabButtonOnTheRight","value":true},"id":"UISettings"}}
{"session":"241dd3fbc133","build":"183.4886.37","bucket":"-1","time":1572883647069,"group":{"id":"settings","version":"9"},"event":{"data":{"created":1572883647088,"name":"cycleScrolling","value":true},"id":"UISettings"}}
{"session":"241dd3fbc133","build":"183.4886.37","bucket":"-1","time":1572883647069,"group":{"id":"settings","version":"9"},"event":{"data":{"created":1572883647088,"name":"defaultAutoScrollToSource","value":false},"id":"UISettings"}}
{"session":"241dd3fbc133","build":"183.4886.37","bucket":"-1","time":1572883647069,"group":{"id":"settings","version":"9"},"event":{"data":{"created":1572883647089,"name":"disableMnemonics","value":true},"id":"UISettings"}}
{"session":"241dd3fbc133","build":"183.4886.37","bucket":"-1","time":1572883647069,"group":{"id":"settings","version":"9"},"event":{"data":{"created":1572883647089,"name":"disableMnemonicsInControls","value":false},"id":"UISettings"}}
{"session":"241dd3fbc133","build":"183.4886.37","bucket":"-1","time":1572883647069,"group":{"id":"settings","version":"9"},"event":{"data":{"created":1572883647090,"name":"dndWithPressedAltOnly","value":false},"id":"UISettings"}}
{"session":"241dd3fbc133","build":"183.4886.37","bucket":"-1","time":1572883647069,"group":{"id":"settings","version":"9"},"event":{"data":{"created":1572883647090,"name":"enableAlphaMode","value":false},"id":"UISettings"}}
{"session":"241dd3fbc133","build":"183.4886.37","bucket":"-1","time":1572883647069,"group":{"id":"settings","version":"9"},"event":{"data":{"created":1572883647090,"name":"hideKnownExtensionInTabs","value":false},"id":"UISettings"}}
{"session":"241dd3fbc133","build":"183.4886.37","bucket":"-1","time":1572883647069,"group":{"id":"settings","version":"9"},"event":{"data":{"created":1572883647090,"name":"hideNavigationOnFocusLoss","value":true},"id":"UISettings"}}
{"session":"241dd3fbc133","build":"183.4886.37","bucket":"-1","time":1572883647069,"group":{"id":"settings","version":"9"},"event":{"data":{"created":1572883647091,"name":"hideTabsIfNeed","value":true},"id":"UISettings"}}
{"session":"241dd3fbc133","build":"183.4886.37","bucket":"-1","time":1572883647069,"group":{"id":"settings","version":"9"},"event":{"data":{"created":1572883647091,"name":"hideToolStripes","value":false},"id":"UISettings"}}
{"session":"241dd3fbc133","build":"183.4886.37","bucket":"-1","time":1572883647069,"group":{"id":"settings","version":"9"},"event":{"data":{"created":1572883647092,"name":"leftHorizontalSplit","value":false},"id":"UISettings"}}
{"session":"241dd3fbc133","build":"183.4886.37","bucket":"-1","time":1572883647069,"group":{"id":"settings","version":"9"},"event":{"data":{"created":1572883647092,"name":"markModifiedTabsWithAsterisk","value":false},"id":"UISettings"}}
{"session":"241dd3fbc133","build":"183.4886.37","bucket":"-1","time":1572883647069,"group":{"id":"settings","version":"9"},"event":{"data":{"created":1572883647092,"name":"mergeEqualStackTraces","value":true},"id":"UISettings"}}
{"session":"241dd3fbc133","build":"183.4886.37","bucket":"-1","time":1572883647069,"group":{"id":"settings","version":"9"},"event":{"data":{"created":1572883647093,"name":"moveMouseOnDefaultButton","value":false},"id":"UISettings"}}
{"session":"241dd3fbc133","build":"183.4886.37","bucket":"-1","time":1572883647069,"group":{"id":"settings","version":"9"},"event":{"data":{"created":1572883647093,"name":"navigateToPreview","value":false},"id":"UISettings"}}
{"session":"241dd3fbc133","build":"183.4886.37","bucket":"-1","time":1572883647069,"group":{"id":"settings","version":"9"},"event":{"data":{"created":1572883647093,"name":"overrideConsoleCycleBufferSize","value":false},"id":"UISettings"}}
{"session":"241dd3fbc133","build":"183.4886.37","bucket":"-1","time":1572883647069,"group":{"id":"settings","version":"9"},"event":{"data":{"created":1572883647094,"name":"overrideLafFonts","value":false},"id":"UISettings"}}
{"session":"241dd3fbc133","build":"183.4886.37","bucket":"-1","time":1572883647069,"group":{"id":"settings","version":"9"},"event":{"data":{"created":1572883647094,"name":"pinFindInPath","value":false},"id":"UISettings"}}
{"session":"241dd3fbc133","build":"183.4886.37","bucket":"-1","time":1572883647069,"group":{"id":"settings","version":"9"},"event":{"data":{"created":1572883647094,"name":"presentationMode","value":false},"id":"UISettings"}}
{"session":"241dd3fbc133","build":"183.4886.37","bucket":"-1","time":1572883647069,"group":{"id":"settings","version":"9"},"event":{"data":{"created":1572883647095,"name":"reuseNotModifiedTabs","value":false},"id":"UISettings"}}
{"session":"241dd3fbc133","build":"183.4886.37","bucket":"-1","time":1572883647069,"group":{"id":"settings","version":"9"},"event":{"data":{"created":1572883647095,"name":"rightHorizontalSplit","value":false},"id":"UISettings"}}
{"session":"241dd3fbc133","build":"183.4886.37","bucket":"-1","time":1572883647069,"group":{"id":"settings","version":"9"},"event":{"data":{"created":1572883647095,"name":"scrollTabLayoutInEditor","value":true},"id":"UISettings"}}
{"session":"241dd3fbc133","build":"183.4886.37","bucket":"-1","time":1572883647069,"group":{"id":"settings","version":"9"},"event":{"data":{"created":1572883647096,"name":"showCloseButton","value":true},"id":"UISettings"}}
{"session":"241dd3fbc133","build":"183.4886.37","bucket":"-1","time":1572883647069,"group":{"id":"settings","version":"9"},"event":{"data":{"created":1572883647096,"name":"showDirectoryForNonUniqueFilenames","value":true},"id":"UISettings"}}
{"session":"241dd3fbc133","build":"183.4886.37","bucket":"-1","time":1572883647069,"group":{"id":"settings","version":"9"},"event":{"data":{"created":1572883647096,"name":"showEditorToolTip","value":true},"id":"UISettings"}}
{"session":"241dd3fbc133","build":"183.4886.37","bucket":"-1","time":1572883647069,"group":{"id":"settings","version":"9"},"event":{"data":{"created":1572883647097,"name":"showIconInQuickNavigation","value":true},"id":"UISettings"}}
{"session":"241dd3fbc133","build":"183.4886.37","bucket":"-1","time":1572883647069,"group":{"id":"settings","version":"9"},"event":{"data":{"created":1572883647097,"name":"showIconsInMenus","value":true},"id":"UISettings"}}
{"session":"241dd3fbc133","build":"183.4886.37","bucket":"-1","time":1572883647069,"group":{"id":"settings","version":"9"},"event":{"data":{"created":1572883647097,"name":"showMainToolbar","value":false},"id":"UISettings"}}
{"session":"241dd3fbc133","build":"183.4886.37","bucket":"-1","time":1572883647069,"group":{"id":"settings","version":"9"},"event":{"data":{"created":1572883647098,"name":"showMemoryIndicator","value":false},"id":"UISettings"}}
{"session":"241dd3fbc133","build":"183.4886.37","bucket":"-1","time":1572883647069,"group":{"id":"settings","version":"9"},"event":{"data":{"created":1572883647098,"name":"showNavigationBar","value":true},"id":"UISettings"}}
{"session":"241dd3fbc133","build":"183.4886.37","bucket":"-1","time":1572883647069,"group":{"id":"settings","version":"9"},"event":{"data":{"created":1572883647098,"name":"showStatusBar","value":true},"id":"UISettings"}}
{"session":"241dd3fbc133","build":"183.4886.37","bucket":"-1","time":1572883647069,"group":{"id":"settings","version":"9"},"event":{"data":{"created":1572883647099,"name":"showTabsTooltips","value":true},"id":"UISettings"}}
{"session":"241dd3fbc133","build":"183.4886.37","bucket":"-1","time":1572883647069,"group":{"id":"settings","version":"9"},"event":{"data":{"created":1572883647099,"name":"showToolWindowsNumbers","value":true},"id":"UISettings"}}
{"session":"241dd3fbc133","build":"183.4886.37","bucket":"-1","time":1572883647069,"group":{"id":"settings","version":"9"},"event":{"data":{"created":1572883647099,"name":"smoothScrolling","value":true},"id":"UISettings"}}
{"session":"241dd3fbc133","build":"183.4886.37","bucket":"-1","time":1572883647069,"group":{"id":"settings","version":"9"},"event":{"data":{"created":1572883647099,"name":"sortBookmarks","value":false},"id":"UISettings"}}
{"session":"241dd3fbc133","build":"183.4886.37","bucket":"-1","time":1572883647069,"group":{"id":"settings","version":"9"},"event":{"data":{"created":1572883647100,"name":"sortLookupElementsLexicographically","value":false},"id":"UISettings"}}
{"session":"241dd3fbc133","build":"183.4886.37","bucket":"-1","time":1572883647069,"group":{"id":"settings","version":"9"},"event":{"data":{"created":1572883647100,"name":"useSmallLabelsOnTabs","value":true},"id":"UISettings"}}
{"session":"241dd3fbc133","build":"183.4886.37","bucket":"-1","time":1572883647069,"group":{"id":"settings","version":"9"},"event":{"data":{"created":1572883647100,"name":"wideScreenSupport","value":false},"id":"UISettings"}}
{"session":"241dd3fbc133","build":"183.4886.37","bucket":"-1","time":1572883647625,"group":{"id":"settings","version":"9"},"event":{"data":{"created":1572883647625,"name":"autoSaveIfInactive","value":false},"id":"GeneralSettings"}}
{"session":"241dd3fbc133","build":"183.4886.37","bucket":"-1","time":1572883647625,"group":{"id":"settings","version":"9"},"event":{"data":{"created":1572883647625,"name":"confirmExit","value":true},"id":"GeneralSettings"}}
{"session":"241dd3fbc133","build":"183.4886.37","bucket":"-1","time":1572883647625,"group":{"id":"settings","version":"9"},"event":{"data":{"created":1572883647625,"name":"reopenLastProject","value":true},"id":"GeneralSettings"}}
{"session":"241dd3fbc133","build":"183.4886.37","bucket":"-1","time":1572883647625,"group":{"id":"settings","version":"9"},"event":{"data":{"created":1572883647626,"name":"saveOnFrameDeactivation","value":true},"id":"GeneralSettings"}}
{"session":"241dd3fbc133","build":"183.4886.37","bucket":"-1","time":1572883647625,"group":{"id":"settings","version":"9"},"event":{"data":{"created":1572883647626,"name":"searchInBackground","value":false},"id":"GeneralSettings"}}
{"session":"241dd3fbc133","build":"183.4886.37","bucket":"-1","time":1572883647625,"group":{"id":"settings","version":"9"},"event":{"data":{"default":false,"created":1572883647626,"name":"showTipsOnStartup","value":false},"id":"GeneralSettings"}}
{"session":"241dd3fbc133","build":"183.4886.37","bucket":"-1","time":1572883647625,"group":{"id":"settings","version":"9"},"event":{"data":{"created":1572883647627,"name":"showWelcomeScreen","value":true},"id":"GeneralSettings"}}
{"session":"241dd3fbc133","build":"183.4886.37","bucket":"-1","time":1572883647625,"group":{"id":"settings","version":"9"},"event":{"data":{"created":1572883647627,"name":"supportScreenReaders","value":false},"id":"GeneralSettings"}}
{"session":"241dd3fbc133","build":"183.4886.37","bucket":"-1","time":1572883647625,"group":{"id":"settings","version":"9"},"event":{"data":{"created":1572883647627,"name":"syncOnFrameActivation","value":true},"id":"GeneralSettings"}}
{"session":"241dd3fbc133","build":"183.4886.37","bucket":"-1","time":1572883647625,"group":{"id":"settings","version":"9"},"event":{"data":{"created":1572883647627,"name":"useDefaultBrowser","value":true},"id":"GeneralSettings"}}
{"session":"241dd3fbc133","build":"183.4886.37","bucket":"-1","time":1572883647625,"group":{"id":"settings","version":"9"},"event":{"data":{"created":1572883647627,"name":"useSafeWrite","value":true},"id":"GeneralSettings"}}
{"session":"241dd3fbc133","build":"183.4886.37","bucket":"-1","time":1572883649007,"group":{"id":"statistics.lifecycle.app","version":"9"},"event":{"count":1,"data":{"created":1572883649007},"id":"ide.start"}}
{"session":"241dd3fbc133","build":"183.4886.37","bucket":"-1","time":1572883649008,"group":{"id":"lifecycle","version":"9"},"event":{"count":1,"data":{"created":1572883649008},"id":"app.started"}}
{"session":"241dd3fbc133","build":"183.4886.37","bucket":"-1","time":1572883689419,"group":{"id":"actions.v2","version":"9"},"event":{"count":1,"data":{"context_menu":false,"created":1572883689419,"data_1":"Mac"},"id":"WelcomeScreen.CreateNewProject"}}
{"session":"241dd3fbc133","build":"183.4886.37","bucket":"-1","time":1572883689996,"group":{"id":"ui.dialogs","version":"9"},"event":{"count":1,"data":{"created":1572883689996,"type":"show"},"id":"com.intellij.ide.projectWizard.NewProjectWizard"}}
{"session":"241dd3fbc133","build":"183.4886.37","bucket":"-1","time":1572883690753,"group":{"id":"ui.dialogs","version":"9"},"event":{"count":1,"data":{"created":1572883690753,"type":"show"},"id":"com.intellij.openapi.progress.util.ProgressDialog$MyDialogWrapper"}}
{"session":"241dd3fbc133","build":"183.4886.37","bucket":"-1","time":1572883694835,"group":{"id":"ui.dialogs","version":"9"},"event":{"count":1,"data":{"code":1,"created":1572883694835,"type":"close"},"id":"com.intellij.openapi.progress.util.ProgressDialog$MyDialogWrapper"}}
{"session":"241dd3fbc133","build":"183.4886.37","bucket":"-1","time":1572883720030,"group":{"id":"ui.dialogs","version":"9"},"event":{"count":1,"data":{"code":0,"created":1572883720031,"type":"close"},"id":"com.intellij.ide.projectWizard.NewProjectWizard"}}
{"session":"241dd3fbc133","build":"183.4886.37","bucket":"-1","time":1572883721504,"group":{"id":"statistics.lifecycle.project","version":"9"},"event":{"count":1,"data":{"created":1572883721504,"project":"1696538354"},"id":"project.opened"}}
{"session":"241dd3fbc133","build":"183.4886.37","bucket":"-1","time":1572883721505,"group":{"id":"lifecycle","version":"9"},"event":{"count":1,"data":{"created":1572883721505},"id":"project.opened"}}
{"session":"241dd3fbc133","build":"183.4886.37","bucket":"-1","time":1572883722301,"group":{"id":"ui.dialogs","version":"9"},"event":{"count":1,"data":{"created":1572883722302,"type":"show"},"id":"com.intellij.openapi.progress.util.ProgressDialog$MyDialogWrapper"}}
{"session":"241dd3fbc133","build":"183.4886.37","bucket":"-1","time":1572883722563,"group":{"id":"ui.dialogs","version":"9"},"event":{"count":1,"data":{"code":1,"created":1572883722563,"type":"close"},"id":"com.intellij.openapi.progress.util.ProgressDialog$MyDialogWrapper"}}
{"session":"241dd3fbc133","build":"183.4886.37","bucket":"-1","time":1572883723301,"group":{"id":"statistics.lifecycle.project","version":"9"},"event":{"count":1,"data":{"created":1572883723301,"project":"1696538354"},"id":"project.open.time.3"}}
{"session":"241dd3fbc133","build":"183.4886.37","bucket":"-1","time":1572883723301,"group":{"id":"lifecycle","version":"9"},"event":{"count":1,"data":{"created":1572883723301,"time.ms":3239},"id":"project.opening.finished"}}
{"session":"241dd3fbc133","build":"183.4886.37","bucket":"-1","time":1572883724438,"group":{"id":"toolwindow.v2","version":"9"},"event":{"count":1,"data":{"created":1572883724438,"data_1":"Mac"},"id":"Project_by_Activation"}}
{"session":"241dd3fbc133","build":"183.4886.37","bucket":"-1","time":1572883728486,"group":{"id":"statistics.lifecycle.project","version":"9"},"event":{"count":1,"data":{"created":1572883728486,"project":"1696538354"},"id":"project.closed"}}
{"session":"241dd3fbc133","build":"183.4886.37","bucket":"-1","time":1572883728685,"group":{"id":"lifecycle","version":"9"},"event":{"count":1,"data":{"created":1572883728685},"id":"project.closed"}}
{"session":"241dd3fbc133","build":"183.4886.37","bucket":"-1","time":1572883730471,"group":{"id":"statistics.lifecycle.app","version":"9"},"event":{"count":1,"data":{"created":1572883730471},"id":"ide.close"}}
{"session":"241dd3fbc133","build":"183.4886.37","bucket":"-1","time":1572883730471,"group":{"id":"lifecycle","version":"9"},"event":{"count":1,"data":{"restart":false,"created":1572883730471},"id":"app.closed"}}
