{"session":"66c02a073b3e","build":"183.4886.37","bucket":"-1","time":1572883564471,"group":{"id":"system.os.name","version":"9"},"event":{"data":{"created":1572883564471},"id":"Mac.OS.X"}}
{"session":"66c02a073b3e","build":"183.4886.37","bucket":"-1","time":1572883564471,"group":{"id":"system.os.version","version":"9"},"event":{"data":{"created":1572883564483},"id":"10.13.6"}}
{"session":"66c02a073b3e","build":"183.4886.37","bucket":"-1","time":1572883564471,"group":{"id":"system.jvm.vendor","version":"9"},"event":{"data":{"created":1572883564492},"id":"JetBrains_s.r.o"}}
{"session":"66c02a073b3e","build":"183.4886.37","bucket":"-1","time":1572883564471,"group":{"id":"system.jvm.version","version":"9"},"event":{"data":{"created":1572883564493},"id":"1.8"}}
{"session":"66c02a073b3e","build":"183.4886.37","bucket":"-1","time":1572883564475,"group":{"id":"settings","version":"9"},"event":{"data":{"created":1572883564493,"name":"activeMruEditorOnClose","value":false},"id":"UISettings"}}
{"session":"66c02a073b3e","build":"183.4886.37","bucket":"-1","time":1572883564475,"group":{"id":"settings","version":"9"},"event":{"data":{"created":1572883564494,"name":"activeRightEditorOnClose","value":false},"id":"UISettings"}}
{"session":"66c02a073b3e","build":"183.4886.37","bucket":"-1","time":1572883564475,"group":{"id":"settings","version":"9"},"event":{"data":{"created":1572883564494,"name":"allowMergeButtons","value":true},"id":"UISettings"}}
{"session":"66c02a073b3e","build":"183.4886.37","bucket":"-1","time":1572883564475,"group":{"id":"settings","version":"9"},"event":{"data":{"created":1572883564495,"name":"alwaysShowWindowsButton","value":false},"id":"UISettings"}}
{"session":"66c02a073b3e","build":"183.4886.37","bucket":"-1","time":1572883564475,"group":{"id":"settings","version":"9"},"event":{"data":{"created":1572883564495,"name":"animateWindows","value":true},"id":"UISettings"}}
{"session":"66c02a073b3e","build":"183.4886.37","bucket":"-1","time":1572883564475,"group":{"id":"settings","version":"9"},"event":{"data":{"created":1572883564496,"name":"closeNonModifiedFilesFirst","value":false},"id":"UISettings"}}
{"session":"66c02a073b3e","build":"183.4886.37","bucket":"-1","time":1572883564475,"group":{"id":"settings","version":"9"},"event":{"data":{"created":1572883564496,"name":"closeTabButtonOnTheRight","value":true},"id":"UISettings"}}
{"session":"66c02a073b3e","build":"183.4886.37","bucket":"-1","time":1572883564475,"group":{"id":"settings","version":"9"},"event":{"data":{"created":1572883564497,"name":"cycleScrolling","value":true},"id":"UISettings"}}
{"session":"66c02a073b3e","build":"183.4886.37","bucket":"-1","time":1572883564475,"group":{"id":"settings","version":"9"},"event":{"data":{"created":1572883564497,"name":"defaultAutoScrollToSource","value":false},"id":"UISettings"}}
{"session":"66c02a073b3e","build":"183.4886.37","bucket":"-1","time":1572883564475,"group":{"id":"settings","version":"9"},"event":{"data":{"created":1572883564497,"name":"disableMnemonics","value":true},"id":"UISettings"}}
{"session":"66c02a073b3e","build":"183.4886.37","bucket":"-1","time":1572883564475,"group":{"id":"settings","version":"9"},"event":{"data":{"created":1572883564498,"name":"disableMnemonicsInControls","value":false},"id":"UISettings"}}
{"session":"66c02a073b3e","build":"183.4886.37","bucket":"-1","time":1572883564475,"group":{"id":"settings","version":"9"},"event":{"data":{"created":1572883564498,"name":"dndWithPressedAltOnly","value":false},"id":"UISettings"}}
{"session":"66c02a073b3e","build":"183.4886.37","bucket":"-1","time":1572883564475,"group":{"id":"settings","version":"9"},"event":{"data":{"created":1572883564499,"name":"enableAlphaMode","value":false},"id":"UISettings"}}
{"session":"66c02a073b3e","build":"183.4886.37","bucket":"-1","time":1572883564475,"group":{"id":"settings","version":"9"},"event":{"data":{"created":1572883564499,"name":"hideKnownExtensionInTabs","value":false},"id":"UISettings"}}
{"session":"66c02a073b3e","build":"183.4886.37","bucket":"-1","time":1572883564475,"group":{"id":"settings","version":"9"},"event":{"data":{"created":1572883564500,"name":"hideNavigationOnFocusLoss","value":true},"id":"UISettings"}}
{"session":"66c02a073b3e","build":"183.4886.37","bucket":"-1","time":1572883564475,"group":{"id":"settings","version":"9"},"event":{"data":{"created":1572883564500,"name":"hideTabsIfNeed","value":true},"id":"UISettings"}}
{"session":"66c02a073b3e","build":"183.4886.37","bucket":"-1","time":1572883564476,"group":{"id":"settings","version":"9"},"event":{"data":{"created":1572883564501,"name":"hideToolStripes","value":false},"id":"UISettings"}}
{"session":"66c02a073b3e","build":"183.4886.37","bucket":"-1","time":1572883564476,"group":{"id":"settings","version":"9"},"event":{"data":{"created":1572883564501,"name":"leftHorizontalSplit","value":false},"id":"UISettings"}}
{"session":"66c02a073b3e","build":"183.4886.37","bucket":"-1","time":1572883564476,"group":{"id":"settings","version":"9"},"event":{"data":{"created":1572883564501,"name":"markModifiedTabsWithAsterisk","value":false},"id":"UISettings"}}
{"session":"66c02a073b3e","build":"183.4886.37","bucket":"-1","time":1572883564476,"group":{"id":"settings","version":"9"},"event":{"data":{"created":1572883564502,"name":"mergeEqualStackTraces","value":true},"id":"UISettings"}}
{"session":"66c02a073b3e","build":"183.4886.37","bucket":"-1","time":1572883564476,"group":{"id":"settings","version":"9"},"event":{"data":{"created":1572883564502,"name":"moveMouseOnDefaultButton","value":false},"id":"UISettings"}}
{"session":"66c02a073b3e","build":"183.4886.37","bucket":"-1","time":1572883564476,"group":{"id":"settings","version":"9"},"event":{"data":{"created":1572883564502,"name":"navigateToPreview","value":false},"id":"UISettings"}}
{"session":"66c02a073b3e","build":"183.4886.37","bucket":"-1","time":1572883564476,"group":{"id":"settings","version":"9"},"event":{"data":{"created":1572883564503,"name":"overrideConsoleCycleBufferSize","value":false},"id":"UISettings"}}
{"session":"66c02a073b3e","build":"183.4886.37","bucket":"-1","time":1572883564476,"group":{"id":"settings","version":"9"},"event":{"data":{"created":1572883564503,"name":"overrideLafFonts","value":false},"id":"UISettings"}}
{"session":"66c02a073b3e","build":"183.4886.37","bucket":"-1","time":1572883564476,"group":{"id":"settings","version":"9"},"event":{"data":{"created":1572883564504,"name":"pinFindInPath","value":false},"id":"UISettings"}}
{"session":"66c02a073b3e","build":"183.4886.37","bucket":"-1","time":1572883564476,"group":{"id":"settings","version":"9"},"event":{"data":{"created":1572883564504,"name":"presentationMode","value":false},"id":"UISettings"}}
{"session":"66c02a073b3e","build":"183.4886.37","bucket":"-1","time":1572883564476,"group":{"id":"settings","version":"9"},"event":{"data":{"created":1572883564504,"name":"reuseNotModifiedTabs","value":false},"id":"UISettings"}}
{"session":"66c02a073b3e","build":"183.4886.37","bucket":"-1","time":1572883564476,"group":{"id":"settings","version":"9"},"event":{"data":{"created":1572883564504,"name":"rightHorizontalSplit","value":false},"id":"UISettings"}}
{"session":"66c02a073b3e","build":"183.4886.37","bucket":"-1","time":1572883564476,"group":{"id":"settings","version":"9"},"event":{"data":{"created":1572883564505,"name":"scrollTabLayoutInEditor","value":true},"id":"UISettings"}}
{"session":"66c02a073b3e","build":"183.4886.37","bucket":"-1","time":1572883564476,"group":{"id":"settings","version":"9"},"event":{"data":{"created":1572883564505,"name":"showCloseButton","value":true},"id":"UISettings"}}
{"session":"66c02a073b3e","build":"183.4886.37","bucket":"-1","time":1572883564476,"group":{"id":"settings","version":"9"},"event":{"data":{"created":1572883564506,"name":"showDirectoryForNonUniqueFilenames","value":true},"id":"UISettings"}}
{"session":"66c02a073b3e","build":"183.4886.37","bucket":"-1","time":1572883564476,"group":{"id":"settings","version":"9"},"event":{"data":{"created":1572883564506,"name":"showEditorToolTip","value":true},"id":"UISettings"}}
{"session":"66c02a073b3e","build":"183.4886.37","bucket":"-1","time":1572883564476,"group":{"id":"settings","version":"9"},"event":{"data":{"created":1572883564506,"name":"showIconInQuickNavigation","value":true},"id":"UISettings"}}
{"session":"66c02a073b3e","build":"183.4886.37","bucket":"-1","time":1572883564476,"group":{"id":"settings","version":"9"},"event":{"data":{"created":1572883564507,"name":"showIconsInMenus","value":true},"id":"UISettings"}}
{"session":"66c02a073b3e","build":"183.4886.37","bucket":"-1","time":1572883564476,"group":{"id":"settings","version":"9"},"event":{"data":{"created":1572883564507,"name":"showMainToolbar","value":false},"id":"UISettings"}}
{"session":"66c02a073b3e","build":"183.4886.37","bucket":"-1","time":1572883564476,"group":{"id":"settings","version":"9"},"event":{"data":{"created":1572883564508,"name":"showMemoryIndicator","value":false},"id":"UISettings"}}
{"session":"66c02a073b3e","build":"183.4886.37","bucket":"-1","time":1572883564476,"group":{"id":"settings","version":"9"},"event":{"data":{"created":1572883564508,"name":"showNavigationBar","value":true},"id":"UISettings"}}
{"session":"66c02a073b3e","build":"183.4886.37","bucket":"-1","time":1572883564476,"group":{"id":"settings","version":"9"},"event":{"data":{"created":1572883564508,"name":"showStatusBar","value":true},"id":"UISettings"}}
{"session":"66c02a073b3e","build":"183.4886.37","bucket":"-1","time":1572883564476,"group":{"id":"settings","version":"9"},"event":{"data":{"created":1572883564509,"name":"showTabsTooltips","value":true},"id":"UISettings"}}
{"session":"66c02a073b3e","build":"183.4886.37","bucket":"-1","time":1572883564476,"group":{"id":"settings","version":"9"},"event":{"data":{"created":1572883564509,"name":"showToolWindowsNumbers","value":true},"id":"UISettings"}}
{"session":"66c02a073b3e","build":"183.4886.37","bucket":"-1","time":1572883564476,"group":{"id":"settings","version":"9"},"event":{"data":{"created":1572883564509,"name":"smoothScrolling","value":true},"id":"UISettings"}}
{"session":"66c02a073b3e","build":"183.4886.37","bucket":"-1","time":1572883564476,"group":{"id":"settings","version":"9"},"event":{"data":{"created":1572883564510,"name":"sortBookmarks","value":false},"id":"UISettings"}}
{"session":"66c02a073b3e","build":"183.4886.37","bucket":"-1","time":1572883564476,"group":{"id":"settings","version":"9"},"event":{"data":{"created":1572883564510,"name":"sortLookupElementsLexicographically","value":false},"id":"UISettings"}}
{"session":"66c02a073b3e","build":"183.4886.37","bucket":"-1","time":1572883564476,"group":{"id":"settings","version":"9"},"event":{"data":{"created":1572883564510,"name":"useSmallLabelsOnTabs","value":true},"id":"UISettings"}}
{"session":"66c02a073b3e","build":"183.4886.37","bucket":"-1","time":1572883564476,"group":{"id":"settings","version":"9"},"event":{"data":{"created":1572883564510,"name":"wideScreenSupport","value":false},"id":"UISettings"}}
{"session":"66c02a073b3e","build":"183.4886.37","bucket":"-1","time":1572883565030,"group":{"id":"settings","version":"9"},"event":{"data":{"created":1572883565031,"name":"autoSaveIfInactive","value":false},"id":"GeneralSettings"}}
{"session":"66c02a073b3e","build":"183.4886.37","bucket":"-1","time":1572883565031,"group":{"id":"settings","version":"9"},"event":{"data":{"created":1572883565031,"name":"confirmExit","value":true},"id":"GeneralSettings"}}
{"session":"66c02a073b3e","build":"183.4886.37","bucket":"-1","time":1572883565031,"group":{"id":"settings","version":"9"},"event":{"data":{"created":1572883565031,"name":"reopenLastProject","value":true},"id":"GeneralSettings"}}
{"session":"66c02a073b3e","build":"183.4886.37","bucket":"-1","time":1572883565031,"group":{"id":"settings","version":"9"},"event":{"data":{"created":1572883565032,"name":"saveOnFrameDeactivation","value":true},"id":"GeneralSettings"}}
{"session":"66c02a073b3e","build":"183.4886.37","bucket":"-1","time":1572883565031,"group":{"id":"settings","version":"9"},"event":{"data":{"created":1572883565051,"name":"searchInBackground","value":false},"id":"GeneralSettings"}}
{"session":"66c02a073b3e","build":"183.4886.37","bucket":"-1","time":1572883565031,"group":{"id":"settings","version":"9"},"event":{"data":{"default":false,"created":1572883565051,"name":"showTipsOnStartup","value":false},"id":"GeneralSettings"}}
{"session":"66c02a073b3e","build":"183.4886.37","bucket":"-1","time":1572883565031,"group":{"id":"settings","version":"9"},"event":{"data":{"created":1572883565052,"name":"showWelcomeScreen","value":true},"id":"GeneralSettings"}}
{"session":"66c02a073b3e","build":"183.4886.37","bucket":"-1","time":1572883565031,"group":{"id":"settings","version":"9"},"event":{"data":{"created":1572883565054,"name":"supportScreenReaders","value":false},"id":"GeneralSettings"}}
{"session":"66c02a073b3e","build":"183.4886.37","bucket":"-1","time":1572883565031,"group":{"id":"settings","version":"9"},"event":{"data":{"created":1572883565055,"name":"syncOnFrameActivation","value":true},"id":"GeneralSettings"}}
{"session":"66c02a073b3e","build":"183.4886.37","bucket":"-1","time":1572883565031,"group":{"id":"settings","version":"9"},"event":{"data":{"created":1572883565055,"name":"useDefaultBrowser","value":true},"id":"GeneralSettings"}}
{"session":"66c02a073b3e","build":"183.4886.37","bucket":"-1","time":1572883565031,"group":{"id":"settings","version":"9"},"event":{"data":{"created":1572883565056,"name":"useSafeWrite","value":true},"id":"GeneralSettings"}}
{"session":"66c02a073b3e","build":"183.4886.37","bucket":"-1","time":1572883566540,"group":{"id":"statistics.lifecycle.app","version":"9"},"event":{"count":1,"data":{"created":1572883566540},"id":"ide.start"}}
{"session":"66c02a073b3e","build":"183.4886.37","bucket":"-1","time":1572883566541,"group":{"id":"lifecycle","version":"9"},"event":{"count":1,"data":{"created":1572883566541},"id":"app.started"}}
{"session":"66c02a073b3e","build":"183.4886.37","bucket":"-1","time":1572883635134,"group":{"id":"statistics.lifecycle.app","version":"9"},"event":{"count":1,"data":{"created":1572883635134},"id":"ide.close"}}
{"session":"66c02a073b3e","build":"183.4886.37","bucket":"-1","time":1572883635134,"group":{"id":"lifecycle","version":"9"},"event":{"count":1,"data":{"restart":false,"created":1572883635134},"id":"app.closed"}}
