{"session":"c06ef67b3fa6","build":"183.4886.37","bucket":"-1","time":1573640901000,"group":{"id":"system.os.name","version":"9"},"event":{"data":{"created":1573640901000},"id":"Mac.OS.X"}}
{"session":"c06ef67b3fa6","build":"183.4886.37","bucket":"-1","time":1573640901000,"group":{"id":"system.os.version","version":"9"},"event":{"data":{"created":1573640901017},"id":"10.13.6"}}
{"session":"c06ef67b3fa6","build":"183.4886.37","bucket":"-1","time":1573640901000,"group":{"id":"system.jvm.vendor","version":"9"},"event":{"data":{"created":1573640901026},"id":"JetBrains_s.r.o"}}
{"session":"c06ef67b3fa6","build":"183.4886.37","bucket":"-1","time":1573640901000,"group":{"id":"system.jvm.version","version":"9"},"event":{"data":{"created":1573640901027},"id":"1.8"}}
{"session":"c06ef67b3fa6","build":"183.4886.37","bucket":"-1","time":1573640901004,"group":{"id":"settings","version":"9"},"event":{"data":{"created":1573640901027,"name":"activeMruEditorOnClose","value":false},"id":"UISettings"}}
{"session":"c06ef67b3fa6","build":"183.4886.37","bucket":"-1","time":1573640901004,"group":{"id":"settings","version":"9"},"event":{"data":{"created":1573640901027,"name":"activeRightEditorOnClose","value":false},"id":"UISettings"}}
{"session":"c06ef67b3fa6","build":"183.4886.37","bucket":"-1","time":1573640901004,"group":{"id":"settings","version":"9"},"event":{"data":{"created":1573640901028,"name":"allowMergeButtons","value":true},"id":"UISettings"}}
{"session":"c06ef67b3fa6","build":"183.4886.37","bucket":"-1","time":1573640901004,"group":{"id":"settings","version":"9"},"event":{"data":{"created":1573640901028,"name":"alwaysShowWindowsButton","value":false},"id":"UISettings"}}
{"session":"c06ef67b3fa6","build":"183.4886.37","bucket":"-1","time":1573640901004,"group":{"id":"settings","version":"9"},"event":{"data":{"created":1573640901029,"name":"animateWindows","value":true},"id":"UISettings"}}
{"session":"c06ef67b3fa6","build":"183.4886.37","bucket":"-1","time":1573640901004,"group":{"id":"settings","version":"9"},"event":{"data":{"created":1573640901029,"name":"closeNonModifiedFilesFirst","value":false},"id":"UISettings"}}
{"session":"c06ef67b3fa6","build":"183.4886.37","bucket":"-1","time":1573640901004,"group":{"id":"settings","version":"9"},"event":{"data":{"created":1573640901030,"name":"closeTabButtonOnTheRight","value":true},"id":"UISettings"}}
{"session":"c06ef67b3fa6","build":"183.4886.37","bucket":"-1","time":1573640901004,"group":{"id":"settings","version":"9"},"event":{"data":{"created":1573640901030,"name":"cycleScrolling","value":true},"id":"UISettings"}}
{"session":"c06ef67b3fa6","build":"183.4886.37","bucket":"-1","time":1573640901004,"group":{"id":"settings","version":"9"},"event":{"data":{"created":1573640901031,"name":"defaultAutoScrollToSource","value":false},"id":"UISettings"}}
{"session":"c06ef67b3fa6","build":"183.4886.37","bucket":"-1","time":1573640901004,"group":{"id":"settings","version":"9"},"event":{"data":{"created":1573640901031,"name":"disableMnemonics","value":true},"id":"UISettings"}}
{"session":"c06ef67b3fa6","build":"183.4886.37","bucket":"-1","time":1573640901004,"group":{"id":"settings","version":"9"},"event":{"data":{"created":1573640901032,"name":"disableMnemonicsInControls","value":false},"id":"UISettings"}}
{"session":"c06ef67b3fa6","build":"183.4886.37","bucket":"-1","time":1573640901004,"group":{"id":"settings","version":"9"},"event":{"data":{"created":1573640901032,"name":"dndWithPressedAltOnly","value":false},"id":"UISettings"}}
{"session":"c06ef67b3fa6","build":"183.4886.37","bucket":"-1","time":1573640901004,"group":{"id":"settings","version":"9"},"event":{"data":{"created":1573640901032,"name":"enableAlphaMode","value":false},"id":"UISettings"}}
{"session":"c06ef67b3fa6","build":"183.4886.37","bucket":"-1","time":1573640901004,"group":{"id":"settings","version":"9"},"event":{"data":{"created":1573640901033,"name":"hideKnownExtensionInTabs","value":false},"id":"UISettings"}}
{"session":"c06ef67b3fa6","build":"183.4886.37","bucket":"-1","time":1573640901004,"group":{"id":"settings","version":"9"},"event":{"data":{"created":1573640901033,"name":"hideNavigationOnFocusLoss","value":true},"id":"UISettings"}}
{"session":"c06ef67b3fa6","build":"183.4886.37","bucket":"-1","time":1573640901004,"group":{"id":"settings","version":"9"},"event":{"data":{"created":1573640901034,"name":"hideTabsIfNeed","value":true},"id":"UISettings"}}
{"session":"c06ef67b3fa6","build":"183.4886.37","bucket":"-1","time":1573640901004,"group":{"id":"settings","version":"9"},"event":{"data":{"created":1573640901034,"name":"hideToolStripes","value":false},"id":"UISettings"}}
{"session":"c06ef67b3fa6","build":"183.4886.37","bucket":"-1","time":1573640901004,"group":{"id":"settings","version":"9"},"event":{"data":{"created":1573640901035,"name":"leftHorizontalSplit","value":false},"id":"UISettings"}}
{"session":"c06ef67b3fa6","build":"183.4886.37","bucket":"-1","time":1573640901004,"group":{"id":"settings","version":"9"},"event":{"data":{"created":1573640901035,"name":"markModifiedTabsWithAsterisk","value":false},"id":"UISettings"}}
{"session":"c06ef67b3fa6","build":"183.4886.37","bucket":"-1","time":1573640901004,"group":{"id":"settings","version":"9"},"event":{"data":{"created":1573640901036,"name":"mergeEqualStackTraces","value":true},"id":"UISettings"}}
{"session":"c06ef67b3fa6","build":"183.4886.37","bucket":"-1","time":1573640901004,"group":{"id":"settings","version":"9"},"event":{"data":{"created":1573640901036,"name":"moveMouseOnDefaultButton","value":false},"id":"UISettings"}}
{"session":"c06ef67b3fa6","build":"183.4886.37","bucket":"-1","time":1573640901004,"group":{"id":"settings","version":"9"},"event":{"data":{"created":1573640901036,"name":"navigateToPreview","value":false},"id":"UISettings"}}
{"session":"c06ef67b3fa6","build":"183.4886.37","bucket":"-1","time":1573640901004,"group":{"id":"settings","version":"9"},"event":{"data":{"created":1573640901037,"name":"overrideConsoleCycleBufferSize","value":false},"id":"UISettings"}}
{"session":"c06ef67b3fa6","build":"183.4886.37","bucket":"-1","time":1573640901004,"group":{"id":"settings","version":"9"},"event":{"data":{"created":1573640901037,"name":"overrideLafFonts","value":false},"id":"UISettings"}}
{"session":"c06ef67b3fa6","build":"183.4886.37","bucket":"-1","time":1573640901004,"group":{"id":"settings","version":"9"},"event":{"data":{"created":1573640901037,"name":"pinFindInPath","value":false},"id":"UISettings"}}
{"session":"c06ef67b3fa6","build":"183.4886.37","bucket":"-1","time":1573640901004,"group":{"id":"settings","version":"9"},"event":{"data":{"created":1573640901037,"name":"presentationMode","value":false},"id":"UISettings"}}
{"session":"c06ef67b3fa6","build":"183.4886.37","bucket":"-1","time":1573640901004,"group":{"id":"settings","version":"9"},"event":{"data":{"created":1573640901038,"name":"reuseNotModifiedTabs","value":false},"id":"UISettings"}}
{"session":"c06ef67b3fa6","build":"183.4886.37","bucket":"-1","time":1573640901004,"group":{"id":"settings","version":"9"},"event":{"data":{"created":1573640901038,"name":"rightHorizontalSplit","value":false},"id":"UISettings"}}
{"session":"c06ef67b3fa6","build":"183.4886.37","bucket":"-1","time":1573640901004,"group":{"id":"settings","version":"9"},"event":{"data":{"created":1573640901038,"name":"scrollTabLayoutInEditor","value":true},"id":"UISettings"}}
{"session":"c06ef67b3fa6","build":"183.4886.37","bucket":"-1","time":1573640901004,"group":{"id":"settings","version":"9"},"event":{"data":{"created":1573640901039,"name":"showCloseButton","value":true},"id":"UISettings"}}
{"session":"c06ef67b3fa6","build":"183.4886.37","bucket":"-1","time":1573640901004,"group":{"id":"settings","version":"9"},"event":{"data":{"created":1573640901039,"name":"showDirectoryForNonUniqueFilenames","value":true},"id":"UISettings"}}
{"session":"c06ef67b3fa6","build":"183.4886.37","bucket":"-1","time":1573640901004,"group":{"id":"settings","version":"9"},"event":{"data":{"created":1573640901039,"name":"showEditorToolTip","value":true},"id":"UISettings"}}
{"session":"c06ef67b3fa6","build":"183.4886.37","bucket":"-1","time":1573640901004,"group":{"id":"settings","version":"9"},"event":{"data":{"created":1573640901040,"name":"showIconInQuickNavigation","value":true},"id":"UISettings"}}
{"session":"c06ef67b3fa6","build":"183.4886.37","bucket":"-1","time":1573640901004,"group":{"id":"settings","version":"9"},"event":{"data":{"created":1573640901040,"name":"showIconsInMenus","value":true},"id":"UISettings"}}
{"session":"c06ef67b3fa6","build":"183.4886.37","bucket":"-1","time":1573640901004,"group":{"id":"settings","version":"9"},"event":{"data":{"created":1573640901040,"name":"showMainToolbar","value":false},"id":"UISettings"}}
{"session":"c06ef67b3fa6","build":"183.4886.37","bucket":"-1","time":1573640901004,"group":{"id":"settings","version":"9"},"event":{"data":{"created":1573640901041,"name":"showMemoryIndicator","value":false},"id":"UISettings"}}
{"session":"c06ef67b3fa6","build":"183.4886.37","bucket":"-1","time":1573640901004,"group":{"id":"settings","version":"9"},"event":{"data":{"created":1573640901041,"name":"showNavigationBar","value":true},"id":"UISettings"}}
{"session":"c06ef67b3fa6","build":"183.4886.37","bucket":"-1","time":1573640901004,"group":{"id":"settings","version":"9"},"event":{"data":{"created":1573640901041,"name":"showStatusBar","value":true},"id":"UISettings"}}
{"session":"c06ef67b3fa6","build":"183.4886.37","bucket":"-1","time":1573640901004,"group":{"id":"settings","version":"9"},"event":{"data":{"created":1573640901041,"name":"showTabsTooltips","value":true},"id":"UISettings"}}
{"session":"c06ef67b3fa6","build":"183.4886.37","bucket":"-1","time":1573640901004,"group":{"id":"settings","version":"9"},"event":{"data":{"created":1573640901042,"name":"showToolWindowsNumbers","value":true},"id":"UISettings"}}
{"session":"c06ef67b3fa6","build":"183.4886.37","bucket":"-1","time":1573640901004,"group":{"id":"settings","version":"9"},"event":{"data":{"created":1573640901042,"name":"smoothScrolling","value":true},"id":"UISettings"}}
{"session":"c06ef67b3fa6","build":"183.4886.37","bucket":"-1","time":1573640901004,"group":{"id":"settings","version":"9"},"event":{"data":{"created":1573640901042,"name":"sortBookmarks","value":false},"id":"UISettings"}}
{"session":"c06ef67b3fa6","build":"183.4886.37","bucket":"-1","time":1573640901004,"group":{"id":"settings","version":"9"},"event":{"data":{"created":1573640901042,"name":"sortLookupElementsLexicographically","value":false},"id":"UISettings"}}
{"session":"c06ef67b3fa6","build":"183.4886.37","bucket":"-1","time":1573640901004,"group":{"id":"settings","version":"9"},"event":{"data":{"created":1573640901043,"name":"useSmallLabelsOnTabs","value":true},"id":"UISettings"}}
{"session":"c06ef67b3fa6","build":"183.4886.37","bucket":"-1","time":1573640901004,"group":{"id":"settings","version":"9"},"event":{"data":{"created":1573640901043,"name":"wideScreenSupport","value":false},"id":"UISettings"}}
{"session":"c06ef67b3fa6","build":"183.4886.37","bucket":"-1","time":1573640901774,"group":{"id":"settings","version":"9"},"event":{"data":{"created":1573640901774,"name":"autoSaveIfInactive","value":false},"id":"GeneralSettings"}}
{"session":"c06ef67b3fa6","build":"183.4886.37","bucket":"-1","time":1573640901774,"group":{"id":"settings","version":"9"},"event":{"data":{"created":1573640901774,"name":"confirmExit","value":true},"id":"GeneralSettings"}}
{"session":"c06ef67b3fa6","build":"183.4886.37","bucket":"-1","time":1573640901774,"group":{"id":"settings","version":"9"},"event":{"data":{"created":1573640901774,"name":"reopenLastProject","value":true},"id":"GeneralSettings"}}
{"session":"c06ef67b3fa6","build":"183.4886.37","bucket":"-1","time":1573640901774,"group":{"id":"settings","version":"9"},"event":{"data":{"created":1573640901774,"name":"saveOnFrameDeactivation","value":true},"id":"GeneralSettings"}}
{"session":"c06ef67b3fa6","build":"183.4886.37","bucket":"-1","time":1573640901774,"group":{"id":"settings","version":"9"},"event":{"data":{"created":1573640901775,"name":"searchInBackground","value":false},"id":"GeneralSettings"}}
{"session":"c06ef67b3fa6","build":"183.4886.37","bucket":"-1","time":1573640901774,"group":{"id":"settings","version":"9"},"event":{"data":{"default":false,"created":1573640901775,"name":"showTipsOnStartup","value":false},"id":"GeneralSettings"}}
{"session":"c06ef67b3fa6","build":"183.4886.37","bucket":"-1","time":1573640901774,"group":{"id":"settings","version":"9"},"event":{"data":{"created":1573640901775,"name":"showWelcomeScreen","value":true},"id":"GeneralSettings"}}
{"session":"c06ef67b3fa6","build":"183.4886.37","bucket":"-1","time":1573640901774,"group":{"id":"settings","version":"9"},"event":{"data":{"created":1573640901775,"name":"supportScreenReaders","value":false},"id":"GeneralSettings"}}
{"session":"c06ef67b3fa6","build":"183.4886.37","bucket":"-1","time":1573640901774,"group":{"id":"settings","version":"9"},"event":{"data":{"created":1573640901775,"name":"syncOnFrameActivation","value":true},"id":"GeneralSettings"}}
{"session":"c06ef67b3fa6","build":"183.4886.37","bucket":"-1","time":1573640901774,"group":{"id":"settings","version":"9"},"event":{"data":{"created":1573640901776,"name":"useDefaultBrowser","value":true},"id":"GeneralSettings"}}
{"session":"c06ef67b3fa6","build":"183.4886.37","bucket":"-1","time":1573640901774,"group":{"id":"settings","version":"9"},"event":{"data":{"created":1573640901776,"name":"useSafeWrite","value":true},"id":"GeneralSettings"}}
{"session":"c06ef67b3fa6","build":"183.4886.37","bucket":"-1","time":1573640903728,"group":{"id":"ui.dialogs","version":"9"},"event":{"count":1,"data":{"created":1573640903728,"type":"show"},"id":"com.intellij.openapi.progress.util.ProgressDialog$MyDialogWrapper"}}
{"session":"c06ef67b3fa6","build":"183.4886.37","bucket":"-1","time":1573640905170,"group":{"id":"ui.dialogs","version":"9"},"event":{"count":1,"data":{"code":1,"created":1573640905171,"type":"close"},"id":"com.intellij.openapi.progress.util.ProgressDialog$MyDialogWrapper"}}
{"session":"c06ef67b3fa6","build":"183.4886.37","bucket":"-1","time":1573640905208,"group":{"id":"statistics.lifecycle.project","version":"9"},"event":{"count":1,"data":{"created":1573640905208,"project":"-82021856"},"id":"project.opened"}}
{"session":"c06ef67b3fa6","build":"183.4886.37","bucket":"-1","time":1573640905209,"group":{"id":"lifecycle","version":"9"},"event":{"count":1,"data":{"created":1573640905209},"id":"project.opened"}}
{"session":"c06ef67b3fa6","build":"183.4886.37","bucket":"-1","time":1573640905962,"group":{"id":"ui.dialogs","version":"9"},"event":{"count":1,"data":{"created":1573640905962,"type":"show"},"id":"com.intellij.openapi.progress.util.ProgressDialog$MyDialogWrapper"}}
{"session":"c06ef67b3fa6","build":"183.4886.37","bucket":"-1","time":1573640906100,"group":{"id":"toolwindow.v2","version":"9"},"event":{"count":1,"data":{"created":1573640906100,"data_1":"Mac"},"id":"Project_by_Activation"}}
{"session":"c06ef67b3fa6","build":"183.4886.37","bucket":"-1","time":1573640906398,"group":{"id":"statistics.lifecycle.app","version":"9"},"event":{"count":1,"data":{"created":1573640906398},"id":"ide.start"}}
{"session":"c06ef67b3fa6","build":"183.4886.37","bucket":"-1","time":1573640906398,"group":{"id":"lifecycle","version":"9"},"event":{"count":1,"data":{"created":1573640906398},"id":"app.started"}}
{"session":"c06ef67b3fa6","build":"183.4886.37","bucket":"-1","time":1573640907206,"group":{"id":"ui.dialogs","version":"9"},"event":{"count":1,"data":{"code":1,"created":1573640907206,"type":"close"},"id":"com.intellij.openapi.progress.util.ProgressDialog$MyDialogWrapper"}}
{"session":"c06ef67b3fa6","build":"183.4886.37","bucket":"-1","time":1573640907392,"group":{"id":"statistics.lifecycle.project","version":"9"},"event":{"count":1,"data":{"created":1573640907392,"project":"-82021856"},"id":"project.open.time.4"}}
{"session":"c06ef67b3fa6","build":"183.4886.37","bucket":"-1","time":1573640907392,"group":{"id":"lifecycle","version":"9"},"event":{"count":1,"data":{"created":1573640907392,"time.ms":4086},"id":"project.opening.finished"}}
{"session":"c06ef67b3fa6","build":"183.4886.37","bucket":"-1","time":1573640919262,"group":{"id":"statistics.lifecycle.project","version":"9"},"event":{"count":1,"data":{"created":1573640919262,"project":"-82021856"},"id":"project.closed"}}
{"session":"c06ef67b3fa6","build":"183.4886.37","bucket":"-1","time":1573640919544,"group":{"id":"lifecycle","version":"9"},"event":{"count":1,"data":{"created":1573640919544},"id":"project.closed"}}
{"session":"c06ef67b3fa6","build":"183.4886.37","bucket":"-1","time":1573640928294,"group":{"id":"statistics.lifecycle.app","version":"9"},"event":{"count":1,"data":{"created":1573640928295},"id":"ide.close"}}
{"session":"c06ef67b3fa6","build":"183.4886.37","bucket":"-1","time":1573640928295,"group":{"id":"lifecycle","version":"9"},"event":{"count":1,"data":{"restart":false,"created":1573640928295},"id":"app.closed"}}
